<?xml version="1.0" encoding="utf-8"?><testsuites name="pytest tests"><testsuite name="pytest" errors="0" failures="3" skipped="0" tests="46" time="602.586" timestamp="2026-03-05T21:38:04.917571+00:00" hostname="agent-env-10f8d612-2ca2-4855-ad6f-e9e7e32539bd"><testcase classname="test_01_auth.TestAuthentication" name="test_login_as_user[chromium]" time="6.801" /><testcase classname="test_01_auth.TestAuthentication" name="test_login_as_coach[chromium]" time="5.770" /><testcase classname="test_01_auth.TestAuthentication" name="test_login_wrong_password[chromium]" time="6.184" /><testcase classname="test_01_auth.TestAuthentication" name="test_login_empty_fields[chromium]" time="4.640" /><testcase classname="test_01_auth.TestAuthentication" name="test_navigate_to_register[chromium]" time="5.046" /><testcase classname="test_01_auth.TestAuthentication" name="test_register_page_has_required_fields[chromium]" time="3.084" /><testcase classname="test_01_auth.TestAuthentication" name="test_logout[chromium]" time="6.612" /><testcase classname="test_02_home.TestHomeDiscovery" name="test_home_screen_loads_after_login[chromium]" time="6.983" /><testcase classname="test_02_home.TestHomeDiscovery" name="test_spotyous_displayed_on_home[chromium]" time="37.469" /><testcase classname="test_02_home.TestHomeDiscovery" name="test_search_button_navigates_to_search[chromium]" time="6.090" /><testcase classname="test_02_home.TestHomeDiscovery" name="test_click_hero_card_navigates_to_detail[chromium]" time="11.280" /><testcase classname="test_02_home.TestHomeDiscovery" name="test_click_recent_row_navigates_to_detail[chromium]" time="10.680" /><testcase classname="test_03_spotyou.TestSpotYouCRUD" name="test_create_spotyou_minimal[chromium]" time="14.053" /><testcase classname="test_03_spotyou.TestSpotYouCRUD" name="test_create_spotyou_with_title_and_description[chromium]" time="44.564" /><testcase classname="test_03_spotyou.TestSpotYouCRUD" name="test_spotyou_detail_shows_rsvp_for_user[chromium]" time="11.455" /><testcase classname="test_03_spotyou.TestSpotYouCRUD" name="test_spotyou_detail_owner_sees_edit_buttons[chromium]" time="10.167" /><testcase classname="test_03_spotyou.TestSpotYouCRUD" name="test_user_can_vote_on_spotyou[chromium]" time="12.884" /><testcase classname="test_03_spotyou.TestSpotYouCRUD" name="test_user_can_save_spotyou[chromium]" time="12.357" /><testcase classname="test_03_spotyou.TestSpotYouCRUD" name="test_spotyou_shows_distance[chromium]" time="10.758" /><testcase classname="test_04_search.TestSearch" name="test_search_page_loads[chromium]" time="6.114" /><testcase classname="test_04_search.TestSearch" name="test_search_shows_results[chromium]" time="6.889" /><testcase classname="test_04_search.TestSearch" name="test_search_tag_button_opens_tag_modal[chromium]" time="8.497" /><testcase classname="test_04_search.TestSearch" name="test_search_result_clickable[chromium]" time="8.993" /><testcase classname="test_05_chat.TestChat" name="test_chat_tab_loads[chromium]" time="38.392" /><testcase classname="test_05_chat.TestChat" name="test_chat_shows_conversations_list[chromium]" time="9.530" /><testcase classname="test_05_chat.TestChat" name="test_open_conversation_and_send_message[chromium]" time="14.660"><failure message="playwright._impl._errors.Error: Locator.is_visible: Error: strict mode violation: locator(&quot;text=Message test E2E Playwright&quot;) resolved to 3 elements:&#10;    1) &lt;div dir=&quot;auto&quot; class=&quot;css-text-146c3p1 r-maxWidth-dnmrzs r-overflow-1udh08x r-textOverflow-1udbk01 r-whiteSpace-3s2u2q r-wordWrap-1iln25a r-color-1osfarx r-flex-13awgt0 r-fontSize-n6v787&quot;&gt;Vous : Message test E2E Playwright&lt;/div&gt; aka get_by_text(&quot;Vous : Message test E2E&quot;)&#10;    2) &lt;div dir=&quot;auto&quot; class=&quot;css-text-146c3p1 r-fontSize-1b43r93 r-lineHeight-rjixqe r-color-cqee49&quot;&gt;Message test E2E Playwright&lt;/div&gt; aka get_by_text(&quot;Message test E2E Playwright&quot;).nth(1)&#10;    3) &lt;div dir=&quot;auto&quot; class=&quot;css-text-146c3p1 r-fontSize-1b43r93 r-lineHeight-rjixqe r-color-cqee49&quot;&gt;Message test E2E Playwright&lt;/div&gt; aka get_by_text(&quot;Message test E2E Playwright&quot;).nth(2)&#10;&#10;Call log:&#10;    - checking visibility of locator(&quot;text=Message test E2E Playwright&quot;)">test_05_chat.py:59: in test_open_conversation_and_send_message
    assert page.locator('text=Message test E2E Playwright').is_visible()
           ^^^^^^^^^^^^^^^^^^^^^^^^^^^^^^^^^^^^^^^^^^^^^^^^^^^^^^^^^^^^^
/root/.venv/lib/python3.11/site-packages/playwright/sync_api/_generated.py:17297: in is_visible
    self._sync(self._impl_obj.is_visible(timeout=timeout))
/root/.venv/lib/python3.11/site-packages/playwright/_impl/_locator.py:531: in is_visible
    return await self._frame.is_visible(
/root/.venv/lib/python3.11/site-packages/playwright/_impl/_frame.py:408: in is_visible
    return await self._channel.send(
/root/.venv/lib/python3.11/site-packages/playwright/_impl/_connection.py:69: in send
    return await self._connection.wrap_api_call(
/root/.venv/lib/python3.11/site-packages/playwright/_impl/_connection.py:559: in wrap_api_call
    raise rewrite_error(error, f"{parsed_st['apiName']}: {error}") from None
E   playwright._impl._errors.Error: Locator.is_visible: Error: strict mode violation: locator("text=Message test E2E Playwright") resolved to 3 elements:
E       1) &lt;div dir="auto" class="css-text-146c3p1 r-maxWidth-dnmrzs r-overflow-1udh08x r-textOverflow-1udbk01 r-whiteSpace-3s2u2q r-wordWrap-1iln25a r-color-1osfarx r-flex-13awgt0 r-fontSize-n6v787"&gt;Vous : Message test E2E Playwright&lt;/div&gt; aka get_by_text("Vous : Message test E2E")
E       2) &lt;div dir="auto" class="css-text-146c3p1 r-fontSize-1b43r93 r-lineHeight-rjixqe r-color-cqee49"&gt;Message test E2E Playwright&lt;/div&gt; aka get_by_text("Message test E2E Playwright").nth(1)
E       3) &lt;div dir="auto" class="css-text-146c3p1 r-fontSize-1b43r93 r-lineHeight-rjixqe r-color-cqee49"&gt;Message test E2E Playwright&lt;/div&gt; aka get_by_text("Message test E2E Playwright").nth(2)
E   
E   Call log:
E       - checking visibility of locator("text=Message test E2E Playwright")</failure></testcase><testcase classname="test_05_chat.TestChat" name="test_chat_messages_not_in_notifications[chromium]" time="40.033" /><testcase classname="test_06_notifications.TestNotifications" name="test_notifications_tab_loads[chromium]" time="9.049" /><testcase classname="test_06_notifications.TestNotifications" name="test_mark_all_read_button_visible_when_notifs_exist[chromium]" time="8.548" /><testcase classname="test_06_notifications.TestNotifications" name="test_empty_state_when_no_notifications[chromium]" time="8.962" /><testcase classname="test_07_profile.TestProfile" name="test_profile_tab_loads[chromium]" time="38.281" /><testcase classname="test_07_profile.TestProfile" name="test_profile_shows_username[chromium]" time="8.756" /><testcase classname="test_07_profile.TestProfile" name="test_navigate_to_my_spotyous[chromium]" time="10.954" /><testcase classname="test_07_profile.TestProfile" name="test_navigate_to_planning[chromium]" time="62.939"><failure message="playwright._impl._errors.TimeoutError: Page.wait_for_selector: Timeout 30000ms exceeded.&#10;Call log:&#10;  - waiting for locator(&quot;a[href=\&quot;/profile\&quot;]&quot;) to be visible">test_07_profile.py:56: in test_navigate_to_planning
    login(page, "user")
conftest.py:45: in login
    page.wait_for_selector('a[href="/profile"]', timeout=NAV_TIMEOUT)
/root/.venv/lib/python3.11/site-packages/playwright/sync_api/_generated.py:8217: in wait_for_selector
    self._sync(
/root/.venv/lib/python3.11/site-packages/playwright/_impl/_page.py:419: in wait_for_selector
    return await self._main_frame.wait_for_selector(**locals_to_params(locals()))
           ^^^^^^^^^^^^^^^^^^^^^^^^^^^^^^^^^^^^^^^^^^^^^^^^^^^^^^^^^^^^^^^^^^^^^^
/root/.venv/lib/python3.11/site-packages/playwright/_impl/_frame.py:369: in wait_for_selector
    await self._channel.send(
/root/.venv/lib/python3.11/site-packages/playwright/_impl/_connection.py:69: in send
    return await self._connection.wrap_api_call(
/root/.venv/lib/python3.11/site-packages/playwright/_impl/_connection.py:559: in wrap_api_call
    raise rewrite_error(error, f"{parsed_st['apiName']}: {error}") from None
E   playwright._impl._errors.TimeoutError: Page.wait_for_selector: Timeout 30000ms exceeded.
E   Call log:
E     - waiting for locator("a[href=\"/profile\"]") to be visible</failure></testcase><testcase classname="test_07_profile.TestProfile" name="test_navigate_to_saved[chromium]" time="11.241" /><testcase classname="test_07_profile.TestProfile" name="test_edit_profile_page_loads[chromium]" time="8.574" /><testcase classname="test_07_profile.TestProfile" name="test_coach_sees_coach_specific_options[chromium]" time="8.828" /><testcase classname="test_08_bookings.TestBookings" name="test_bookings_page_loads[chromium]" time="8.584" /><testcase classname="test_08_bookings.TestBookings" name="test_coach_bookings_accessible_from_profile[chromium]" time="39.820"><failure message="AssertionError: assert (False or False or False)&#10; +  where False = is_visible()&#10; +    where is_visible = &lt;Locator frame=&lt;Frame name= url='https://spotu-local.preview.emergentagent.com/planning'&gt; selector='text=r\xe9servation'&gt;.is_visible&#10; +      where &lt;Locator frame=&lt;Frame name= url='https://spotu-local.preview.emergentagent.com/planning'&gt; selector='text=r\xe9servation'&gt; = locator('text=r\xe9servation')&#10; +        where locator = &lt;Page url='https://spotu-local.preview.emergentagent.com/planning'&gt;.locator&#10; +  and   False = is_visible()&#10; +    where is_visible = &lt;Locator frame=&lt;Frame name= url='https://spotu-local.preview.emergentagent.com/planning'&gt; selector='text=R\xe9servation'&gt;.is_visible&#10; +      where &lt;Locator frame=&lt;Frame name= url='https://spotu-local.preview.emergentagent.com/planning'&gt; selector='text=R\xe9servation'&gt; = locator('text=R\xe9servation')&#10; +        where locator = &lt;Page url='https://spotu-local.preview.emergentagent.com/planning'&gt;.locator&#10; +  and   False = is_visible()&#10; +    where is_visible = &lt;Locator frame=&lt;Frame name= url='https://spotu-local.preview.emergentagent.com/planning'&gt; selector='text=Planning &gt;&gt; nth=0'&gt;.is_visible&#10; +      where &lt;Locator frame=&lt;Frame name= url='https://spotu-local.preview.emergentagent.com/planning'&gt; selector='text=Planning &gt;&gt; nth=0'&gt; = &lt;Locator frame=&lt;Frame name= url='https://spotu-local.preview.emergentagent.com/planning'&gt; selector='text=Planning'&gt;.first&#10; +        where &lt;Locator frame=&lt;Frame name= url='https://spotu-local.preview.emergentagent.com/planning'&gt; selector='text=Planning'&gt; = locator('text=Planning')&#10; +          where locator = &lt;Page url='https://spotu-local.preview.emergentagent.com/planning'&gt;.locator">test_08_bookings.py:41: in test_coach_bookings_accessible_from_profile
    assert (
E   AssertionError: assert (False or False or False)
E    +  where False = is_visible()
E    +    where is_visible = &lt;Locator frame=&lt;Frame name= url='https://spotu-local.preview.emergentagent.com/planning'&gt; selector='text=r\xe9servation'&gt;.is_visible
E    +      where &lt;Locator frame=&lt;Frame name= url='https://spotu-local.preview.emergentagent.com/planning'&gt; selector='text=r\xe9servation'&gt; = locator('text=r\xe9servation')
E    +        where locator = &lt;Page url='https://spotu-local.preview.emergentagent.com/planning'&gt;.locator
E    +  and   False = is_visible()
E    +    where is_visible = &lt;Locator frame=&lt;Frame name= url='https://spotu-local.preview.emergentagent.com/planning'&gt; selector='text=R\xe9servation'&gt;.is_visible
E    +      where &lt;Locator frame=&lt;Frame name= url='https://spotu-local.preview.emergentagent.com/planning'&gt; selector='text=R\xe9servation'&gt; = locator('text=R\xe9servation')
E    +        where locator = &lt;Page url='https://spotu-local.preview.emergentagent.com/planning'&gt;.locator
E    +  and   False = is_visible()
E    +    where is_visible = &lt;Locator frame=&lt;Frame name= url='https://spotu-local.preview.emergentagent.com/planning'&gt; selector='text=Planning &gt;&gt; nth=0'&gt;.is_visible
E    +      where &lt;Locator frame=&lt;Frame name= url='https://spotu-local.preview.emergentagent.com/planning'&gt; selector='text=Planning &gt;&gt; nth=0'&gt; = &lt;Locator frame=&lt;Frame name= url='https://spotu-local.preview.emergentagent.com/planning'&gt; selector='text=Planning'&gt;.first
E    +        where &lt;Locator frame=&lt;Frame name= url='https://spotu-local.preview.emergentagent.com/planning'&gt; selector='text=Planning'&gt; = locator('text=Planning')
E    +          where locator = &lt;Page url='https://spotu-local.preview.emergentagent.com/planning'&gt;.locator</failure></testcase><testcase classname="test_09_upload.TestImageUploadUI" name="test_add_image_button_visible_in_create_form[chromium]" time="7.139" /><testcase classname="test_09_upload.TestImageUploadUI" name="test_create_form_has_title_and_image_button[chromium]" time="9.179" /><testcase classname="test_09_upload.TestImageUploadAPI" name="test_upload_jpeg_returns_url" time="0.484" /><testcase classname="test_09_upload.TestImageUploadAPI" name="test_upload_requires_auth" time="0.115" /><testcase classname="test_09_upload.TestImageUploadAPI" name="test_upload_rejects_invalid_file" time="0.113" /><testcase classname="test_09_upload.TestImageUploadAPI" name="test_upload_png" time="0.179" /><testcase classname="test_09_upload.TestImageUploadAPI" name="test_upload_file_too_large" time="0.539" /></testsuite></testsuites>