<?xml version="1.0" encoding="utf-8"?><testsuites name="pytest tests"><testsuite name="pytest" errors="0" failures="0" skipped="0" tests="56" time="5.440" timestamp="2026-02-26T11:14:24.389921+00:00" hostname="agent-env-bfc7964c-a417-4292-b20f-917578f8565d"><testcase classname="backend.tests.test_save_feature.TestSaveTagPoint" name="test_save_requires_auth" time="0.232" /><testcase classname="backend.tests.test_save_feature.TestSaveTagPoint" name="test_save_returns_success_and_is_saved_true" time="0.007" /><testcase classname="backend.tests.test_save_feature.TestSaveTagPoint" name="test_save_idempotent" time="0.007" /><testcase classname="backend.tests.test_save_feature.TestUnsaveTagPoint" name="test_unsave_requires_auth" time="0.004" /><testcase classname="backend.tests.test_save_feature.TestUnsaveTagPoint" name="test_unsave_returns_success_and_is_saved_false" time="0.007" /><testcase classname="backend.tests.test_save_feature.TestUnsaveTagPoint" name="test_unsave_when_not_saved_returns_200" time="0.005" /><testcase classname="backend.tests.test_save_feature.TestGetSavedTagPoints" name="test_saved_requires_auth" time="0.004" /><testcase classname="backend.tests.test_save_feature.TestGetSavedTagPoints" name="test_saved_returns_empty_list_initially" time="0.006" /><testcase classname="backend.tests.test_save_feature.TestGetSavedTagPoints" name="test_saved_shows_point_after_save" time="0.008" /><testcase classname="backend.tests.test_save_feature.TestGetSavedTagPoints" name="test_saved_item_has_required_fields" time="0.007" /><testcase classname="backend.tests.test_save_feature.TestGetSavedTagPoints" name="test_saved_removed_after_unsave" time="0.008" /><testcase classname="backend.tests.test_save_feature.TestTagPointDetailIsSaved" name="test_is_saved_false_when_not_saved" time="0.007" /><testcase classname="backend.tests.test_save_feature.TestTagPointDetailIsSaved" name="test_is_saved_true_after_save" time="0.008" /><testcase classname="backend.tests.test_save_feature.TestTagPointDetailIsSaved" name="test_is_saved_false_after_unsave" time="0.009" /><testcase classname="backend.tests.test_save_feature.TestTagPointDetailIsSaved" name="test_is_saved_absent_without_auth" time="0.006" /><testcase classname="backend.tests.test_tagpoint_create.TestCreateTagPoint" name="test_create_tagpoint_basic" time="0.592" /><testcase classname="backend.tests.test_tagpoint_create.TestCreateTagPoint" name="test_create_tagpoint_with_images_empty" time="0.107" /><testcase classname="backend.tests.test_tagpoint_create.TestCreateTagPoint" name="test_create_tagpoint_with_description" time="0.101" /><testcase classname="backend.tests.test_tagpoint_create.TestCreateTagPoint" name="test_create_tagpoint_precision_100m" time="0.097" /><testcase classname="backend.tests.test_tagpoint_create.TestCreateTagPoint" name="test_create_tagpoint_precision_1000m" time="0.104" /><testcase classname="backend.tests.test_tagpoint_create.TestCreateTagPoint" name="test_create_tagpoint_with_event_date" time="0.104" /><testcase classname="backend.tests.test_tagpoint_create.TestCreateTagPoint" name="test_create_tagpoint_with_recurring_schedule" time="0.100" /><testcase classname="backend.tests.test_tagpoint_create.TestCreateTagPoint" name="test_create_tagpoint_all_domains" time="0.428" /><testcase classname="backend.tests.test_tagpoint_create.TestCreateTagPoint" name="test_create_tagpoint_unauthenticated" time="0.048" /><testcase classname="backend.tests.test_tagpoint_create.TestCreateTagPoint" name="test_create_tagpoint_missing_title" time="0.053" /><testcase classname="backend.tests.test_tagpoint_create.TestGetTagPoints" name="test_get_tagpoints_returns_list" time="0.046" /><testcase classname="backend.tests.test_tagpoint_create.TestGetTagPoints" name="test_get_tagpoints_has_required_fields" time="0.048" /><testcase classname="backend.tests.test_tagpoint_create.TestGetTagPoints" name="test_get_tagpoint_created_is_retrievable" time="0.254" /><testcase classname="backend.tests.test_tagpoint_create.TestGetTagPoints" name="test_get_tagpoints_with_tags" time="0.137" /><testcase classname="backend.tests.test_tagpoint_create.TestGetTagPoints" name="test_cleanup_test_basic_point" time="0.045" /><testcase classname="backend.tests.test_winek_api.TestAuth" name="test_login_user_success" time="0.356" /><testcase classname="backend.tests.test_winek_api.TestAuth" name="test_login_coach_success" time="0.272" /><testcase classname="backend.tests.test_winek_api.TestAuth" name="test_login_invalid_credentials" time="0.280" /><testcase classname="backend.tests.test_winek_api.TestAuth" name="test_login_nonexistent_user" time="0.048" /><testcase classname="backend.tests.test_winek_api.TestAuth" name="test_get_me_authenticated" time="0.317" /><testcase classname="backend.tests.test_winek_api.TestAuth" name="test_get_me_unauthenticated" time="0.045" /><testcase classname="backend.tests.test_winek_api.TestAuth" name="test_register_duplicate_email" time="0.053" /><testcase classname="backend.tests.test_winek_api.TestDomains" name="test_get_domains" time="0.054" /><testcase classname="backend.tests.test_winek_api.TestDomains" name="test_get_tags" time="0.056" /><testcase classname="backend.tests.test_winek_api.TestDomains" name="test_get_tags_by_domain" time="0.098" /><testcase classname="backend.tests.test_winek_api.TestDomains" name="test_get_tag_categories" time="0.049" /><testcase classname="backend.tests.test_winek_api.TestTagPoints" name="test_get_tagpoints_without_auth" time="0.050" /><testcase classname="backend.tests.test_winek_api.TestTagPoints" name="test_get_tagpoints_with_auth" time="0.050" /><testcase classname="backend.tests.test_winek_api.TestTagPoints" name="test_create_tagpoint_authenticated" time="0.091" /><testcase classname="backend.tests.test_winek_api.TestTagPoints" name="test_create_tagpoint_unauthenticated" time="0.047" /><testcase classname="backend.tests.test_winek_api.TestTagPoints" name="test_get_tagpoint_by_id" time="0.046" /><testcase classname="backend.tests.test_winek_api.TestTagPoints" name="test_get_my_tagpoints" time="0.055" /><testcase classname="backend.tests.test_winek_api.TestTagPoints" name="test_update_tagpoint" time="0.047" /><testcase classname="backend.tests.test_winek_api.TestTagPoints" name="test_delete_tagpoint" time="0.052" /><testcase classname="backend.tests.test_winek_api.TestServices" name="test_get_services" time="0.051" /><testcase classname="backend.tests.test_winek_api.TestServices" name="test_get_services_near_paris" time="0.048" /><testcase classname="backend.tests.test_winek_api.TestServices" name="test_create_service_coach_only" time="0.072" /><testcase classname="backend.tests.test_winek_api.TestServices" name="test_get_my_services_coach" time="0.318" /><testcase classname="backend.tests.test_winek_api.TestUserProfile" name="test_get_profile_authenticated" time="0.050" /><testcase classname="backend.tests.test_winek_api.TestUserProfile" name="test_update_profile_name" time="0.100" /><testcase classname="backend.tests.test_winek_api.TestUserProfile" name="test_become_coach_already_coach" time="0.048" /></testsuite></testsuites>