<?xml version="1.0" encoding="utf-8"?><testsuites name="pytest tests"><testsuite name="pytest" errors="0" failures="0" skipped="0" tests="9" time="3.270" timestamp="2026-03-16T18:05:04.822234+00:00" hostname="agent-env-d9212b1b-38ad-4cfc-850a-1316d24d7d13"><testcase classname="tests.test_commission_iter86.TestCommissionEndpoint" name="test_commission_endpoint_returns_200" time="0.191" /><testcase classname="tests.test_commission_iter86.TestCommissionEndpoint" name="test_commission_response_structure" time="0.176" /><testcase classname="tests.test_commission_iter86.TestCommissionEndpoint" name="test_commission_values_with_active_rule" time="0.139" /><testcase classname="tests.test_commission_iter86.TestCommissionEndpoint" name="test_commission_net_calculation" time="0.155" /><testcase classname="tests.test_commission_iter86.TestPricingRulesAdmin" name="test_list_pricing_rules" time="0.452" /><testcase classname="tests.test_commission_iter86.TestPricingRulesAdmin" name="test_pricing_rule_deactivation_and_commission" time="0.915" /><testcase classname="tests.test_commission_iter86.TestServiceEndpoints" name="test_get_demo_service" time="0.151" /><testcase classname="tests.test_commission_iter86.TestServiceEndpoints" name="test_service_create_still_works" time="0.544" /><testcase classname="tests.test_commission_iter86.TestServiceEndpoints" name="test_service_update_still_works" time="0.473" /></testsuite></testsuites>