<?xml version="1.0" encoding="utf-8"?><testsuites name="pytest tests"><testsuite name="pytest" errors="0" failures="0" skipped="0" tests="22" time="7.543" timestamp="2026-03-08T13:17:50.015378+00:00" hostname="agent-env-4e0b16c8-6dae-48da-b253-a780deaf2e9b"><testcase classname="backend.tests.test_stripe_iter49.TestCheckoutSessionAuth" name="test_checkout_session_unauthenticated" time="0.178" /><testcase classname="backend.tests.test_stripe_iter49.TestCheckoutSessionAuth" name="test_checkout_session_missing_booking_id" time="0.445" /><testcase classname="backend.tests.test_stripe_iter49.TestCheckoutSessionAuth" name="test_checkout_session_invalid_booking_id" time="0.109" /><testcase classname="backend.tests.test_stripe_iter49.TestCreateCheckoutSession" name="test_create_session_returns_url_and_session_id" time="0.695" /><testcase classname="backend.tests.test_stripe_iter49.TestCreateCheckoutSession" name="test_create_session_stripe_url_is_real" time="0.714" /><testcase classname="backend.tests.test_stripe_iter49.TestCreateCheckoutSession" name="test_create_session_updates_payment_stripe_id" time="0.716" /><testcase classname="backend.tests.test_stripe_iter49.TestCreateCheckoutSession" name="test_already_paid_session_rejected" time="0.125" /><testcase classname="backend.tests.test_stripe_iter49.TestCheckoutStatus" name="test_status_unauthenticated" time="0.766" /><testcase classname="backend.tests.test_stripe_iter49.TestCheckoutStatus" name="test_status_returns_correct_fields" time="0.285" /><testcase classname="backend.tests.test_stripe_iter49.TestCheckoutStatus" name="test_status_unpaid_for_new_session" time="0.310" /><testcase classname="backend.tests.test_stripe_iter49.TestCheckoutStatus" name="test_status_nonexistent_session" time="0.105" /><testcase classname="backend.tests.test_stripe_iter49.TestCheckoutStatus" name="test_status_forbidden_for_other_user" time="0.423" /><testcase classname="backend.tests.test_stripe_iter49.TestCheckoutStatus" name="test_status_admin_can_access" time="0.682" /><testcase classname="backend.tests.test_stripe_iter49.TestStripeWebhook" name="test_webhook_without_signature_returns_400" time="0.094" /><testcase classname="backend.tests.test_stripe_iter49.TestStripeWebhook" name="test_webhook_empty_body_returns_400" time="0.106" /><testcase classname="backend.tests.test_stripe_iter49.TestStripeWebhook" name="test_webhook_with_fake_signature_returns_400" time="0.096" /><testcase classname="backend.tests.test_stripe_iter49.TestCheckoutSecurity" name="test_checkout_session_different_user_booking" time="0.217" /><testcase classname="backend.tests.test_stripe_iter49.TestCheckoutSecurity" name="test_checkout_no_auth_token" time="0.099" /><testcase classname="backend.tests.test_stripe_iter49.TestCheckoutSecurity" name="test_checkout_status_no_auth_token" time="0.107" /><testcase classname="backend.tests.test_stripe_iter49.TestFullBookingPaymentFlow" name="test_full_flow_booking_to_checkout" time="0.976" /><testcase classname="backend.tests.test_stripe_iter49.TestFullBookingPaymentFlow" name="test_my_payments_returns_list" time="0.111" /><testcase classname="backend.tests.test_stripe_iter49.TestFullBookingPaymentFlow" name="test_admin_payments_endpoint" time="0.099" /></testsuite></testsuites>