<?xml version="1.0" encoding="utf-8"?><testsuites name="pytest tests"><testsuite name="pytest" errors="0" failures="0" skipped="0" tests="6" time="1.205" timestamp="2026-02-26T12:04:10.338552+00:00" hostname="agent-env-bfc7964c-a417-4292-b20f-917578f8565d"><testcase classname="backend.tests.test_tagpoint_create_iter8.TestNewRecurringScheduleFormat" name="test_recurring_multi_day_single_time" time="0.557" /><testcase classname="backend.tests.test_tagpoint_create_iter8.TestNewRecurringScheduleFormat" name="test_recurring_multi_day_multi_time" time="0.145" /><testcase classname="backend.tests.test_tagpoint_create_iter8.TestNewRecurringScheduleFormat" name="test_recurring_single_day_three_times" time="0.098" /><testcase classname="backend.tests.test_tagpoint_create_iter8.TestNewRecurringScheduleFormat" name="test_recurring_all_days_two_times" time="0.097" /><testcase classname="backend.tests.test_tagpoint_create_iter8.TestNewRecurringScheduleFormat" name="test_backward_compat_old_format" time="0.110" /><testcase classname="backend.tests.test_tagpoint_create_iter8.TestNewRecurringScheduleFormat" name="test_recurring_multi_day_with_100m_precision" time="0.097" /></testsuite></testsuites>