<?xml version="1.0" encoding="utf-8"?><testsuites name="pytest tests"><testsuite name="pytest" errors="0" failures="0" skipped="0" tests="18" time="3.856" timestamp="2026-03-02T20:43:49.370186+00:00" hostname="agent-env-3a0251fe-8207-49d1-8334-38941a397614"><testcase classname="backend.tests.test_booking_mgmt_iter45.TestAcceptBooking" name="test_coach_can_accept_pending_booking" time="1.189" /><testcase classname="backend.tests.test_booking_mgmt_iter45.TestAcceptBooking" name="test_accept_status_persisted_in_db" time="0.188" /><testcase classname="backend.tests.test_booking_mgmt_iter45.TestAcceptBooking" name="test_accept_returns_booking_fields" time="0.248" /><testcase classname="backend.tests.test_booking_mgmt_iter45.TestAcceptBooking" name="test_accept_nonexistent_booking_returns_404" time="0.131" /><testcase classname="backend.tests.test_booking_mgmt_iter45.TestAcceptBooking" name="test_accept_without_auth_returns_401" time="0.107" /><testcase classname="backend.tests.test_booking_mgmt_iter45.TestRefuseBooking" name="test_coach_can_refuse_pending_booking" time="0.233" /><testcase classname="backend.tests.test_booking_mgmt_iter45.TestRefuseBooking" name="test_refuse_status_persisted_in_db" time="0.127" /><testcase classname="backend.tests.test_booking_mgmt_iter45.TestRefuseBooking" name="test_refuse_nonexistent_booking_returns_404" time="0.134" /><testcase classname="backend.tests.test_booking_mgmt_iter45.TestRefuseBooking" name="test_refuse_without_auth_returns_401" time="0.104" /><testcase classname="backend.tests.test_booking_mgmt_iter45.TestServiceBookings" name="test_coach_gets_all_bookings_for_service" time="0.183" /><testcase classname="backend.tests.test_booking_mgmt_iter45.TestServiceBookings" name="test_coach_service_bookings_enriched" time="0.105" /><testcase classname="backend.tests.test_booking_mgmt_iter45.TestServiceBookings" name="test_user_gets_only_own_booking" time="0.109" /><testcase classname="backend.tests.test_booking_mgmt_iter45.TestServiceBookings" name="test_user_bookings_count_less_than_coach" time="0.210" /><testcase classname="backend.tests.test_booking_mgmt_iter45.TestServiceBookings" name="test_service_bookings_requires_auth" time="0.113" /><testcase classname="backend.tests.test_booking_mgmt_iter45.TestServiceBookings" name="test_nonexistent_service_returns_404" time="0.139" /><testcase classname="backend.tests.test_booking_mgmt_iter45.TestBookingSecurityAcceptRefuse" name="test_user_cannot_accept_booking_owned_by_coach" time="0.236" /><testcase classname="backend.tests.test_booking_mgmt_iter45.TestBookingSecurityAcceptRefuse" name="test_user_cannot_refuse_booking_owned_by_coach" time="0.113" /><testcase classname="backend.tests.test_booking_mgmt_iter45.TestBookingSecurityAcceptRefuse" name="test_booking_status_unchanged_after_unauthorized_accept" time="0.113" /></testsuite></testsuites>