<?xml version="1.0" encoding="utf-8"?><testsuites name="pytest tests"><testsuite name="pytest" errors="0" failures="0" skipped="0" tests="31" time="149.141" timestamp="2026-03-11T10:30:36.563888+00:00" hostname="agent-env-983d1540-9950-4f2f-93aa-83d9ed1291c0"><testcase classname="test_14_offline_guards.TestSourceCodeGuards" name="test_spotme_has_4state_model" time="0.001" /><testcase classname="test_14_offline_guards.TestSourceCodeGuards" name="test_spotme_stale_banner_present" time="0.000" /><testcase classname="test_14_offline_guards.TestSourceCodeGuards" name="test_spotme_error_no_data_testid" time="0.000" /><testcase classname="test_14_offline_guards.TestSourceCodeGuards" name="test_spotme_offline_guard_toggle_going" time="0.000" /><testcase classname="test_14_offline_guards.TestSourceCodeGuards" name="test_spotme_cache_invalidate_after_mutation" time="0.000" /><testcase classname="test_14_offline_guards.TestSourceCodeGuards" name="test_chat_handle_send_checks_is_connected" time="0.000" /><testcase classname="test_14_offline_guards.TestSourceCodeGuards" name="test_chat_alert_if_not_connected" time="0.000" /><testcase classname="test_14_offline_guards.TestSourceCodeGuards" name="test_chat_never_sends_when_disconnected" time="0.000" /><testcase classname="test_14_offline_guards.TestSourceCodeGuards" name="test_profile_has_4state_model" time="0.000" /><testcase classname="test_14_offline_guards.TestSourceCodeGuards" name="test_profile_stale_minutes_state" time="0.000" /><testcase classname="test_14_offline_guards.TestSourceCodeGuards" name="test_profile_stale_banner_conditional" time="0.000" /><testcase classname="test_14_offline_guards.TestSourceCodeGuards" name="test_profile_error_no_data_with_testid" time="0.000" /><testcase classname="test_14_offline_guards.TestSourceCodeGuards" name="test_profile_no_infinite_spinner" time="0.000" /><testcase classname="test_14_offline_guards.TestSourceCodeGuards" name="test_cache_invalidate_exported_from_cache_lib" time="0.000" /><testcase classname="test_14_offline_guards.TestSourceCodeGuards" name="test_stale_banner_exported_from_offline_banner" time="0.000" /><testcase classname="test_14_offline_guards.TestSourceCodeGuards" name="test_error_no_data_accepts_testid_prop" time="0.000" /><testcase classname="test_14_offline_guards.TestSpotMeUI" name="test_spotme_header_loads[chromium]" time="6.314" /><testcase classname="test_14_offline_guards.TestSpotMeUI" name="test_spotme_cards_list_loads[chromium]" time="9.312" /><testcase classname="test_14_offline_guards.TestSpotMeUI" name="test_spotme_going_btn_clickable[chromium]" time="12.115" /><testcase classname="test_14_offline_guards.TestSpotMeUI" name="test_spotme_add_button_navigates_to_create[chromium]" time="8.064" /><testcase classname="test_14_offline_guards.TestChatOfflineGuard" name="test_chat_room_loads_with_input[chromium]" time="13.810" /><testcase classname="test_14_offline_guards.TestChatOfflineGuard" name="test_chat_room_shows_message_history[chromium]" time="13.784" /><testcase classname="test_14_offline_guards.TestChatOfflineGuard" name="test_chat_send_btn_disabled_when_empty[chromium]" time="14.828" /><testcase classname="test_14_offline_guards.TestProfileUI" name="test_profile_loads_with_user_info[chromium]" time="9.544" /><testcase classname="test_14_offline_guards.TestProfileUI" name="test_profile_no_infinite_spinner[chromium]" time="7.450" /><testcase classname="test_14_offline_guards.TestProfileUI" name="test_profile_quick_actions_present[chromium]" time="10.999" /><testcase classname="test_14_offline_guards.TestProfileUI" name="test_profile_logout_btn_present[chromium]" time="8.810" /><testcase classname="test_14_offline_guards.TestRegressionMapNotifications" name="test_map_screen_loads[chromium]" time="6.422" /><testcase classname="test_14_offline_guards.TestRegressionMapNotifications" name="test_map_screen_has_no_critical_errors[chromium]" time="5.227" /><testcase classname="test_14_offline_guards.TestRegressionMapNotifications" name="test_notifications_screen_loads[chromium]" time="12.005" /><testcase classname="test_14_offline_guards.TestRegressionMapNotifications" name="test_notifications_has_no_critical_errors[chromium]" time="10.406" /></testsuite></testsuites>