<?xml version="1.0" encoding="utf-8"?><testsuites name="pytest tests"><testsuite name="pytest" errors="0" failures="0" skipped="0" tests="8" time="2.503" timestamp="2026-03-31T17:06:26.402302+00:00" hostname="agent-env-b8a59898-0ccf-47e7-80a1-28c8e56013d3"><testcase classname="tests.test_sale_products_iter99.TestSaleProductCreation" name="test_sale_without_price_returns_422" time="0.754" /><testcase classname="tests.test_sale_products_iter99.TestSaleProductCreation" name="test_sale_without_tags_returns_422" time="0.121" /><testcase classname="tests.test_sale_products_iter99.TestSaleProductCreation" name="test_sale_complete_returns_200_with_product_id" time="0.229" /><testcase classname="tests.test_sale_products_iter99.TestSaleProductCreation" name="test_mine_returns_both_rental_and_sale" time="0.122" /><testcase classname="tests.test_sale_products_iter99.TestSaleProductCreation" name="test_detail_returns_brand_model_weight" time="0.123" /><testcase classname="tests.test_sale_products_iter99.TestSaleProductCreation" name="test_sale_pending_review_without_price_422" time="0.263" /><testcase classname="tests.test_sale_products_iter99.TestSaleProductCreation" name="test_rental_creation_still_works" time="0.329" /><testcase classname="tests.test_sale_products_iter99.TestSaleProductCreation" name="test_invalid_product_type_returns_error" time="0.484" /></testsuite></testsuites>