<?xml version="1.0" encoding="utf-8"?><testsuites name="pytest tests"><testsuite name="pytest" errors="0" failures="1" skipped="0" tests="35" time="11.709" timestamp="2026-03-26T16:33:30.990211+00:00" hostname="agent-env-132d5b1d-77bc-4cbc-9558-a29321210800"><testcase classname="tests.test_taxonomy_entity_type_iter94.TestAuth" name="test_admin_login" time="0.496" /><testcase classname="tests.test_taxonomy_entity_type_iter94.TestDomains" name="test_domains_returns_4" time="0.181" /><testcase classname="tests.test_taxonomy_entity_type_iter94.TestDomains" name="test_domains_have_expected_slugs" time="0.164" /><testcase classname="tests.test_taxonomy_entity_type_iter94.TestDomains" name="test_domains_have_active_flag" time="0.164" /><testcase classname="tests.test_taxonomy_entity_type_iter94.TestDomains" name="test_domain_sport_exists" time="0.105" /><testcase classname="tests.test_taxonomy_entity_type_iter94.TestCategoriesEntityTypeFilter" name="test_product_categories_count" time="0.256" /><testcase classname="tests.test_taxonomy_entity_type_iter94.TestCategoriesEntityTypeFilter" name="test_product_categories_all_entity_type_product" time="0.127" /><testcase classname="tests.test_taxonomy_entity_type_iter94.TestCategoriesEntityTypeFilter" name="test_spotyou_categories_count" time="0.163" /><testcase classname="tests.test_taxonomy_entity_type_iter94.TestCategoriesEntityTypeFilter" name="test_spotyou_categories_no_product_or_service" time="0.134" /><testcase classname="tests.test_taxonomy_entity_type_iter94.TestCategoriesEntityTypeFilter" name="test_service_categories_count" time="0.147" /><testcase classname="tests.test_taxonomy_entity_type_iter94.TestCategoriesEntityTypeFilter" name="test_service_categories_no_spotyou_or_product" time="0.143" /><testcase classname="tests.test_taxonomy_entity_type_iter94.TestCategoriesEntityTypeFilter" name="test_spotyou_sport_categories_count" time="0.137" /><testcase classname="tests.test_taxonomy_entity_type_iter94.TestCategoriesEntityTypeFilter" name="test_spotyou_sport_categories_all_correct_entity" time="0.187" /><testcase classname="tests.test_taxonomy_entity_type_iter94.TestCategoriesEntityTypeFilter" name="test_categories_include_tags_in_response" time="0.109" /><testcase classname="tests.test_taxonomy_entity_type_iter94.TestCategoriesEntityTypeFilter" name="test_total_categories_no_filter" time="0.162" /><testcase classname="tests.test_taxonomy_entity_type_iter94.TestTagsEntityTypeFilter" name="test_tags_entity_type_spotyou_returns_list" time="0.115" /><testcase classname="tests.test_taxonomy_entity_type_iter94.TestTagsEntityTypeFilter" name="test_tags_entity_type_product_returns_list" time="0.113" /><testcase classname="tests.test_taxonomy_entity_type_iter94.TestTagsEntityTypeFilter" name="test_tags_entity_type_service_returns_list" time="0.166" /><testcase classname="tests.test_taxonomy_entity_type_iter94.TestTagsEntityTypeFilter" name="test_total_tags_count" time="0.139" /><testcase classname="tests.test_taxonomy_entity_type_iter94.TestTagsEntityTypeFilter" name="test_tags_have_tag_id_field" time="0.139" /><testcase classname="tests.test_taxonomy_entity_type_iter94.TestAdminAllCategories" name="test_admin_all_categories_total_count" time="0.437" /><testcase classname="tests.test_taxonomy_entity_type_iter94.TestAdminAllCategories" name="test_admin_all_categories_have_entity_type" time="0.103" /><testcase classname="tests.test_taxonomy_entity_type_iter94.TestAdminAllCategories" name="test_admin_all_categories_entity_type_values_valid" time="0.177" /><testcase classname="tests.test_taxonomy_entity_type_iter94.TestAdminAllCategories" name="test_admin_all_categories_has_domain_name" time="0.107" /><testcase classname="tests.test_taxonomy_entity_type_iter94.TestAdminAllCategories" name="test_admin_all_categories_requires_auth" time="0.122" /><testcase classname="tests.test_taxonomy_entity_type_iter94.TestCascadeDeactivation" name="test_cascade_disable_dom_sport" time="0.821" /><testcase classname="tests.test_taxonomy_entity_type_iter94.TestCascadeDeactivation" name="test_restore_dom_sport_after_cascade" time="4.965" /><testcase classname="tests.test_taxonomy_entity_type_iter94.TestDBCountsViaAPI" name="test_total_domains_count" time="0.124" /><testcase classname="tests.test_taxonomy_entity_type_iter94.TestDBCountsViaAPI" name="test_total_categories_count_via_admin" time="0.158" /><testcase classname="tests.test_taxonomy_entity_type_iter94.TestDBCountsViaAPI" name="test_total_tags_count_via_api" time="0.102" /><testcase classname="tests.test_taxonomy_entity_type_iter94.TestDBCountsViaAPI" name="test_marketplace_products_demo_exist" time="0.125"><failure message="AssertionError: Missing marketplace products: {'mp_demo002', 'mp_demo004', 'mp_demo003', 'mp_demo005', 'mp_demo001'}. Got: {'mp_009', 'mp_003', 'mp_051', 'mp_012', 'mp_049', 'mp_040', 'mp_021', 'mp_006', 'mp_023', 'mp_004', 'mp_013', 'mp_002', 'mp_034', 'mp_050', 'mp_005', 'mp_011', 'mp_001', 'mp_007', 'mp_030', 'mp_019'}&#10;assert not {'mp_demo001', 'mp_demo002', 'mp_demo003', 'mp_demo004', 'mp_demo005'}">tests/test_taxonomy_entity_type_iter94.py:508: in test_marketplace_products_demo_exist
    assert not missing_ids, \
E   AssertionError: Missing marketplace products: {'mp_demo002', 'mp_demo004', 'mp_demo003', 'mp_demo005', 'mp_demo001'}. Got: {'mp_009', 'mp_003', 'mp_051', 'mp_012', 'mp_049', 'mp_040', 'mp_021', 'mp_006', 'mp_023', 'mp_004', 'mp_013', 'mp_002', 'mp_034', 'mp_050', 'mp_005', 'mp_011', 'mp_001', 'mp_007', 'mp_030', 'mp_019'}
E   assert not {'mp_demo001', 'mp_demo002', 'mp_demo003', 'mp_demo004', 'mp_demo005'}</failure></testcase><testcase classname="tests.test_taxonomy_entity_type_iter94.TestDBCountsViaAPI" name="test_tag_category_links_exist" time="0.110" /><testcase classname="tests.test_taxonomy_entity_type_iter94.TestDBCountsViaAPI" name="test_tag_entity_type_links_exist" time="0.262" /><testcase classname="tests.test_taxonomy_entity_type_iter94.TestDuplicateRoutesAwareness" name="test_get_categories_with_entity_type_works" time="0.275" /><testcase classname="tests.test_taxonomy_entity_type_iter94.TestDuplicateRoutesAwareness" name="test_get_tags_with_entity_type_works" time="0.336" /></testsuite></testsuites>