<?xml version="1.0" encoding="utf-8"?><testsuites name="pytest tests"><testsuite name="pytest" errors="0" failures="0" skipped="0" tests="17" time="3.068" timestamp="2026-03-22T02:46:20.620935+00:00" hostname="agent-env-2fbae626-b356-4b21-bd6d-fb77ed2c5426"><testcase classname="tests.test_marketplace_iter88.TestBackendHealth" name="test_marketplace_endpoint_accessible" time="0.117" /><testcase classname="tests.test_marketplace_iter88.TestBackendHealth" name="test_openapi_docs_accessible" time="0.106" /><testcase classname="tests.test_marketplace_iter88.TestAuthentication" name="test_login_coach" time="0.369" /><testcase classname="tests.test_marketplace_iter88.TestAuthentication" name="test_login_admin" time="0.349" /><testcase classname="tests.test_marketplace_iter88.TestAuthentication" name="test_login_invalid_credentials" time="0.410" /><testcase classname="tests.test_marketplace_iter88.TestMarketplaceProducts" name="test_get_all_products_returns_14" time="0.227" /><testcase classname="tests.test_marketplace_iter88.TestMarketplaceProducts" name="test_response_structure" time="0.146" /><testcase classname="tests.test_marketplace_iter88.TestMarketplaceProducts" name="test_no_mongo_id_field" time="0.138" /><testcase classname="tests.test_marketplace_iter88.TestMarketplaceProducts" name="test_price_is_float_not_decimal" time="0.098" /><testcase classname="tests.test_marketplace_iter88.TestMarketplaceFiltering" name="test_filter_by_tag_ids_yoga_fitness" time="0.178" /><testcase classname="tests.test_marketplace_iter88.TestMarketplaceFiltering" name="test_filter_by_single_tag" time="0.176" /><testcase classname="tests.test_marketplace_iter88.TestMarketplaceFiltering" name="test_filter_by_spotyou_id_demo001" time="0.118" /><testcase classname="tests.test_marketplace_iter88.TestMarketplaceFiltering" name="test_filter_by_invalid_spotyou_id_no_500" time="0.132" /><testcase classname="tests.test_marketplace_iter88.TestMarketplaceFiltering" name="test_no_filters_returns_all_products" time="0.103" /><testcase classname="tests.test_marketplace_iter88.TestMarketplaceFiltering" name="test_empty_tag_ids_param" time="0.106" /><testcase classname="tests.test_marketplace_iter88.TestMarketplaceSortOrder" name="test_filtered_sponsored_products_first" time="0.108" /><testcase classname="tests.test_marketplace_iter88.TestMarketplaceSortOrder" name="test_unfiltered_returns_products_ordered_by_date" time="0.107" /></testsuite></testsuites>