<?xml version="1.0" encoding="utf-8"?><testsuites name="pytest tests"><testsuite name="pytest" errors="0" failures="0" skipped="0" tests="12" time="5.430" timestamp="2026-03-16T17:56:59.992376+00:00" hostname="agent-env-d9212b1b-38ad-4cfc-850a-1316d24d7d13"><testcase classname="tests.test_service_crud_iter85.TestServiceRead" name="test_get_service_demo001_exists" time="0.286" /><testcase classname="tests.test_service_crud_iter85.TestServiceRead" name="test_get_service_tags_are_present" time="0.151" /><testcase classname="tests.test_service_crud_iter85.TestServiceRead" name="test_get_service_images_are_urls" time="0.125" /><testcase classname="tests.test_service_crud_iter85.TestTagsAndDomains" name="test_get_domains_list" time="0.143" /><testcase classname="tests.test_service_crud_iter85.TestTagsAndDomains" name="test_get_tags_for_coaching_domain" time="0.167" /><testcase classname="tests.test_service_crud_iter85.TestTagsAndDomains" name="test_get_tags_for_sport_domain" time="0.156" /><testcase classname="tests.test_service_crud_iter85.TestServiceUpdate" name="test_update_service_requires_auth" time="0.192" /><testcase classname="tests.test_service_crud_iter85.TestServiceUpdate" name="test_update_service_with_auth" time="0.585" /><testcase classname="tests.test_service_crud_iter85.TestImageUpload" name="test_upload_requires_auth" time="0.159" /><testcase classname="tests.test_service_crud_iter85.TestImageUpload" name="test_upload_with_auth_but_no_file" time="0.611" /><testcase classname="tests.test_service_crud_iter85.TestMyServices" name="test_get_my_services_requires_auth" time="0.112" /><testcase classname="tests.test_service_crud_iter85.TestMyServices" name="test_get_my_services_returns_coach_services" time="2.660" /></testsuite></testsuites>