<?xml version="1.0" encoding="utf-8"?><testsuites name="pytest tests"><testsuite name="pytest" errors="0" failures="0" skipped="0" tests="16" time="5.615" timestamp="2026-03-17T17:59:13.321064+00:00" hostname="agent-env-6705bfa2-d23b-4bbf-82d5-54d88855efde"><testcase classname="tests.test_address_privacy_iter86.TestAddressMaskingLogic" name="test_1000m_skips_france_returns_city" time="0.659" /><testcase classname="tests.test_address_privacy_iter86.TestAddressMaskingLogic" name="test_1000m_extracts_city_from_postal_code" time="0.000" /><testcase classname="tests.test_address_privacy_iter86.TestAddressMaskingLogic" name="test_100m_strips_house_number" time="0.000" /><testcase classname="tests.test_address_privacy_iter86.TestAddressMaskingLogic" name="test_exact_returns_full_address" time="0.419" /><testcase classname="tests.test_address_privacy_iter86.TestOwnerVsNonOwnerPrivacy" name="test_owner_sees_is_owner_true" time="0.636" /><testcase classname="tests.test_address_privacy_iter86.TestOwnerVsNonOwnerPrivacy" name="test_non_owner_sees_is_owner_false" time="0.398" /><testcase classname="tests.test_address_privacy_iter86.TestOwnerVsNonOwnerPrivacy" name="test_anonymous_user_sees_is_owner_false" time="0.059" /><testcase classname="tests.test_address_privacy_iter86.TestMyServicesEndpoint" name="test_my_services_includes_original_description" time="0.458" /><testcase classname="tests.test_address_privacy_iter86.TestAddressMaskingIntegration" name="test_service_detail_structure" time="0.984" /><testcase classname="tests.test_address_privacy_iter86.TestMaskAddressFunctionDirect" name="test_api_accessible" time="0.127" /><testcase classname="tests.test_address_privacy_iter86.TestMaskAddressFunctionDirect" name="test_auth_endpoints" time="0.581" /><testcase classname="tests.test_address_privacy_iter86.TestMaskAddressFunctionDirect" name="test_service_exists" time="0.068" /><testcase classname="tests.test_address_privacy_iter86.TestLocationPrecisionMasking" name="test_location_has_precision_field" time="0.127" /><testcase classname="tests.test_address_privacy_iter86.TestLocationPrecisionMasking" name="test_masked_description_not_contains_france" time="0.401" /><testcase classname="tests.test_address_privacy_iter86.TestLocationPrecisionMasking" name="test_owner_has_original_for_non_exact" time="0.534" /><testcase classname="tests.test_address_privacy_iter86.TestLocationPrecisionMasking" name="test_non_owner_lacks_original_description" time="0.077" /></testsuite></testsuites>