<?xml version="1.0" encoding="utf-8"?><testsuites name="pytest tests"><testsuite name="pytest" errors="0" failures="0" skipped="0" tests="17" time="3.691" timestamp="2026-03-10T00:52:12.511976+00:00" hostname="agent-env-87dd06eb-8c64-485d-8700-73dd2fa1b7c4"><testcase classname="tests.test_spotyou_participation.TestJoinSpotYou" name="test_join_adds_user_to_community" time="0.606" /><testcase classname="tests.test_spotyou_participation.TestJoinSpotYou" name="test_join_is_idempotent" time="0.178" /><testcase classname="tests.test_spotyou_participation.TestJoinSpotYou" name="test_join_reflected_in_detail" time="0.198" /><testcase classname="tests.test_spotyou_participation.TestAutoJoinWhenGoing" name="test_going_auto_joins_community" time="0.179" /><testcase classname="tests.test_spotyou_participation.TestAttendanceCreation" name="test_going_creates_attendance_record" time="0.132" /><testcase classname="tests.test_spotyou_participation.TestAttendanceCreation" name="test_going_count_increases" time="0.546" /><testcase classname="tests.test_spotyou_participation.TestAttendanceCreation" name="test_going_is_idempotent" time="0.231" /><testcase classname="tests.test_spotyou_participation.TestCapacityLimit" name="test_create_spotyou_with_capacity" time="0.063" /><testcase classname="tests.test_spotyou_participation.TestCapacityLimit" name="test_capacity_auto_fill_min_from_max" time="0.056" /><testcase classname="tests.test_spotyou_participation.TestCapacityLimit" name="test_capacity_auto_fill_max_from_min" time="0.061" /><testcase classname="tests.test_spotyou_participation.TestMembersList" name="test_members_list_returns_joined_users" time="0.175" /><testcase classname="tests.test_spotyou_participation.TestMembersList" name="test_members_list_shows_creator_first" time="0.243" /><testcase classname="tests.test_spotyou_participation.TestGoingList" name="test_going_list_returns_session_attendees" time="0.174" /><testcase classname="tests.test_spotyou_participation.TestGoingList" name="test_going_list_has_user_fields" time="0.179" /><testcase classname="tests.test_spotyou_participation.TestGoingList" name="test_not_going_removes_attendance" time="0.312" /><testcase classname="tests.test_spotyou_participation.TestTagPointDetailFields" name="test_detail_includes_participation_fields" time="0.126" /><testcase classname="tests.test_spotyou_participation.TestTagPointDetailFields" name="test_detail_includes_next_session_date_for_recurring" time="0.123" /></testsuite></testsuites>