<?xml version="1.0" encoding="utf-8"?><testsuites name="pytest tests"><testsuite name="pytest" errors="0" failures="0" skipped="0" tests="27" time="4.880" timestamp="2026-03-08T14:47:14.232686+00:00" hostname="agent-env-82833ed6-1a2a-45d4-b043-d25803efd201"><testcase classname="tests.test_subscriptions_iter51" name="test_01_list_plans_public" time="0.226" /><testcase classname="tests.test_subscriptions_iter51" name="test_02_plans_active_only" time="0.121" /><testcase classname="tests.test_subscriptions_iter51" name="test_03_admin_plans_all" time="1.064" /><testcase classname="tests.test_subscriptions_iter51" name="test_04_subscribe_checkout_session" time="0.753" /><testcase classname="tests.test_subscriptions_iter51" name="test_05_subscribe_creates_stripe_price_id" time="0.001" /><testcase classname="tests.test_subscriptions_iter51" name="test_06_subscribe_plan_not_found" time="0.104" /><testcase classname="tests.test_subscriptions_iter51" name="test_07_subscribe_without_token" time="0.100" /><testcase classname="tests.test_subscriptions_iter51" name="test_08_double_subscribe_blocked" time="0.122" /><testcase classname="tests.test_subscriptions_iter51" name="test_09_me_no_subscription" time="0.110" /><testcase classname="tests.test_subscriptions_iter51" name="test_10_me_with_active_subscription" time="0.285" /><testcase classname="tests.test_subscriptions_iter51" name="test_11_cancel_no_subscription" time="0.110" /><testcase classname="tests.test_subscriptions_iter51" name="test_12_cancel_at_period_end" time="0.108" /><testcase classname="tests.test_subscriptions_iter51" name="test_13_immediate_cancel_user_forbidden" time="0.128" /><testcase classname="tests.test_subscriptions_iter51" name="test_14_admin_list_subscriptions" time="0.115" /><testcase classname="tests.test_subscriptions_iter51" name="test_15_admin_cancel_subscription" time="0.121" /><testcase classname="tests.test_subscriptions_iter51" name="test_16_webhook_subscription_created" time="0.103" /><testcase classname="tests.test_subscriptions_iter51" name="test_17_webhook_subscription_updated_cancelling" time="0.115" /><testcase classname="tests.test_subscriptions_iter51" name="test_18_webhook_subscription_deleted" time="0.115" /><testcase classname="tests.test_subscriptions_iter51" name="test_19_webhook_invoice_paid_renewal" time="0.112" /><testcase classname="tests.test_subscriptions_iter51" name="test_20_webhook_invoice_payment_failed" time="0.131" /><testcase classname="tests.test_subscriptions_iter51" name="test_21_pricing_with_payer_subscription" time="0.008" /><testcase classname="tests.test_subscriptions_iter51" name="test_22_pricing_without_subscription" time="0.002" /><testcase classname="tests.test_subscriptions_iter51" name="test_23_disabled_plan_preserves_benefits" time="0.105" /><testcase classname="tests.test_subscriptions_iter51" name="test_24_subscribe_disabled_plan" time="0.111" /><testcase classname="tests.test_subscriptions_iter51" name="test_25_invalid_duration_days" time="0.111" /><testcase classname="tests.test_subscriptions_iter51" name="test_26_subscription_history" time="0.102" /><testcase classname="tests.test_subscriptions_iter51" name="test_27_checkout_status_invalid_session" time="0.268" /></testsuite></testsuites>