<?xml version="1.0" encoding="utf-8"?><testsuites name="pytest tests"><testsuite name="pytest" errors="0" failures="0" skipped="0" tests="24" time="0.902" timestamp="2026-03-09T18:56:44.245294+00:00" hostname="agent-env-4cdf80db-b06a-471e-ab19-05858f754edd"><testcase classname="tests.test_global_booking_flags_iter60.TestPublicBookingConfig" name="test_public_config_returns_200" time="0.236" /><testcase classname="tests.test_global_booking_flags_iter60.TestPublicBookingConfig" name="test_public_config_has_correct_keys" time="0.005" /><testcase classname="tests.test_global_booking_flags_iter60.TestPublicBookingConfig" name="test_public_config_defaults_are_false" time="0.003" /><testcase classname="tests.test_global_booking_flags_iter60.TestPublicBookingConfig" name="test_public_config_no_auth_required" time="0.003" /><testcase classname="tests.test_global_booking_flags_iter60.TestAdminGetConfig" name="test_admin_get_config_returns_200" time="0.003" /><testcase classname="tests.test_global_booking_flags_iter60.TestAdminGetConfig" name="test_admin_get_config_has_correct_keys" time="0.003" /><testcase classname="tests.test_global_booking_flags_iter60.TestAdminGetConfig" name="test_admin_get_config_without_auth_returns_401_or_403" time="0.002" /><testcase classname="tests.test_global_booking_flags_iter60.TestAdminGetConfig" name="test_admin_get_config_with_user_token_returns_403" time="0.227" /><testcase classname="tests.test_global_booking_flags_iter60.TestAdminUpdateConfig" name="test_update_manual_approval_flag" time="0.003" /><testcase classname="tests.test_global_booking_flags_iter60.TestAdminUpdateConfig" name="test_update_config_persisted" time="0.005" /><testcase classname="tests.test_global_booking_flags_iter60.TestAdminUpdateConfig" name="test_update_pay_later_flag" time="0.003" /><testcase classname="tests.test_global_booking_flags_iter60.TestAdminUpdateConfig" name="test_update_both_flags_to_false" time="0.004" /><testcase classname="tests.test_global_booking_flags_iter60.TestAdminUpdateConfig" name="test_update_without_admin_auth_returns_401_or_403" time="0.002" /><testcase classname="tests.test_global_booking_flags_iter60.TestAdminUpdateConfig" name="test_update_with_user_token_returns_403" time="0.002" /><testcase classname="tests.test_global_booking_flags_iter60.TestAdminUpdateConfig" name="test_update_with_invalid_key_returns_400" time="0.002" /><testcase classname="tests.test_global_booking_flags_iter60.TestAdminUpdateConfig" name="test_public_config_reflects_admin_update" time="0.007" /><testcase classname="tests.test_global_booking_flags_iter60.TestServiceFlagNormalization" name="test_create_service_manual_approval_normalized_when_flag_false" time="0.233" /><testcase classname="tests.test_global_booking_flags_iter60.TestServiceFlagNormalization" name="test_create_service_allow_pay_later_normalized_when_flag_false" time="0.008" /><testcase classname="tests.test_global_booking_flags_iter60.TestServiceFlagNormalization" name="test_create_service_with_flags_enabled_preserves_manual_approval" time="0.011" /><testcase classname="tests.test_global_booking_flags_iter60.TestBookingFlagEnforcement" name="test_booking_pay_later_rejected_when_flag_false" time="0.011" /><testcase classname="tests.test_global_booking_flags_iter60.TestBookingFlagEnforcement" name="test_booking_instant_booking_goes_to_awaiting_payment_when_manual_approval_flag_false" time="0.011" /><testcase classname="tests.test_global_booking_flags_iter60.TestBookingFlagEnforcement" name="test_booking_manual_approval_service_forced_to_instant_when_flag_false" time="0.032" /><testcase classname="tests.test_global_booking_flags_iter60.TestFinalStateVerification" name="test_flags_are_mvp_defaults_after_all_tests" time="0.003" /><testcase classname="tests.test_global_booking_flags_iter60.TestFinalStateVerification" name="test_public_config_is_mvp_defaults" time="0.006" /></testsuite></testsuites>