<?xml version="1.0" encoding="utf-8"?><testsuites name="pytest tests"><testsuite name="pytest" errors="0" failures="0" skipped="0" tests="21" time="4.014" timestamp="2026-03-26T14:24:41.105559+00:00" hostname="agent-env-a151b72d-9d9e-4a6b-a900-568d1a70c802"><testcase classname="tests.test_product_validation_iter93.TestPendingReviewMissingCategory" name="test_missing_category_returns_422" time="0.649" /><testcase classname="tests.test_product_validation_iter93.TestPendingReviewMissingCategory" name="test_null_category_returns_422" time="0.159" /><testcase classname="tests.test_product_validation_iter93.TestPendingReviewMissingPhoto" name="test_empty_image_urls_returns_422" time="0.129" /><testcase classname="tests.test_product_validation_iter93.TestPendingReviewMissingPhoto" name="test_no_image_urls_field_returns_422" time="0.115" /><testcase classname="tests.test_product_validation_iter93.TestPendingReviewMissingCondition" name="test_empty_condition_returns_422" time="0.121" /><testcase classname="tests.test_product_validation_iter93.TestPendingReviewMissingCondition" name="test_null_condition_returns_422" time="0.106" /><testcase classname="tests.test_product_validation_iter93.TestPendingReviewMissingMaxDuration" name="test_missing_max_duration_returns_422" time="0.216" /><testcase classname="tests.test_product_validation_iter93.TestPendingReviewMissingMaxDuration" name="test_zero_max_duration_returns_422" time="0.122" /><testcase classname="tests.test_product_validation_iter93.TestPendingReviewMissingMaxDuration" name="test_session_pricing_no_max_days_ok" time="0.283" /><testcase classname="tests.test_product_validation_iter93.TestPendingReviewMissingDepositAmount" name="test_deposit_required_no_amount_returns_422" time="0.105" /><testcase classname="tests.test_product_validation_iter93.TestPendingReviewMissingDepositAmount" name="test_deposit_required_zero_amount_returns_422" time="0.179" /><testcase classname="tests.test_product_validation_iter93.TestPendingReviewMissingDepositAmount" name="test_deposit_required_with_amount_ok" time="0.247" /><testcase classname="tests.test_product_validation_iter93.TestPendingReviewAllFieldsValid" name="test_valid_pending_review_returns_200" time="0.356" /><testcase classname="tests.test_product_validation_iter93.TestDraftNoValidation" name="test_draft_without_photo_and_category_ok" time="0.231" /><testcase classname="tests.test_product_validation_iter93.TestDraftNoValidation" name="test_draft_no_condition_label_ok" time="0.218" /><testcase classname="tests.test_product_validation_iter93.TestGetProductDetail" name="test_get_detail_returns_all_edit_fields" time="0.105" /><testcase classname="tests.test_product_validation_iter93.TestGetProductDetail" name="test_get_detail_unauthorized_returns_404" time="0.104" /><testcase classname="tests.test_product_validation_iter93.TestGetProductDetail" name="test_get_detail_nonexistent_product" time="0.112" /><testcase classname="tests.test_product_validation_iter93.TestGetProductDetail" name="test_get_detail_includes_lat_lng" time="0.107" /><testcase classname="tests.test_product_validation_iter93.TestGetProductDetail" name="test_get_detail_includes_return_rules" time="0.147" /><testcase classname="tests.test_product_validation_iter93.TestMultipleValidationErrors" name="test_multiple_missing_fields_returns_details_list" time="0.119" /></testsuite></testsuites>