<?xml version="1.0" encoding="utf-8"?><testsuites name="pytest tests"><testsuite name="pytest" errors="0" failures="0" skipped="0" tests="13" time="1.883" timestamp="2026-03-24T23:46:13.571846+00:00" hostname="agent-env-4f262b32-3d1d-4874-827a-2562c63996a5"><testcase classname="tests.test_marketplace_iter89.TestSellerStatsEnrichment" name="test_seller_stats_present_unfiltered" time="0.288" /><testcase classname="tests.test_marketplace_iter89.TestSellerStatsEnrichment" name="test_seller_stats_keys_complete" time="0.117" /><testcase classname="tests.test_marketplace_iter89.TestSellerStatsEnrichment" name="test_seller_stats_rating_avg_can_be_none" time="0.170" /><testcase classname="tests.test_marketplace_iter89.TestSellerStatsEnrichment" name="test_seller_stats_counts_are_integers" time="0.124" /><testcase classname="tests.test_marketplace_iter89.TestSellerStatsPtDemo009" name="test_pt_demo009_returns_12_items" time="0.110" /><testcase classname="tests.test_marketplace_iter89.TestSellerStatsPtDemo009" name="test_pt_demo009_seller_stats_on_all_items" time="0.128" /><testcase classname="tests.test_marketplace_iter89.TestSellerStatsPtDemo009" name="test_pt_demo009_owner_items_have_non_zero_stats" time="0.143" /><testcase classname="tests.test_marketplace_iter89.TestSellerStatsPtDemo009" name="test_pt_demo009_has_service_item" time="0.136" /><testcase classname="tests.test_marketplace_iter89.TestSellerStatsPtDemo009" name="test_pt_demo009_owner_first_order" time="0.144" /><testcase classname="tests.test_marketplace_iter89.TestSellerStatsPtDemo009" name="test_pt_demo009_badge_types_present" time="0.108" /><testcase classname="tests.test_marketplace_iter89.TestSellerStatsEdgeCases" name="test_seller_stats_no_500_error" time="0.109" /><testcase classname="tests.test_marketplace_iter89.TestSellerStatsEdgeCases" name="test_seller_stats_invalid_spotyou_no_500" time="0.111" /><testcase classname="tests.test_marketplace_iter89.TestSellerStatsEdgeCases" name="test_seller_stats_with_tag_filter" time="0.116" /></testsuite></testsuites>