<?xml version="1.0" encoding="utf-8"?><testsuites name="pytest tests"><testsuite name="pytest" errors="0" failures="0" skipped="0" tests="16" time="177.221" timestamp="2026-03-11T13:36:51.899065+00:00" hostname="agent-env-00d8a4d5-d7bc-4c31-9428-231ea4aecfcd"><testcase classname="test_18_shared_components.TestNavigation" name="test_chat_tab_loads[chromium]" time="10.573" /><testcase classname="test_18_shared_components.TestNavigation" name="test_notifications_tab_loads[chromium]" time="10.050" /><testcase classname="test_18_shared_components.TestNavigation" name="test_profile_tab_loads[chromium]" time="9.830" /><testcase classname="test_18_shared_components.TestNavigation" name="test_bookings_screen_loads[chromium]" time="10.869" /><testcase classname="test_18_shared_components.TestScreenLoader" name="test_screen_loader_present_on_load[chromium]" time="9.985" /><testcase classname="test_18_shared_components.TestScreenLoader" name="test_profile_screen_loader[chromium]" time="9.843" /><testcase classname="test_18_shared_components.TestEmptyState" name="test_empty_state_bookings[chromium]" time="10.813" /><testcase classname="test_18_shared_components.TestEmptyState" name="test_empty_state_chat[chromium]" time="11.024" /><testcase classname="test_18_shared_components.TestEmptyState" name="test_empty_state_notifications[chromium]" time="10.896" /><testcase classname="test_18_shared_components.TestUserAvatar" name="test_user_avatar_in_chat_conversations[chromium]" time="10.879" /><testcase classname="test_18_shared_components.TestUserAvatar" name="test_user_avatar_in_notifications[chromium]" time="10.876" /><testcase classname="test_18_shared_components.TestUserAvatar" name="test_user_avatar_in_user_profile_reviews[chromium]" time="12.901" /><testcase classname="test_18_shared_components.TestSpotMeModal" name="test_spot_me_screen_loads[chromium]" time="9.783" /><testcase classname="test_18_shared_components.TestSpotMeModal" name="test_spot_me_members_modal_with_user_avatar[chromium]" time="10.782" /><testcase classname="test_18_shared_components.TestUserIdScreen" name="test_coach_profile_loads[chromium]" time="17.241" /><testcase classname="test_18_shared_components.TestUserIdScreen" name="test_user_id_screen_not_found_state[chromium]" time="10.846" /></testsuite></testsuites>