<?xml version="1.0" encoding="utf-8"?><testsuites name="pytest tests"><testsuite name="pytest" errors="0" failures="0" skipped="2" tests="24" time="52.937" timestamp="2026-04-02T13:00:35.053738+00:00" hostname="agent-env-acbaf911-bc01-47ca-b054-a3c95be5cea2"><testcase classname="tests.test_retention_90j.TestReactivatableInitial" name="test_reactivatable_requires_auth" time="0.234" /><testcase classname="tests.test_retention_90j.TestReactivatableInitial" name="test_reactivatable_returns_empty_structure" time="2.202" /><testcase classname="tests.test_retention_90j.TestTagPointSoftDeleteCycle" name="test_01_delete_tagpoint_returns_media_purge_date" time="1.707"><skipped type="pytest.skip" message="SpotYou pt_demo003 déjà supprimé (run précédent sans cleanup)">/app/backend/tests/test_retention_90j.py:112: SpotYou pt_demo003 déjà supprimé (run précédent sans cleanup)</skipped></testcase><testcase classname="tests.test_retention_90j.TestTagPointSoftDeleteCycle" name="test_02_reactivatable_includes_deleted_spotyou" time="2.170" /><testcase classname="tests.test_retention_90j.TestTagPointSoftDeleteCycle" name="test_03_reactivate_tagpoint_success" time="3.729" /><testcase classname="tests.test_retention_90j.TestTagPointSoftDeleteCycle" name="test_04_reactivatable_excludes_reactivated_spotyou" time="2.178" /><testcase classname="tests.test_retention_90j.TestServiceSoftDeleteCycle" name="test_01_delete_service_returns_purge_date" time="2.849" /><testcase classname="tests.test_retention_90j.TestServiceSoftDeleteCycle" name="test_02_get_deactivated_services_returns_200" time="1.731" /><testcase classname="tests.test_retention_90j.TestServiceSoftDeleteCycle" name="test_03_deactivated_services_includes_deleted_service" time="1.706" /><testcase classname="tests.test_retention_90j.TestServiceSoftDeleteCycle" name="test_04_reactivate_service_success" time="3.184" /><testcase classname="tests.test_retention_90j.TestProductSoftDeleteCycle" name="test_01_get_coach_product" time="1.745" /><testcase classname="tests.test_retention_90j.TestProductSoftDeleteCycle" name="test_02_delete_product_sets_purge_date" time="1.718"><skipped type="pytest.skip" message="Aucun produit actif disponible pour le coach">/app/backend/tests/test_retention_90j.py:331: Aucun produit actif disponible pour le coach</skipped></testcase><testcase classname="tests.test_retention_90j.TestProductSoftDeleteCycle" name="test_03_reactivate_product_success" time="3.425" /><testcase classname="tests.test_retention_90j.TestUserDeactivateReactivateCycle" name="test_01_deactivate_user_coach" time="4.815" /><testcase classname="tests.test_retention_90j.TestUserDeactivateReactivateCycle" name="test_02_reactivate_user_coach" time="3.165" /><testcase classname="tests.test_retention_90j.TestSecurityEdgeCases" name="test_user_cannot_deactivate_other_user" time="2.331" /><testcase classname="tests.test_retention_90j.TestSecurityEdgeCases" name="test_user_cannot_reactivate_tagpoint_of_other" time="1.748" /><testcase classname="tests.test_retention_90j.TestSecurityEdgeCases" name="test_deactivate_nonexistent_user_returns_404" time="1.721" /><testcase classname="tests.test_retention_90j.TestSecurityEdgeCases" name="test_reactivate_nonexistent_tagpoint_returns_404" time="1.763" /><testcase classname="tests.test_retention_90j.TestSecurityEdgeCases" name="test_get_services_deactivated_requires_auth" time="0.133" /><testcase classname="tests.test_retention_90j.TestSecurityEdgeCases" name="test_reactivate_already_active_service_returns_409" time="2.402" /><testcase classname="tests.test_retention_90j.TestSecurityEdgeCases" name="test_reactivatable_user_creds_also_works" time="2.165" /><testcase classname="tests.test_retention_90j.TestMigration012Columns" name="test_reactivatable_endpoint_responds_to_migration012" time="2.216" /><testcase classname="tests.test_retention_90j.TestMigration012Columns" name="test_services_deactivated_uses_migration012_columns" time="1.778" /></testsuite></testsuites>