<?xml version="1.0" encoding="utf-8"?><testsuites name="pytest tests"><testsuite name="pytest" errors="0" failures="0" skipped="0" tests="15" time="2.306" timestamp="2026-02-26T15:39:41.562359+00:00" hostname="agent-env-65147102-5efe-48af-9cc9-f9408b520f5a"><testcase classname="backend.tests.test_owner_actions_iter13.TestGetTagPoint" name="test_get_returns_is_public_field" time="0.203" /><testcase classname="backend.tests.test_owner_actions_iter13.TestGetTagPoint" name="test_get_returns_all_required_fields" time="0.085" /><testcase classname="backend.tests.test_owner_actions_iter13.TestGetTagPoint" name="test_get_unknown_tagpoint_returns_404" time="0.089" /><testcase classname="backend.tests.test_owner_actions_iter13.TestVisibilityToggle" name="test_visibility_requires_auth" time="0.060" /><testcase classname="backend.tests.test_owner_actions_iter13.TestVisibilityToggle" name="test_visibility_toggle_first_call" time="0.414" /><testcase classname="backend.tests.test_owner_actions_iter13.TestVisibilityToggle" name="test_visibility_toggle_second_call_restores" time="0.117" /><testcase classname="backend.tests.test_owner_actions_iter13.TestVisibilityToggle" name="test_visibility_persisted_in_db" time="0.381" /><testcase classname="backend.tests.test_owner_actions_iter13.TestUpdateTagPoint" name="test_update_requires_auth" time="0.075" /><testcase classname="backend.tests.test_owner_actions_iter13.TestUpdateTagPoint" name="test_update_title_and_description" time="0.107" /><testcase classname="backend.tests.test_owner_actions_iter13.TestUpdateTagPoint" name="test_update_persisted_in_db" time="0.136" /><testcase classname="backend.tests.test_owner_actions_iter13.TestUpdateTagPoint" name="test_update_restores_original_title" time="0.074" /><testcase classname="backend.tests.test_owner_actions_iter13.TestDeleteTagPoint" name="test_delete_temp_point_sets_active_false" time="0.144" /><testcase classname="backend.tests.test_owner_actions_iter13.TestDeleteTagPoint" name="test_delete_requires_auth" time="0.073" /><testcase classname="backend.tests.test_owner_actions_iter13.TestDeleteTagPoint" name="test_delete_nonexistent_returns_404" time="0.065" /><testcase classname="backend.tests.test_owner_actions_iter13.TestDeleteTagPoint" name="test_delete_other_user_point_returns_403" time="0.162" /></testsuite></testsuites>