<?xml version="1.0" encoding="utf-8"?><testsuites name="pytest tests"><testsuite name="pytest" errors="0" failures="0" skipped="0" tests="11" time="12.429" timestamp="2026-03-12T13:31:00.831528+00:00" hostname="agent-env-598bbc6a-6a9f-4a72-b18e-6c30782fa0b2"><testcase classname="tests.test_suggestions_iter77.TestSuggestionsAuth" name="test_suggestions_unauthenticated_returns_401" time="1.043" /><testcase classname="tests.test_suggestions_iter77.TestSuggestionsAuth" name="test_suggestions_wrong_user_returns_403" time="0.848" /><testcase classname="tests.test_suggestions_iter77.TestSuggestionsAuth" name="test_suggestions_own_profile_returns_200" time="0.834" /><testcase classname="tests.test_suggestions_iter77.TestSuggestionsContent" name="test_coach_suggestions_response_structure" time="1.200" /><testcase classname="tests.test_suggestions_iter77.TestSuggestionsContent" name="test_user_suggestions_has_interests_or_fallback" time="1.188" /><testcase classname="tests.test_suggestions_iter77.TestSuggestionsContent" name="test_admin_suggestions_no_interests_popular_fallback" time="1.188" /><testcase classname="tests.test_suggestions_iter77.TestSuggestionsContent" name="test_suggestions_excludes_already_followed" time="1.262" /><testcase classname="tests.test_suggestions_iter77.TestSuggestionsPagination" name="test_pagination_limit_parameter" time="1.205" /><testcase classname="tests.test_suggestions_iter77.TestSuggestionsPagination" name="test_pagination_skip_parameter" time="1.298" /><testcase classname="tests.test_suggestions_iter77.TestSuggestionsPagination" name="test_pagination_default_limit_is_10" time="1.128" /><testcase classname="tests.test_suggestions_iter77.TestSuggestionsPagination" name="test_pagination_skip_beyond_total" time="1.123" /></testsuite></testsuites>