<?xml version="1.0" encoding="utf-8"?><testsuites name="pytest tests"><testsuite name="pytest" errors="0" failures="0" skipped="0" tests="133" time="44.602" timestamp="2026-03-08T15:32:52.149940+00:00" hostname="agent-env-58cbc622-01c9-4bd1-bb97-f92365fc0c47"><testcase classname="tests.test_notifications_iter53.TestBookingNotifications" name="test_01_booking_accepted_notifies_payer" time="1.522" /><testcase classname="tests.test_notifications_iter53.TestBookingNotifications" name="test_02_booking_refused_notifies_payer" time="1.115" /><testcase classname="tests.test_notifications_iter53.TestBookingNotifications" name="test_03_booking_cancelled_notifies_receiver" time="1.454" /><testcase classname="tests.test_notifications_iter53.TestPaymentNotifications" name="test_04_payment_authorized_checkout_notifies_receiver" time="1.131" /><testcase classname="tests.test_notifications_iter53.TestPaymentNotifications" name="test_05_payment_authorized_pi_notifies_receiver" time="1.147" /><testcase classname="tests.test_notifications_iter53.TestPaymentNotifications" name="test_06_payment_captured_notifies_payer" time="1.124" /><testcase classname="tests.test_notifications_iter53.TestPaymentNotifications" name="test_07_payment_failed_notifies_payer" time="1.108" /><testcase classname="tests.test_notifications_iter53.TestPaymentNotifications" name="test_08_payment_refunded_full_notifies_payer" time="1.115" /><testcase classname="tests.test_notifications_iter53.TestPaymentNotifications" name="test_09_payment_partial_refund_notifies_payer" time="1.108" /><testcase classname="tests.test_notifications_iter53.TestPaymentNotifications" name="test_no_payment_notif_already_captured" time="1.129" /><testcase classname="tests.test_notifications_iter53.TestSubscriptionNotifications" name="test_10_subscription_created_notifies_user" time="1.122" /><testcase classname="tests.test_notifications_iter53.TestSubscriptionNotifications" name="test_11_subscription_cancelling_notifies_user" time="1.107" /><testcase classname="tests.test_notifications_iter53.TestSubscriptionNotifications" name="test_12_subscription_deleted_notifies_user" time="1.121" /><testcase classname="tests.test_notifications_iter53.TestSubscriptionNotifications" name="test_13_invoice_paid_renewal_notifies_user" time="1.109" /><testcase classname="tests.test_notifications_iter53.TestSubscriptionNotifications" name="test_14_invoice_payment_failed_notifies_user" time="1.139" /><testcase classname="tests.test_notifications_iter53.TestNoDoubleNotifications" name="test_15_idempotent_webhook_no_double_notif" time="1.247" /><testcase classname="tests.test_notifications_iter53.TestNoDoubleNotifications" name="test_16_booking_idempotent_accept_no_double_notif" time="2.240" /><testcase classname="tests.test_webhooks_iter52.TestPaymentEvents" name="test_01_checkout_completed_unpaid_authorized" time="0.142" /><testcase classname="tests.test_webhooks_iter52.TestPaymentEvents" name="test_02_checkout_completed_paid_captured" time="0.121" /><testcase classname="tests.test_webhooks_iter52.TestPaymentEvents" name="test_03_amount_capturable_updated" time="0.118" /><testcase classname="tests.test_webhooks_iter52.TestPaymentEvents" name="test_04_payment_intent_succeeded" time="0.116" /><testcase classname="tests.test_webhooks_iter52.TestPaymentEvents" name="test_05_payment_intent_failed" time="0.132" /><testcase classname="tests.test_webhooks_iter52.TestPaymentEvents" name="test_06_payment_intent_canceled" time="0.112" /><testcase classname="tests.test_webhooks_iter52.TestPaymentEvents" name="test_lookup_by_pi_id_fallback" time="0.112" /><testcase classname="tests.test_webhooks_iter52.TestChargeRefundEvents" name="test_07_charge_refunded_full" time="0.110" /><testcase classname="tests.test_webhooks_iter52.TestChargeRefundEvents" name="test_08_charge_refunded_partial" time="0.110" /><testcase classname="tests.test_webhooks_iter52.TestChargeRefundEvents" name="test_09_refund_updated_succeeded" time="0.111" /><testcase classname="tests.test_webhooks_iter52.TestChargeRefundEvents" name="test_charge_refunded_lookup_by_charge_id" time="0.117" /><testcase classname="tests.test_webhooks_iter52.TestSubscriptionEvents" name="test_10_subscription_created" time="0.120" /><testcase classname="tests.test_webhooks_iter52.TestSubscriptionEvents" name="test_11_subscription_updated_cancelling" time="0.112" /><testcase classname="tests.test_webhooks_iter52.TestSubscriptionEvents" name="test_12_subscription_updated_cancelled" time="0.105" /><testcase classname="tests.test_webhooks_iter52.TestSubscriptionEvents" name="test_13_subscription_deleted" time="0.112" /><testcase classname="tests.test_webhooks_iter52.TestSubscriptionEvents" name="test_14_invoice_paid_renewal" time="0.115" /><testcase classname="tests.test_webhooks_iter52.TestSubscriptionEvents" name="test_15_invoice_payment_failed" time="0.113" /><testcase classname="tests.test_webhooks_iter52.TestSubscriptionEvents" name="test_16_checkout_completed_subscription_mode" time="0.392" /><testcase classname="tests.test_webhooks_iter52.TestIdempotenceAndRobustness" name="test_17_idempotence_same_event_twice" time="0.172" /><testcase classname="tests.test_webhooks_iter52.TestIdempotenceAndRobustness" name="test_18_unknown_event_type_ok" time="0.105" /><testcase classname="tests.test_webhooks_iter52.TestIdempotenceAndRobustness" name="test_19_invalid_body" time="0.119" /><testcase classname="tests.test_webhooks_iter52.TestIdempotenceAndRobustness" name="test_20_no_state_regression_captured" time="0.101" /><testcase classname="tests.test_webhooks_iter52.TestIdempotenceAndRobustness" name="test_21_no_state_regression_refunded" time="0.133" /><testcase classname="tests.test_webhooks_iter52.TestIdempotenceAndRobustness" name="test_22_subscription_cancelled_no_reactivation" time="0.104" /><testcase classname="tests.test_webhooks_iter52.TestIdempotenceAndRobustness" name="test_23_webhook_event_tracked_in_db" time="0.103" /><testcase classname="tests.test_webhooks_iter52.TestIdempotenceAndRobustness" name="test_24_missing_event_id_returns_400" time="0.102" /><testcase classname="tests.test_webhooks_iter52.TestSummary" name="test_25_full_payment_lifecycle" time="0.170" /><testcase classname="tests.test_webhooks_iter52.TestSummary" name="test_26_full_subscription_lifecycle" time="0.219" /><testcase classname="tests.test_stripe_payment_iter50.TestBookingRequest" name="test_create_booking_unauthenticated" time="0.100" /><testcase classname="tests.test_stripe_payment_iter50.TestBookingRequest" name="test_create_booking_invalid_service" time="0.425" /><testcase classname="tests.test_stripe_payment_iter50.TestBookingRequest" name="test_create_booking_own_service_rejected" time="0.445" /><testcase classname="tests.test_stripe_payment_iter50.TestBookingRequest" name="test_create_booking_success" time="0.101" /><testcase classname="tests.test_stripe_payment_iter50.TestBookingRequest" name="test_create_booking_creates_payment_record" time="0.243" /><testcase classname="tests.test_stripe_payment_iter50.TestBookingRequest" name="test_create_booking_idempotency" time="0.204" /><testcase classname="tests.test_stripe_payment_iter50.TestCheckoutSession" name="test_checkout_session_unauthenticated" time="0.114" /><testcase classname="tests.test_stripe_payment_iter50.TestCheckoutSession" name="test_checkout_session_missing_booking_id" time="0.100" /><testcase classname="tests.test_stripe_payment_iter50.TestCheckoutSession" name="test_checkout_session_empty_booking_id" time="0.102" /><testcase classname="tests.test_stripe_payment_iter50.TestCheckoutSession" name="test_checkout_session_nonexistent_booking" time="0.133" /><testcase classname="tests.test_stripe_payment_iter50.TestCheckoutSession" name="test_checkout_session_success_returns_url_and_session_id" time="0.615" /><testcase classname="tests.test_stripe_payment_iter50.TestCheckoutSession" name="test_checkout_session_payment_intent_null_is_expected" time="0.688" /><testcase classname="tests.test_stripe_payment_iter50.TestCheckoutSession" name="test_checkout_session_unauthorized_user" time="0.213" /><testcase classname="tests.test_stripe_payment_iter50.TestCheckoutSession" name="test_checkout_session_idempotent_reuse" time="0.891" /><testcase classname="tests.test_stripe_payment_iter50.TestCheckoutStatus" name="test_status_unauthenticated" time="0.788" /><testcase classname="tests.test_stripe_payment_iter50.TestCheckoutStatus" name="test_status_nonexistent_session" time="0.113" /><testcase classname="tests.test_stripe_payment_iter50.TestCheckoutStatus" name="test_status_returns_correct_fields" time="0.301" /><testcase classname="tests.test_stripe_payment_iter50.TestCheckoutStatus" name="test_status_new_session_is_open_unpaid" time="0.308" /><testcase classname="tests.test_stripe_payment_iter50.TestCheckoutStatus" name="test_status_forbidden_for_other_user" time="0.105" /><testcase classname="tests.test_stripe_payment_iter50.TestCheckoutStatus" name="test_status_admin_can_access_any" time="0.618" /><testcase classname="tests.test_stripe_payment_iter50.TestBookingAccept" name="test_accept_unauthenticated" time="0.103" /><testcase classname="tests.test_stripe_payment_iter50.TestBookingAccept" name="test_accept_nonexistent_booking" time="0.095" /><testcase classname="tests.test_stripe_payment_iter50.TestBookingAccept" name="test_accept_by_non_receiver_rejected" time="0.234" /><testcase classname="tests.test_stripe_payment_iter50.TestBookingAccept" name="test_accept_booking_success" time="0.334" /><testcase classname="tests.test_stripe_payment_iter50.TestBookingAccept" name="test_accept_booking_idempotent" time="0.298" /><testcase classname="tests.test_stripe_payment_iter50.TestBookingAccept" name="test_accept_already_refused_booking_rejected" time="0.317" /><testcase classname="tests.test_stripe_payment_iter50.TestBookingRefuse" name="test_refuse_unauthenticated" time="0.104" /><testcase classname="tests.test_stripe_payment_iter50.TestBookingRefuse" name="test_refuse_nonexistent_booking" time="0.106" /><testcase classname="tests.test_stripe_payment_iter50.TestBookingRefuse" name="test_refuse_by_non_receiver_rejected" time="0.204" /><testcase classname="tests.test_stripe_payment_iter50.TestBookingRefuse" name="test_refuse_booking_success" time="0.340" /><testcase classname="tests.test_stripe_payment_iter50.TestBookingRefuse" name="test_refuse_booking_idempotent" time="0.337" /><testcase classname="tests.test_stripe_payment_iter50.TestBookingRefuse" name="test_refuse_accepted_booking_rejected" time="0.336" /><testcase classname="tests.test_stripe_payment_iter50.TestBookingCancel" name="test_cancel_unauthenticated" time="0.102" /><testcase classname="tests.test_stripe_payment_iter50.TestBookingCancel" name="test_cancel_nonexistent_booking" time="0.113" /><testcase classname="tests.test_stripe_payment_iter50.TestBookingCancel" name="test_cancel_by_non_payer_rejected" time="0.208" /><testcase classname="tests.test_stripe_payment_iter50.TestBookingCancel" name="test_cancel_requested_booking_success" time="0.347" /><testcase classname="tests.test_stripe_payment_iter50.TestBookingCancel" name="test_cancel_accepted_booking_success" time="0.304" /><testcase classname="tests.test_stripe_payment_iter50.TestBookingCancel" name="test_cancel_booking_idempotent" time="0.336" /><testcase classname="tests.test_stripe_payment_iter50.TestBookingCancel" name="test_cancel_refused_booking_rejected" time="0.308" /><testcase classname="tests.test_stripe_payment_iter50.TestBookingCancel" name="test_admin_can_cancel_any_booking" time="0.210" /><testcase classname="tests.test_stripe_payment_iter50.TestPaymentsMe" name="test_payments_me_unauthenticated" time="0.109" /><testcase classname="tests.test_stripe_payment_iter50.TestPaymentsMe" name="test_payments_me_returns_list" time="0.145" /><testcase classname="tests.test_stripe_payment_iter50.TestPaymentsMe" name="test_payments_me_contains_payment_fields" time="0.215" /><testcase classname="tests.test_stripe_payment_iter50.TestPaymentsMe" name="test_payments_me_ordered_by_date_desc" time="0.155" /><testcase classname="tests.test_stripe_payment_iter50.TestStripeWebhook" name="test_webhook_empty_body_returns_400" time="0.119" /><testcase classname="tests.test_stripe_payment_iter50.TestStripeWebhook" name="test_webhook_invalid_json_returns_400" time="0.102" /><testcase classname="tests.test_stripe_payment_iter50.TestStripeWebhook" name="test_webhook_valid_event_without_signature_returns_200" time="0.107" /><testcase classname="tests.test_stripe_payment_iter50.TestStripeWebhook" name="test_webhook_payment_intent_succeeded_returns_200" time="0.100" /><testcase classname="tests.test_stripe_payment_iter50.TestStripeWebhook" name="test_webhook_payment_intent_canceled_returns_200" time="0.117" /><testcase classname="tests.test_stripe_payment_iter50.TestStripeWebhook" name="test_webhook_updates_payment_status_on_succeeded" time="0.477" /><testcase classname="tests.test_stripe_payment_iter50.TestAdminPayments" name="test_admin_payments_unauthenticated" time="0.113" /><testcase classname="tests.test_stripe_payment_iter50.TestAdminPayments" name="test_admin_payments_non_admin_forbidden" time="0.112" /><testcase classname="tests.test_stripe_payment_iter50.TestAdminPayments" name="test_admin_payments_returns_list" time="0.117" /><testcase classname="tests.test_stripe_payment_iter50.TestAdminPayments" name="test_admin_payments_includes_all_users" time="0.129" /><testcase classname="tests.test_stripe_payment_iter50.TestAdminPayments" name="test_admin_payments_coach_forbidden" time="0.110" /><testcase classname="tests.test_stripe_payment_iter50.TestAdminPaymentStats" name="test_admin_stats_unauthenticated" time="0.096" /><testcase classname="tests.test_stripe_payment_iter50.TestAdminPaymentStats" name="test_admin_stats_non_admin_forbidden" time="0.098" /><testcase classname="tests.test_stripe_payment_iter50.TestAdminPaymentStats" name="test_admin_stats_returns_correct_fields" time="0.098" /><testcase classname="tests.test_stripe_payment_iter50.TestAdminPaymentStats" name="test_admin_stats_values_are_non_negative" time="0.125" /><testcase classname="tests.test_stripe_payment_iter50.TestFullE2EFlow" name="test_full_booking_to_checkout_flow" time="1.086" /><testcase classname="tests.test_stripe_payment_iter50.TestFullE2EFlow" name="test_accept_flow_db_state_machine" time="0.451" /><testcase classname="tests.test_subscriptions_iter51" name="test_01_list_plans_public" time="0.096" /><testcase classname="tests.test_subscriptions_iter51" name="test_02_plans_active_only" time="0.114" /><testcase classname="tests.test_subscriptions_iter51" name="test_03_admin_plans_all" time="0.995" /><testcase classname="tests.test_subscriptions_iter51" name="test_04_subscribe_checkout_session" time="0.554" /><testcase classname="tests.test_subscriptions_iter51" name="test_05_subscribe_creates_stripe_price_id" time="0.001" /><testcase classname="tests.test_subscriptions_iter51" name="test_06_subscribe_plan_not_found" time="0.122" /><testcase classname="tests.test_subscriptions_iter51" name="test_07_subscribe_without_token" time="0.102" /><testcase classname="tests.test_subscriptions_iter51" name="test_08_double_subscribe_blocked" time="0.117" /><testcase classname="tests.test_subscriptions_iter51" name="test_09_me_no_subscription" time="0.110" /><testcase classname="tests.test_subscriptions_iter51" name="test_10_me_with_active_subscription" time="0.100" /><testcase classname="tests.test_subscriptions_iter51" name="test_11_cancel_no_subscription" time="0.112" /><testcase classname="tests.test_subscriptions_iter51" name="test_12_cancel_at_period_end" time="0.112" /><testcase classname="tests.test_subscriptions_iter51" name="test_13_immediate_cancel_user_forbidden" time="0.102" /><testcase classname="tests.test_subscriptions_iter51" name="test_14_admin_list_subscriptions" time="0.120" /><testcase classname="tests.test_subscriptions_iter51" name="test_15_admin_cancel_subscription" time="0.109" /><testcase classname="tests.test_subscriptions_iter51" name="test_16_webhook_subscription_created" time="0.105" /><testcase classname="tests.test_subscriptions_iter51" name="test_17_webhook_subscription_updated_cancelling" time="0.120" /><testcase classname="tests.test_subscriptions_iter51" name="test_18_webhook_subscription_deleted" time="0.112" /><testcase classname="tests.test_subscriptions_iter51" name="test_19_webhook_invoice_paid_renewal" time="0.102" /><testcase classname="tests.test_subscriptions_iter51" name="test_20_webhook_invoice_payment_failed" time="0.108" /><testcase classname="tests.test_subscriptions_iter51" name="test_21_pricing_with_payer_subscription" time="0.006" /><testcase classname="tests.test_subscriptions_iter51" name="test_22_pricing_without_subscription" time="0.002" /><testcase classname="tests.test_subscriptions_iter51" name="test_23_disabled_plan_preserves_benefits" time="0.102" /><testcase classname="tests.test_subscriptions_iter51" name="test_24_subscribe_disabled_plan" time="0.125" /><testcase classname="tests.test_subscriptions_iter51" name="test_25_invalid_duration_days" time="0.103" /><testcase classname="tests.test_subscriptions_iter51" name="test_26_subscription_history" time="0.096" /><testcase classname="tests.test_subscriptions_iter51" name="test_27_checkout_status_invalid_session" time="0.285" /></testsuite></testsuites>