<?xml version="1.0" encoding="utf-8"?><testsuites name="pytest tests"><testsuite name="pytest" errors="0" failures="0" skipped="3" tests="58" time="9.242" timestamp="2026-03-08T22:03:24.533808+00:00" hostname="agent-env-f70ef986-ccde-4688-9d3f-9d737fe8eef6"><testcase classname="tests.test_booking_workflows_v2.TestFluxA_InstantPayNow" name="test_a_booking_status_awaiting_payment" time="0.663" /><testcase classname="tests.test_booking_workflows_v2.TestFluxA_InstantPayNow" name="test_a_slot_reserved_instantly" time="0.154" /><testcase classname="tests.test_booking_workflows_v2.TestFluxA_InstantPayNow" name="test_a_pay_later_rejected_when_not_allowed" time="0.088" /><testcase classname="tests.test_booking_workflows_v2.TestFluxB_InstantPayLater" name="test_b_booking_awaiting_payment_pay_later" time="0.088" /><testcase classname="tests.test_booking_workflows_v2.TestFluxB_InstantPayLater" name="test_b_pay_now_also_works" time="0.089" /><testcase classname="tests.test_booking_workflows_v2.TestFluxC_ManualPayNow" name="test_c_booking_requested" time="0.089" /><testcase classname="tests.test_booking_workflows_v2.TestFluxC_ManualPayNow" name="test_c_accept_transitions_to_awaiting_payment" time="0.131" /><testcase classname="tests.test_booking_workflows_v2.TestFluxC_ManualPayNow" name="test_c_slot_reserved_after_accept" time="0.159" /><testcase classname="tests.test_booking_workflows_v2.TestFluxD_ManualPayLater" name="test_d_accept_pay_later_expiry_configured" time="0.132" /><testcase classname="tests.test_booking_workflows_v2.TestFluxD_ManualPayLater" name="test_d_pay_later_booking_expires_with_slot" time="0.279" /><testcase classname="tests.test_booking_workflows_v2.TestPayEndpoint" name="test_pay_requires_awaiting_payment_status" time="0.089" /><testcase classname="tests.test_booking_workflows_v2.TestPayEndpoint" name="test_pay_forbidden_for_non_payer" time="0.131" /><testcase classname="tests.test_booking_workflows_v2.TestPayEndpoint" name="test_pay_expired_booking_returns_410" time="0.140" /><testcase classname="tests.test_booking_workflows_v2.TestPayEndpoint" name="test_pay_returns_checkout_url" time="0.745" /><testcase classname="tests.test_booking_workflows_v2.TestPayEndpoint" name="test_pay_idempotent_open_session" time="0.758" /><testcase classname="tests.test_booking_workflows_v2.TestCancelWithReservedSlot" name="test_cancel_instant_booking_releases_reserved_slot" time="0.159" /><testcase classname="tests.test_booking_workflows_v2.TestConcurrencyInstantBooking" name="test_two_users_same_slot_instant_booking" time="0.404" /><testcase classname="tests.test_booking_workflows_v2.TestConcurrencyInstantBooking" name="test_concurrent_requests_async" time="0.089" /><testcase classname="tests.test_booking_workflows_v2.TestExpiryWorkerAwaitingPayment" name="test_worker_expires_awaiting_payment_booking" time="0.108" /><testcase classname="tests.test_booking_workflows_v2.TestExpiryWorkerAwaitingPayment" name="test_worker_cancels_payment_for_awaiting_payment" time="0.101" /><testcase classname="tests.test_booking_workflows_v2.TestExpiryWorkerAwaitingPayment" name="test_worker_idempotent_on_already_expired" time="0.108" /><testcase classname="tests.test_booking_workflows_v2.TestExpiryWorkerAwaitingPayment" name="test_worker_notifies_both_parties_awaiting_payment" time="0.092" /><testcase classname="tests.test_booking_workflow.TestBookingRequest" name="test_create_booking_basic" time="0.642" /><testcase classname="tests.test_booking_workflow.TestBookingRequest" name="test_alias_post_bookings" time="0.045" /><testcase classname="tests.test_booking_workflow.TestBookingRequest" name="test_cannot_book_own_service" time="0.095"><skipped type="pytest.skip" message="Aucun service pour coach user_coach001">/app/backend/tests/test_booking_workflow.py:153: Aucun service pour coach user_coach001</skipped></testcase><testcase classname="tests.test_booking_workflow.TestBookingRequest" name="test_pricing_snapshot_immutable" time="0.044" /><testcase classname="tests.test_booking_workflow.TestBookingRequest" name="test_payment_initial_status" time="0.323" /><testcase classname="tests.test_booking_workflow.TestIdempotency" name="test_idempotency_key_dedup" time="0.087" /><testcase classname="tests.test_booking_workflow.TestIdempotency" name="test_idempotency_key_unique_per_request" time="0.089" /><testcase classname="tests.test_booking_workflow.TestBookingTransitions" name="test_accept_flow" time="0.102" /><testcase classname="tests.test_booking_workflow.TestBookingTransitions" name="test_accept_idempotent" time="0.129" /><testcase classname="tests.test_booking_workflow.TestBookingTransitions" name="test_refuse_flow" time="0.103" /><testcase classname="tests.test_booking_workflow.TestBookingTransitions" name="test_refuse_by_payer_forbidden" time="0.086" /><testcase classname="tests.test_booking_workflow.TestBookingTransitions" name="test_cancel_by_payer" time="0.088" /><testcase classname="tests.test_booking_workflow.TestBookingTransitions" name="test_cancel_by_admin" time="0.088" /><testcase classname="tests.test_booking_workflow.TestBookingTransitions" name="test_cancel_idempotent" time="0.132" /><testcase classname="tests.test_booking_workflow.TestBookingTransitions" name="test_refuse_after_accept_forbidden" time="0.129" /><testcase classname="tests.test_booking_workflow.TestBookingTransitions" name="test_legacy_patch_status" time="0.088" /><testcase classname="tests.test_booking_workflow.TestSlotLocking" name="test_single_slot_pending_after_request" time="0.117" /><testcase classname="tests.test_booking_workflow.TestSlotLocking" name="test_second_user_blocked_on_booked_slot" time="0.455" /><testcase classname="tests.test_booking_workflow.TestListingEndpoints" name="test_get_my_bookings" time="0.016" /><testcase classname="tests.test_booking_workflow.TestListingEndpoints" name="test_get_users_me_bookings_alias" time="0.014" /><testcase classname="tests.test_booking_workflow.TestListingEndpoints" name="test_get_received_bookings" time="0.011" /><testcase classname="tests.test_booking_workflow.TestListingEndpoints" name="test_get_receiver_requests_alias" time="0.011" /><testcase classname="tests.test_booking_workflow.TestConcurrency" name="test_concurrent_requests_same_service" time="0.068" /><testcase classname="tests.test_booking_expiry.TestExpiresAtCreation" name="test_expires_at_set_on_booking_request" time="0.647" /><testcase classname="tests.test_booking_expiry.TestExpiresAtCreation" name="test_expires_at_returned_in_api" time="0.045" /><testcase classname="tests.test_booking_expiry.TestExpiryWorker" name="test_worker_expires_booking" time="0.045" /><testcase classname="tests.test_booking_expiry.TestExpiryWorker" name="test_worker_releases_slot" time="0.011"><skipped type="pytest.skip" message="Aucun slot specific disponible">/app/backend/tests/test_booking_expiry.py:265: Aucun slot specific disponible</skipped></testcase><testcase classname="tests.test_booking_expiry.TestExpiryWorker" name="test_worker_cancels_payment" time="0.050" /><testcase classname="tests.test_booking_expiry.TestExpiryWorker" name="test_worker_creates_notifications" time="0.046" /><testcase classname="tests.test_booking_expiry.TestExpiryWorker" name="test_worker_idempotent" time="0.061" /><testcase classname="tests.test_booking_expiry.TestExpiryWorker" name="test_worker_skips_non_expired_bookings" time="0.043" /><testcase classname="tests.test_booking_expiry.TestExpiryWorker" name="test_worker_expires_awaiting_payment" time="0.132" /><testcase classname="tests.test_booking_expiry.TestExpiryWorker" name="test_worker_skips_completed_booking" time="0.043" /><testcase classname="tests.test_booking_expiry.TestAcceptExpiredGuard" name="test_accept_expired_booking_returns_410" time="0.055" /><testcase classname="tests.test_booking_expiry.TestAcceptExpiredGuard" name="test_accept_valid_booking_succeeds" time="0.087" /><testcase classname="tests.test_booking_expiry.TestSlotReleasedAfterExpiry" name="test_slot_rebooked_after_expiry" time="0.055"><skipped type="pytest.skip" message="Aucun slot specific libre sans conflit de booking demo">/app/backend/tests/test_booking_expiry.py:392: Aucun slot specific libre sans conflit de booking demo</skipped></testcase></testsuite></testsuites>