<?xml version="1.0" encoding="utf-8"?><testsuites name="pytest tests"><testsuite name="pytest" errors="0" failures="0" skipped="0" tests="12" time="9.434" timestamp="2026-03-16T14:49:52.845871+00:00" hostname="agent-env-14c70260-4695-49bc-a75c-c9f21bbae4da"><testcase classname="tests.test_r2_upload_iter87.TestUploadR2Basics" name="test_upload_jpeg_services" time="1.632" /><testcase classname="tests.test_r2_upload_iter87.TestUploadR2Basics" name="test_upload_jpeg_profiles" time="0.608" /><testcase classname="tests.test_r2_upload_iter87.TestUploadR2Basics" name="test_upload_jpeg_spotyou" time="0.634" /><testcase classname="tests.test_r2_upload_iter87.TestUploadR2Basics" name="test_upload_default_category" time="0.624" /><testcase classname="tests.test_r2_upload_iter87.TestUploadR2Basics" name="test_upload_invalid_category_fallback_other" time="0.600" /><testcase classname="tests.test_r2_upload_iter87.TestUploadCompression" name="test_jpeg_is_compressed" time="0.825" /><testcase classname="tests.test_r2_upload_iter87.TestUploadCompression" name="test_png_rgba_to_webp" time="1.499" /><testcase classname="tests.test_r2_upload_iter87.TestUploadCompression" name="test_small_jpeg_no_crash" time="0.625" /><testcase classname="tests.test_r2_upload_iter87.TestUploadSecurity" name="test_upload_requires_auth" time="0.177" /><testcase classname="tests.test_r2_upload_iter87.TestUploadSecurity" name="test_upload_rejects_non_image" time="0.107" /><testcase classname="tests.test_r2_upload_iter87.TestUploadSecurity" name="test_upload_rejects_too_large" time="0.563" /><testcase classname="tests.test_r2_upload_iter87.TestUploadDeleteFlow" name="test_upload_then_service_delete_removes_from_r2" time="1.468" /></testsuite></testsuites>