<?xml version="1.0" encoding="utf-8"?><testsuites name="pytest tests"><testsuite name="pytest" errors="0" failures="0" skipped="0" tests="20" time="4.003" timestamp="2026-02-28T20:43:03.133923+00:00" hostname="agent-env-a6e05c03-8c82-4fa1-aa0f-f78501915872"><testcase classname="backend.tests.test_services_seed_iter41.TestServicesListAPI" name="test_services_returns_4_demo_services" time="0.161" /><testcase classname="backend.tests.test_services_seed_iter41.TestServicesListAPI" name="test_services_have_locations" time="0.122" /><testcase classname="backend.tests.test_services_seed_iter41.TestServicesListAPI" name="test_services_have_packages" time="0.183" /><testcase classname="backend.tests.test_services_seed_iter41.TestServicesListAPI" name="test_services_have_slots" time="0.131" /><testcase classname="backend.tests.test_services_seed_iter41.TestServicesListAPI" name="test_services_geo_filter_paris" time="0.145" /><testcase classname="backend.tests.test_services_seed_iter41.TestServicesListAPI" name="test_services_all_active" time="0.124" /><testcase classname="backend.tests.test_services_seed_iter41.TestServicesListAPI" name="test_services_have_coach_info" time="0.120" /><testcase classname="backend.tests.test_services_seed_iter41.TestServicesListAPI" name="test_services_have_price" time="0.137" /><testcase classname="backend.tests.test_services_seed_iter41.TestServiceDetailAPI" name="test_svc_demo001_detail" time="0.121" /><testcase classname="backend.tests.test_services_seed_iter41.TestServiceDetailAPI" name="test_svc_demo001_has_images" time="0.115" /><testcase classname="backend.tests.test_services_seed_iter41.TestServiceDetailAPI" name="test_svc_demo002_detail" time="0.121" /><testcase classname="backend.tests.test_services_seed_iter41.TestServiceDetailAPI" name="test_svc_demo003_detail" time="0.111" /><testcase classname="backend.tests.test_services_seed_iter41.TestServiceDetailAPI" name="test_svc_demo004_detail" time="0.126" /><testcase classname="backend.tests.test_services_seed_iter41.TestServiceDetailAPI" name="test_service_not_found" time="0.109" /><testcase classname="backend.tests.test_services_seed_iter41.TestServicesMineAPI" name="test_coach_can_see_own_service" time="0.518" /><testcase classname="backend.tests.test_services_seed_iter41.TestServicesMineAPI" name="test_user_demo001_is_now_coach" time="0.450" /><testcase classname="backend.tests.test_services_seed_iter41.TestServicesMineAPI" name="test_mine_requires_auth" time="0.114" /><testcase classname="backend.tests.test_services_seed_iter41.TestServicesDataPersistence" name="test_packages_persist_after_multiple_calls" time="0.236" /><testcase classname="backend.tests.test_services_seed_iter41.TestServicesDataPersistence" name="test_slots_persist" time="0.578" /><testcase classname="backend.tests.test_services_seed_iter41.TestServicesDataPersistence" name="test_locations_with_coordinates" time="0.118" /></testsuite></testsuites>