<?xml version="1.0" encoding="utf-8"?><testsuites name="pytest tests"><testsuite name="pytest" errors="0" failures="0" skipped="0" tests="61" time="15.664" timestamp="2026-03-08T14:22:56.852594+00:00" hostname="agent-env-82833ed6-1a2a-45d4-b043-d25803efd201"><testcase classname="backend.tests.test_stripe_payment_iter50.TestBookingRequest" name="test_create_booking_unauthenticated" time="0.167" /><testcase classname="backend.tests.test_stripe_payment_iter50.TestBookingRequest" name="test_create_booking_invalid_service" time="0.443" /><testcase classname="backend.tests.test_stripe_payment_iter50.TestBookingRequest" name="test_create_booking_own_service_rejected" time="0.424" /><testcase classname="backend.tests.test_stripe_payment_iter50.TestBookingRequest" name="test_create_booking_success" time="0.111" /><testcase classname="backend.tests.test_stripe_payment_iter50.TestBookingRequest" name="test_create_booking_creates_payment_record" time="0.212" /><testcase classname="backend.tests.test_stripe_payment_iter50.TestBookingRequest" name="test_create_booking_idempotency" time="0.227" /><testcase classname="backend.tests.test_stripe_payment_iter50.TestCheckoutSession" name="test_checkout_session_unauthenticated" time="0.098" /><testcase classname="backend.tests.test_stripe_payment_iter50.TestCheckoutSession" name="test_checkout_session_missing_booking_id" time="0.109" /><testcase classname="backend.tests.test_stripe_payment_iter50.TestCheckoutSession" name="test_checkout_session_empty_booking_id" time="0.110" /><testcase classname="backend.tests.test_stripe_payment_iter50.TestCheckoutSession" name="test_checkout_session_nonexistent_booking" time="0.099" /><testcase classname="backend.tests.test_stripe_payment_iter50.TestCheckoutSession" name="test_checkout_session_success_returns_url_and_session_id" time="0.678" /><testcase classname="backend.tests.test_stripe_payment_iter50.TestCheckoutSession" name="test_checkout_session_payment_intent_null_is_expected" time="0.726" /><testcase classname="backend.tests.test_stripe_payment_iter50.TestCheckoutSession" name="test_checkout_session_unauthorized_user" time="0.205" /><testcase classname="backend.tests.test_stripe_payment_iter50.TestCheckoutSession" name="test_checkout_session_idempotent_reuse" time="0.959" /><testcase classname="backend.tests.test_stripe_payment_iter50.TestCheckoutStatus" name="test_status_unauthenticated" time="0.711" /><testcase classname="backend.tests.test_stripe_payment_iter50.TestCheckoutStatus" name="test_status_nonexistent_session" time="0.097" /><testcase classname="backend.tests.test_stripe_payment_iter50.TestCheckoutStatus" name="test_status_returns_correct_fields" time="0.350" /><testcase classname="backend.tests.test_stripe_payment_iter50.TestCheckoutStatus" name="test_status_new_session_is_open_unpaid" time="0.310" /><testcase classname="backend.tests.test_stripe_payment_iter50.TestCheckoutStatus" name="test_status_forbidden_for_other_user" time="0.096" /><testcase classname="backend.tests.test_stripe_payment_iter50.TestCheckoutStatus" name="test_status_admin_can_access_any" time="0.627" /><testcase classname="backend.tests.test_stripe_payment_iter50.TestBookingAccept" name="test_accept_unauthenticated" time="0.111" /><testcase classname="backend.tests.test_stripe_payment_iter50.TestBookingAccept" name="test_accept_nonexistent_booking" time="0.104" /><testcase classname="backend.tests.test_stripe_payment_iter50.TestBookingAccept" name="test_accept_by_non_receiver_rejected" time="0.204" /><testcase classname="backend.tests.test_stripe_payment_iter50.TestBookingAccept" name="test_accept_booking_success" time="0.334" /><testcase classname="backend.tests.test_stripe_payment_iter50.TestBookingAccept" name="test_accept_booking_idempotent" time="0.315" /><testcase classname="backend.tests.test_stripe_payment_iter50.TestBookingAccept" name="test_accept_already_refused_booking_rejected" time="0.374" /><testcase classname="backend.tests.test_stripe_payment_iter50.TestBookingRefuse" name="test_refuse_unauthenticated" time="0.104" /><testcase classname="backend.tests.test_stripe_payment_iter50.TestBookingRefuse" name="test_refuse_nonexistent_booking" time="0.099" /><testcase classname="backend.tests.test_stripe_payment_iter50.TestBookingRefuse" name="test_refuse_by_non_receiver_rejected" time="0.212" /><testcase classname="backend.tests.test_stripe_payment_iter50.TestBookingRefuse" name="test_refuse_booking_success" time="0.309" /><testcase classname="backend.tests.test_stripe_payment_iter50.TestBookingRefuse" name="test_refuse_booking_idempotent" time="0.328" /><testcase classname="backend.tests.test_stripe_payment_iter50.TestBookingRefuse" name="test_refuse_accepted_booking_rejected" time="0.319" /><testcase classname="backend.tests.test_stripe_payment_iter50.TestBookingCancel" name="test_cancel_unauthenticated" time="0.102" /><testcase classname="backend.tests.test_stripe_payment_iter50.TestBookingCancel" name="test_cancel_nonexistent_booking" time="0.102" /><testcase classname="backend.tests.test_stripe_payment_iter50.TestBookingCancel" name="test_cancel_by_non_payer_rejected" time="0.206" /><testcase classname="backend.tests.test_stripe_payment_iter50.TestBookingCancel" name="test_cancel_requested_booking_success" time="0.345" /><testcase classname="backend.tests.test_stripe_payment_iter50.TestBookingCancel" name="test_cancel_accepted_booking_success" time="0.310" /><testcase classname="backend.tests.test_stripe_payment_iter50.TestBookingCancel" name="test_cancel_booking_idempotent" time="0.366" /><testcase classname="backend.tests.test_stripe_payment_iter50.TestBookingCancel" name="test_cancel_refused_booking_rejected" time="0.330" /><testcase classname="backend.tests.test_stripe_payment_iter50.TestBookingCancel" name="test_admin_can_cancel_any_booking" time="0.205" /><testcase classname="backend.tests.test_stripe_payment_iter50.TestPaymentsMe" name="test_payments_me_unauthenticated" time="0.101" /><testcase classname="backend.tests.test_stripe_payment_iter50.TestPaymentsMe" name="test_payments_me_returns_list" time="0.110" /><testcase classname="backend.tests.test_stripe_payment_iter50.TestPaymentsMe" name="test_payments_me_contains_payment_fields" time="0.212" /><testcase classname="backend.tests.test_stripe_payment_iter50.TestPaymentsMe" name="test_payments_me_ordered_by_date_desc" time="0.113" /><testcase classname="backend.tests.test_stripe_payment_iter50.TestStripeWebhook" name="test_webhook_empty_body_returns_400" time="0.101" /><testcase classname="backend.tests.test_stripe_payment_iter50.TestStripeWebhook" name="test_webhook_invalid_json_returns_400" time="0.108" /><testcase classname="backend.tests.test_stripe_payment_iter50.TestStripeWebhook" name="test_webhook_valid_event_without_signature_returns_200" time="0.111" /><testcase classname="backend.tests.test_stripe_payment_iter50.TestStripeWebhook" name="test_webhook_payment_intent_succeeded_returns_200" time="0.110" /><testcase classname="backend.tests.test_stripe_payment_iter50.TestStripeWebhook" name="test_webhook_payment_intent_canceled_returns_200" time="0.098" /><testcase classname="backend.tests.test_stripe_payment_iter50.TestStripeWebhook" name="test_webhook_updates_payment_status_on_succeeded" time="0.433" /><testcase classname="backend.tests.test_stripe_payment_iter50.TestAdminPayments" name="test_admin_payments_unauthenticated" time="0.095" /><testcase classname="backend.tests.test_stripe_payment_iter50.TestAdminPayments" name="test_admin_payments_non_admin_forbidden" time="0.122" /><testcase classname="backend.tests.test_stripe_payment_iter50.TestAdminPayments" name="test_admin_payments_returns_list" time="0.112" /><testcase classname="backend.tests.test_stripe_payment_iter50.TestAdminPayments" name="test_admin_payments_includes_all_users" time="0.115" /><testcase classname="backend.tests.test_stripe_payment_iter50.TestAdminPayments" name="test_admin_payments_coach_forbidden" time="0.108" /><testcase classname="backend.tests.test_stripe_payment_iter50.TestAdminPaymentStats" name="test_admin_stats_unauthenticated" time="0.092" /><testcase classname="backend.tests.test_stripe_payment_iter50.TestAdminPaymentStats" name="test_admin_stats_non_admin_forbidden" time="0.106" /><testcase classname="backend.tests.test_stripe_payment_iter50.TestAdminPaymentStats" name="test_admin_stats_returns_correct_fields" time="0.101" /><testcase classname="backend.tests.test_stripe_payment_iter50.TestAdminPaymentStats" name="test_admin_stats_values_are_non_negative" time="0.106" /><testcase classname="backend.tests.test_stripe_payment_iter50.TestFullE2EFlow" name="test_full_booking_to_checkout_flow" time="1.076" /><testcase classname="backend.tests.test_stripe_payment_iter50.TestFullE2EFlow" name="test_accept_flow_db_state_machine" time="0.448" /></testsuite></testsuites>