<?xml version="1.0" encoding="utf-8"?><testsuites name="pytest tests"><testsuite name="pytest" errors="0" failures="0" skipped="0" tests="22" time="3.259" timestamp="2026-03-10T17:38:03.727910+00:00" hostname="agent-env-f2e53ff4-b137-4e56-8e3b-4f562eb8f163"><testcase classname="tests.test_planning_logic_iter67.TestPlanningReturnsOnlyAttendanceGoing" name="test_planning_returns_200" time="0.585" /><testcase classname="tests.test_planning_logic_iter67.TestPlanningReturnsOnlyAttendanceGoing" name="test_planning_returns_list" time="0.060" /><testcase classname="tests.test_planning_logic_iter67.TestPlanningReturnsOnlyAttendanceGoing" name="test_planning_has_going_spotyou_events" time="0.059" /><testcase classname="tests.test_planning_logic_iter67.TestPlanningReturnsOnlyAttendanceGoing" name="test_planning_spotyou_events_count_matches_attendance" time="0.070" /><testcase classname="tests.test_planning_logic_iter67.TestPlanningReturnsOnlyAttendanceGoing" name="test_planning_recurring_event_has_precise_session_date" time="0.065" /><testcase classname="tests.test_planning_logic_iter67.TestJoinDoesNotAddToPlanning" name="test_join_spotyou_success" time="0.143" /><testcase classname="tests.test_planning_logic_iter67.TestJoinDoesNotAddToPlanning" name="test_join_does_not_add_to_planning" time="0.159" /><testcase classname="tests.test_planning_logic_iter67.TestJoinDoesNotAddToPlanning" name="test_cleanup_leave_after_join" time="0.112" /><testcase classname="tests.test_planning_logic_iter67.TestGoingAddsToPlanning" name="test_setup_ensure_not_going" time="0.246" /><testcase classname="tests.test_planning_logic_iter67.TestGoingAddsToPlanning" name="test_going_adds_to_planning" time="0.208" /><testcase classname="tests.test_planning_logic_iter67.TestGoingAddsToPlanning" name="test_going_event_has_correct_session_date" time="0.137" /><testcase classname="tests.test_planning_logic_iter67.TestGoingAddsToPlanning" name="test_not_going_removes_from_planning" time="0.121" /><testcase classname="tests.test_planning_logic_iter67.TestIsOwnForOwner" name="test_owner_going_to_own_spotyou_has_is_own_true" time="0.222" /><testcase classname="tests.test_planning_logic_iter67.TestIsOwnForOwner" name="test_cleanup_owner_not_going" time="0.057" /><testcase classname="tests.test_planning_logic_iter67.TestBookingsStillAppear" name="test_planning_includes_bookings" time="0.061" /><testcase classname="tests.test_planning_logic_iter67.TestBookingsStillAppear" name="test_booking_events_have_correct_type" time="0.057" /><testcase classname="tests.test_planning_logic_iter67.TestBookingsStillAppear" name="test_booking_events_have_dates" time="0.061" /><testcase classname="tests.test_planning_logic_iter67.TestSingleDateSpotYouPlanning" name="test_single_date_going_appears_with_correct_date" time="0.240" /><testcase classname="tests.test_planning_logic_iter67.TestSingleDateSpotYouPlanning" name="test_cleanup_single_date" time="0.124" /><testcase classname="tests.test_planning_logic_iter67.TestGoingEndpointDetails" name="test_going_returns_session_date" time="0.203" /><testcase classname="tests.test_planning_logic_iter67.TestGoingEndpointDetails" name="test_not_going_returns_is_going_false" time="0.056" /><testcase classname="tests.test_planning_logic_iter67.TestGoingEndpointDetails" name="test_join_returns_is_member_true_not_is_going" time="0.118" /></testsuite></testsuites>