<?xml version="1.0" encoding="utf-8"?><testsuites name="pytest tests"><testsuite name="pytest" errors="0" failures="0" skipped="0" tests="25" time="8.137" timestamp="2026-03-09T19:51:59.740915+00:00" hostname="agent-env-4cdf80db-b06a-471e-ab19-05858f754edd"><testcase classname="tests.test_booking_workflows_v2.TestFluxA_InstantPayNow" name="test_a_booking_status_awaiting_payment" time="0.661" /><testcase classname="tests.test_booking_workflows_v2.TestFluxA_InstantPayNow" name="test_a_slot_reserved_instantly" time="0.149" /><testcase classname="tests.test_booking_workflows_v2.TestFluxA_InstantPayNow" name="test_a_pay_later_rejected_when_not_allowed" time="0.090" /><testcase classname="tests.test_booking_workflows_v2.TestFluxB_InstantPayLater" name="test_b_booking_awaiting_payment_pay_later" time="0.444" /><testcase classname="tests.test_booking_workflows_v2.TestFluxB_InstantPayLater" name="test_b_pay_now_also_works" time="0.178" /><testcase classname="tests.test_booking_workflows_v2.TestFluxC_ManualPayNow" name="test_c_booking_requested" time="0.177" /><testcase classname="tests.test_booking_workflows_v2.TestFluxC_ManualPayNow" name="test_c_pay_allowed_on_requested" time="0.605" /><testcase classname="tests.test_booking_workflows_v2.TestFluxC_ManualPayNow" name="test_c_accept_transitions_to_awaiting_payment_when_not_authorized" time="0.223" /><testcase classname="tests.test_booking_workflows_v2.TestFluxC_ManualPayNow" name="test_c_accept_captures_when_authorized" time="0.240" /><testcase classname="tests.test_booking_workflows_v2.TestFluxC_ManualPayNow" name="test_c_slot_reserved_after_accept" time="0.251" /><testcase classname="tests.test_booking_workflows_v2.TestFluxD_ManualPayLater" name="test_d_accept_pay_later_expiry_configured" time="0.222" /><testcase classname="tests.test_booking_workflows_v2.TestFluxD_ManualPayLater" name="test_d_pay_later_booking_expires_with_slot" time="0.339" /><testcase classname="tests.test_booking_workflows_v2.TestPayEndpoint" name="test_pay_allowed_on_requested_pay_now" time="0.580" /><testcase classname="tests.test_booking_workflows_v2.TestPayEndpoint" name="test_pay_blocked_on_requested_pay_later" time="0.224" /><testcase classname="tests.test_booking_workflows_v2.TestPayEndpoint" name="test_pay_forbidden_for_non_payer" time="0.222" /><testcase classname="tests.test_booking_workflows_v2.TestPayEndpoint" name="test_pay_expired_booking_returns_410" time="0.234" /><testcase classname="tests.test_booking_workflows_v2.TestPayEndpoint" name="test_pay_returns_checkout_url" time="1.226" /><testcase classname="tests.test_booking_workflows_v2.TestPayEndpoint" name="test_pay_idempotent_open_session" time="0.822" /><testcase classname="tests.test_booking_workflows_v2.TestCancelWithReservedSlot" name="test_cancel_instant_booking_releases_reserved_slot" time="0.164" /><testcase classname="tests.test_booking_workflows_v2.TestConcurrencyInstantBooking" name="test_two_users_same_slot_instant_booking" time="0.410" /><testcase classname="tests.test_booking_workflows_v2.TestConcurrencyInstantBooking" name="test_concurrent_requests_async" time="0.072" /><testcase classname="tests.test_booking_workflows_v2.TestExpiryWorkerAwaitingPayment" name="test_worker_expires_awaiting_payment_booking" time="0.103" /><testcase classname="tests.test_booking_workflows_v2.TestExpiryWorkerAwaitingPayment" name="test_worker_cancels_payment_for_awaiting_payment" time="0.106" /><testcase classname="tests.test_booking_workflows_v2.TestExpiryWorkerAwaitingPayment" name="test_worker_idempotent_on_already_expired" time="0.113" /><testcase classname="tests.test_booking_workflows_v2.TestExpiryWorkerAwaitingPayment" name="test_worker_notifies_both_parties_awaiting_payment" time="0.098" /></testsuite></testsuites>