<?xml version="1.0" encoding="utf-8"?><testsuites name="pytest tests"><testsuite name="pytest" errors="0" failures="0" skipped="0" tests="9" time="12.203" timestamp="2026-04-02T10:18:29.123717+00:00" hostname="agent-env-acbaf911-bc01-47ca-b054-a3c95be5cea2"><testcase classname="tests.test_phase4_frontend_readonly.TestContextDeleted" name="test_conversations_list_has_context_deleted_field" time="3.085" /><testcase classname="tests.test_phase4_frontend_readonly.TestContextDeleted" name="test_orphan_conv_context_deleted_is_true" time="1.107" /><testcase classname="tests.test_phase4_frontend_readonly.TestContextDeleted" name="test_orphan_conv_has_expected_structure" time="1.116" /><testcase classname="tests.test_phase4_frontend_readonly.TestSoftDeletedMessages" name="test_messages_endpoint_accessible_for_member" time="1.491" /><testcase classname="tests.test_phase4_frontend_readonly.TestSoftDeletedMessages" name="test_messages_have_deleted_at_field" time="1.487" /><testcase classname="tests.test_phase4_frontend_readonly.TestSoftDeletedMessages" name="test_soft_deleted_messages_show_placeholder_content" time="1.451" /><testcase classname="tests.test_phase4_frontend_readonly.TestAccessControl" name="test_admin_cannot_access_orphan_conv_messages" time="1.852" /><testcase classname="tests.test_phase4_frontend_readonly.TestAccessControl" name="test_unauthenticated_access_blocked" time="0.104" /><testcase classname="tests.test_phase4_frontend_readonly.TestAccessControl" name="test_service_not_found_returns_404" time="0.440" /></testsuite></testsuites>