<?xml version="1.0" encoding="utf-8"?><testsuites name="pytest tests"><testsuite name="pytest" errors="0" failures="0" skipped="0" tests="17" time="55.896" timestamp="2026-03-10T21:58:18.307381+00:00" hostname="agent-env-005d3390-f643-4041-92d8-0c9f928a22a7"><testcase classname="test_01_auth.TestAuthentication" name="test_login_as_user_via_ui[chromium]" time="3.956" /><testcase classname="test_01_auth.TestAuthentication" name="test_coach_token_gives_access[chromium]" time="5.261" /><testcase classname="test_01_auth.TestAuthentication" name="test_login_wrong_password[chromium]" time="7.228" /><testcase classname="test_01_auth.TestAuthentication" name="test_login_empty_fields[chromium]" time="4.693" /><testcase classname="test_01_auth.TestAuthentication" name="test_navigate_to_register_and_check_fields[chromium]" time="3.068" /><testcase classname="test_01_auth.TestAuthentication" name="test_logout[chromium]" time="8.374" /><testcase classname="test_09_upload.TestImageUploadUI" name="test_add_image_button_visible_in_create_form[chromium]" time="8.886" /><testcase classname="test_09_upload.TestImageUploadUI" name="test_create_form_has_title_and_image_button[chromium]" time="10.545" /><testcase classname="test_09_upload.TestImageUploadAPI" name="test_upload_jpeg_returns_url" time="0.486" /><testcase classname="test_09_upload.TestImageUploadAPI" name="test_upload_requires_auth" time="0.124" /><testcase classname="test_09_upload.TestImageUploadAPI" name="test_upload_rejects_invalid_file" time="0.112" /><testcase classname="test_09_upload.TestImageUploadAPI" name="test_upload_png" time="0.134" /><testcase classname="test_09_upload.TestImageUploadAPI" name="test_upload_file_too_large" time="0.564" /><testcase classname="test_10_image_deletion.TestSpotYouImageDeletion" name="test_deleted_image_removed_from_spotyou_db" time="0.619" /><testcase classname="test_10_image_deletion.TestSpotYouImageDeletion" name="test_removing_all_images_from_spotyou" time="0.518" /><testcase classname="test_10_image_deletion.TestServiceImageDeletion" name="test_deleted_image_removed_from_service_db" time="0.827" /><testcase classname="test_10_image_deletion.TestServiceImageDeletion" name="test_removing_all_images_from_service" time="0.470" /></testsuite></testsuites>