<?xml version="1.0" encoding="utf-8"?><testsuites name="pytest tests"><testsuite name="pytest" errors="0" failures="0" skipped="0" tests="9" time="2.550" timestamp="2026-02-26T12:50:29.578112+00:00" hostname="agent-env-bfc7964c-a417-4292-b20f-917578f8565d"><testcase classname="backend.tests.test_winek_iter9.TestRecurringPerDayFormat" name="test_post_multi_day_multi_time" time="0.545" /><testcase classname="backend.tests.test_winek_iter9.TestRecurringPerDayFormat" name="test_get_multi_day_multi_time_persisted" time="0.114" /><testcase classname="backend.tests.test_winek_iter9.TestRecurringPerDayFormat" name="test_post_monday_only_single_time" time="0.244" /><testcase classname="backend.tests.test_winek_iter9.TestRecurringPerDayFormat" name="test_post_wednesday_two_times" time="0.242" /><testcase classname="backend.tests.test_winek_iter9.TestRecurringPerDayFormat" name="test_payload_format_matches_spec" time="0.146" /><testcase classname="backend.tests.test_winek_iter9.TestRecurringPerDayFormat" name="test_all_days_different_times" time="0.114" /><testcase classname="backend.tests.test_winek_iter9.TestBackwardCompatibility" name="test_old_day_time_format" time="0.111" /><testcase classname="backend.tests.test_winek_iter9.TestBackwardCompatibility" name="test_intermediate_days_times_format" time="0.145" /><testcase classname="backend.tests.test_winek_iter9.TestCleanup" name="test_cleanup_created_points" time="0.781" /></testsuite></testsuites>