<?xml version="1.0" encoding="utf-8"?><testsuites name="pytest tests"><testsuite name="pytest" errors="0" failures="0" skipped="0" tests="5" time="1.800" timestamp="2026-03-09T19:53:08.696583+00:00" hostname="agent-env-4cdf80db-b06a-471e-ab19-05858f754edd"><testcase classname="tests.test_webhook_instant_booking_iter62.TestWebhookInstantBooking" name="test_config_booking_returns_mvp_defaults" time="0.352" /><testcase classname="tests.test_webhook_instant_booking_iter62.TestWebhookInstantBooking" name="test_webhook_checkout_completed_unpaid_confirms_booking" time="0.750" /><testcase classname="tests.test_webhook_instant_booking_iter62.TestWebhookInstantBooking" name="test_webhook_confirms_and_notifies_both_parties" time="0.176" /><testcase classname="tests.test_webhook_instant_booking_iter62.TestWebhookInstantBooking" name="test_webhook_idempotent_double_call" time="0.207" /><testcase classname="tests.test_webhook_instant_booking_iter62.TestWebhookInstantBooking" name="test_webhook_paid_status_also_confirms" time="0.208" /></testsuite></testsuites>