<?xml version="1.0" encoding="utf-8"?><testsuites name="pytest tests"><testsuite name="pytest" errors="0" failures="0" skipped="0" tests="23" time="216.735" timestamp="2026-03-10T21:59:14.641026+00:00" hostname="agent-env-005d3390-f643-4041-92d8-0c9f928a22a7"><testcase classname="test_11_spotyou_rules.TestSpotYouOwnerRules" name="test_owner_does_not_see_rsvp_button[chromium]" time="8.869" /><testcase classname="test_11_spotyou_rules.TestSpotYouOwnerRules" name="test_owner_sees_owner_action_bar[chromium]" time="6.460" /><testcase classname="test_11_spotyou_rules.TestSpotYouOwnerRules" name="test_owner_sees_owner_group_chat_btn[chromium]" time="7.883" /><testcase classname="test_11_spotyou_rules.TestSpotYouOwnerRules" name="test_owner_sees_edit_btn_in_action_bar[chromium]" time="6.718" /><testcase classname="test_11_spotyou_rules.TestSpotYouMemberRules" name="test_member_sees_group_chat_button[chromium]" time="7.974" /><testcase classname="test_11_spotyou_rules.TestSpotYouMemberRules" name="test_non_member_does_not_see_group_chat_button[chromium]" time="8.960" /><testcase classname="test_11_spotyou_rules.TestSpotYouMemberRules" name="test_member_sees_rsvp_button[chromium]" time="10.524" /><testcase classname="test_11_spotyou_rules.TestSpotYouConfirmModal" name="test_rsvp_button_shows_confirm_modal[chromium]" time="10.557" /><testcase classname="test_11_spotyou_rules.TestSpotYouConfirmModal" name="test_going_button_visible_and_shows_confirm_modal[chromium]" time="9.434" /><testcase classname="test_11_spotyou_rules.TestSpotYouConfirmModal" name="test_event_participant_count_chip_clickable[chromium]" time="9.005" /><testcase classname="test_12_spotme.TestSpotMeScreen" name="test_spotme_loads_with_add_button[chromium]" time="5.623" /><testcase classname="test_12_spotme.TestSpotMeScreen" name="test_spotme_shows_coach_cards[chromium]" time="9.216" /><testcase classname="test_12_spotme.TestSpotMeScreen" name="test_spotme_back_button_works[chromium]" time="17.601" /><testcase classname="test_12_spotme.TestSpotMeScreen" name="test_spotme_members_chip_opens_modal[chromium]" time="11.547" /><testcase classname="test_12_spotme.TestSpotMeScreen" name="test_spotme_going_btn_shows_confirm_modal[chromium]" time="11.187" /><testcase classname="test_12_spotme.TestSpotMeScreen" name="test_spotme_card_navigates_to_detail[chromium]" time="12.285" /><testcase classname="test_12_spotme.TestPlanningScreen" name="test_planning_accessible_from_profile_nav_btn[chromium]" time="11.356" /><testcase classname="test_12_spotme.TestPlanningScreen" name="test_planning_shows_filter_buttons[chromium]" time="9.102" /><testcase classname="test_12_spotme.TestPlanningScreen" name="test_planning_filter_buttons_clickable[chromium]" time="7.730" /><testcase classname="test_12_spotme.TestProfileExtended" name="test_edit_profile_btn_accessible_via_hero[chromium]" time="10.080" /><testcase classname="test_12_spotme.TestProfileExtended" name="test_coach_profile_shows_my_tp_nav_btn[chromium]" time="8.263" /><testcase classname="test_12_spotme.TestProfileExtended" name="test_user_profile_shows_my_tp_nav_btn[chromium]" time="8.048" /><testcase classname="test_12_spotme.TestProfileExtended" name="test_profile_quick_actions_grid_visible[chromium]" time="8.264" /></testsuite></testsuites>