<?xml version="1.0" encoding="utf-8"?><testsuites name="pytest tests"><testsuite name="pytest" errors="0" failures="0" skipped="0" tests="23" time="83.833" timestamp="2026-03-10T23:33:04.779247+00:00" hostname="agent-env-005d3390-f643-4041-92d8-0c9f928a22a7"><testcase classname="test_13_network_protection.TestCacheKeyConstruction" name="test_basic_cache_key" time="0.001" /><testcase classname="test_13_network_protection.TestCacheKeyConstruction" name="test_cache_key_with_params_sorted" time="0.000" /><testcase classname="test_13_network_protection.TestCacheKeyConstruction" name="test_cache_key_with_user_id" time="0.000" /><testcase classname="test_13_network_protection.TestCacheKeyConstruction" name="test_cache_key_schema_version" time="0.000" /><testcase classname="test_13_network_protection.TestCacheKeyConstruction" name="test_cache_key_same_params_different_order_equal" time="0.000" /><testcase classname="test_13_network_protection.TestCacheKeyConstruction" name="test_ttl_values_per_endpoint" time="0.000" /><testcase classname="test_13_network_protection.TestNetworkErrorClassification" name="test_401_classified_as_auth_error" time="0.172" /><testcase classname="test_13_network_protection.TestNetworkErrorClassification" name="test_403_classified_as_forbidden" time="0.474" /><testcase classname="test_13_network_protection.TestNetworkErrorClassification" name="test_404_classified_as_client_error" time="0.455" /><testcase classname="test_13_network_protection.TestNetworkErrorClassification" name="test_valid_request_returns_200" time="0.493" /><testcase classname="test_13_network_protection.TestNetworkErrorClassification" name="test_should_fallback_to_cache_for_offline" time="0.000" /><testcase classname="test_13_network_protection.TestApiTimeout" name="test_api_get_responds_under_10s" time="0.504" /><testcase classname="test_13_network_protection.TestApiTimeout" name="test_auth_me_responds_under_10s" time="0.452" /><testcase classname="test_13_network_protection.TestApiTimeout" name="test_conversations_responds_under_10s" time="0.459" /><testcase classname="test_13_network_protection.TestOfflineBannerAndStaleBanner" name="test_offline_banner_testid_present[chromium]" time="7.810" /><testcase classname="test_13_network_protection.TestOfflineBannerAndStaleBanner" name="test_stale_banner_not_shown_when_fresh[chromium]" time="10.555" /><testcase classname="test_13_network_protection.TestOfflineBannerAndStaleBanner" name="test_app_loads_without_network_errors[chromium]" time="9.345" /><testcase classname="test_13_network_protection.TestRSVPAndGoingRegression" name="test_rsvp_button_visible_on_recurring_spotyou[chromium]" time="8.543" /><testcase classname="test_13_network_protection.TestRSVPAndGoingRegression" name="test_rsvp_button_opens_confirm_modal[chromium]" time="9.131" /><testcase classname="test_13_network_protection.TestRSVPAndGoingRegression" name="test_going_button_visible_on_member_spotyou[chromium]" time="8.929" /><testcase classname="test_13_network_protection.TestRSVPAndGoingRegression" name="test_chat_tab_regression[chromium]" time="8.410" /><testcase classname="test_13_network_protection.TestRSVPAndGoingRegression" name="test_notifications_tab_regression[chromium]" time="9.087" /><testcase classname="test_13_network_protection.TestRSVPAndGoingRegression" name="test_create_spotyou_regression[chromium]" time="8.983" /></testsuite></testsuites>