<?xml version="1.0" encoding="utf-8"?><testsuites name="pytest tests"><testsuite name="pytest" errors="0" failures="0" skipped="0" tests="29" time="4.042" timestamp="2026-02-27T10:33:25.535280+00:00" hostname="agent-env-7f3efa4f-2567-4cb9-9bda-cf541a24aad4"><testcase classname="backend.tests.test_profile_reviews_iter16.TestAuthLogin" name="test_login_user_returns_show_phone" time="0.359" /><testcase classname="backend.tests.test_profile_reviews_iter16.TestAuthLogin" name="test_login_user_returns_show_reviews" time="0.000" /><testcase classname="backend.tests.test_profile_reviews_iter16.TestAuthLogin" name="test_login_coach_returns_show_phone" time="0.338" /><testcase classname="backend.tests.test_profile_reviews_iter16.TestAuthLogin" name="test_login_coach_returns_show_reviews" time="0.000" /><testcase classname="backend.tests.test_profile_reviews_iter16.TestUpdateProfilePrivacy" name="test_update_show_phone_true" time="0.100" /><testcase classname="backend.tests.test_profile_reviews_iter16.TestUpdateProfilePrivacy" name="test_update_show_reviews_false" time="0.058" /><testcase classname="backend.tests.test_profile_reviews_iter16.TestUpdateProfilePrivacy" name="test_update_show_reviews_true_restore" time="0.049" /><testcase classname="backend.tests.test_profile_reviews_iter16.TestPublicProfile" name="test_public_profile_user_exists" time="0.097" /><testcase classname="backend.tests.test_profile_reviews_iter16.TestPublicProfile" name="test_public_profile_has_interests" time="0.100" /><testcase classname="backend.tests.test_profile_reviews_iter16.TestPublicProfile" name="test_public_profile_has_show_reviews" time="0.098" /><testcase classname="backend.tests.test_profile_reviews_iter16.TestPublicProfile" name="test_public_profile_has_avg_rating_and_count" time="0.131" /><testcase classname="backend.tests.test_profile_reviews_iter16.TestPublicProfile" name="test_public_profile_phone_hidden_when_show_phone_false" time="0.155" /><testcase classname="backend.tests.test_profile_reviews_iter16.TestPublicProfile" name="test_public_profile_phone_visible_when_show_phone_true" time="0.212" /><testcase classname="backend.tests.test_profile_reviews_iter16.TestPublicProfile" name="test_public_profile_404_for_unknown_id" time="0.102" /><testcase classname="backend.tests.test_profile_reviews_iter16.TestPublicProfile" name="test_coach_public_profile_has_services" time="0.114" /><testcase classname="backend.tests.test_profile_reviews_iter16.TestGetReviews" name="test_get_reviews_returns_list" time="0.147" /><testcase classname="backend.tests.test_profile_reviews_iter16.TestGetReviews" name="test_get_reviews_404_for_unknown_user" time="0.098" /><testcase classname="backend.tests.test_profile_reviews_iter16.TestGetReviews" name="test_get_reviews_has_correct_fields_if_not_empty" time="0.094" /><testcase classname="backend.tests.test_profile_reviews_iter16.TestCreateReview" name="test_create_review_success" time="0.464" /><testcase classname="backend.tests.test_profile_reviews_iter16.TestCreateReview" name="test_create_review_rating_range_validation" time="0.045" /><testcase classname="backend.tests.test_profile_reviews_iter16.TestCreateReview" name="test_create_review_rating_zero_rejected" time="0.046" /><testcase classname="backend.tests.test_profile_reviews_iter16.TestCreateReview" name="test_create_review_without_comment" time="0.042" /><testcase classname="backend.tests.test_profile_reviews_iter16.TestCreateReview" name="test_create_review_duplicate_rejected_409" time="0.100" /><testcase classname="backend.tests.test_profile_reviews_iter16.TestCreateReview" name="test_cannot_review_self" time="0.047" /><testcase classname="backend.tests.test_profile_reviews_iter16.TestCreateReview" name="test_create_review_requires_auth" time="0.103" /><testcase classname="backend.tests.test_profile_reviews_iter16.TestCreateReview" name="test_create_review_shows_reviews_false_rejected" time="0.522" /><testcase classname="backend.tests.test_profile_reviews_iter16.TestCreateReview" name="test_create_review_404_unknown_user" time="0.047" /><testcase classname="backend.tests.test_profile_reviews_iter16.TestReviewStats" name="test_public_profile_review_count_gte_zero" time="0.107" /><testcase classname="backend.tests.test_profile_reviews_iter16.TestReviewStats" name="test_reviews_list_matches_review_count" time="0.206" /></testsuite></testsuites>