<?xml version="1.0" encoding="utf-8"?><testsuites name="pytest tests"><testsuite name="pytest" errors="0" failures="0" skipped="0" tests="36" time="53.815" timestamp="2026-03-11T11:13:53.802842+00:00" hostname="agent-env-983d1540-9950-4f2f-93aa-83d9ed1291c0"><testcase classname="test_15_authcontext_errornodata.TestAuthContextStatic" name="test_checkauth_uses_isOfflineOrTimeout" time="0.001" /><testcase classname="test_15_authcontext_errornodata.TestAuthContextStatic" name="test_checkauth_preserves_token_on_offline" time="0.000" /><testcase classname="test_15_authcontext_errornodata.TestAuthContextStatic" name="test_checkauth_removes_token_on_auth_error" time="0.000" /><testcase classname="test_15_authcontext_errornodata.TestAuthContextStatic" name="test_checkauth_loads_cached_user_on_offline" time="0.000" /><testcase classname="test_15_authcontext_errornodata.TestAuthContextStatic" name="test_login_saves_user_to_spotu_user" time="0.000" /><testcase classname="test_15_authcontext_errornodata.TestAuthContextStatic" name="test_register_saves_user_to_spotu_user" time="0.000" /><testcase classname="test_15_authcontext_errornodata.TestAuthContextStatic" name="test_processGoogleCallback_saves_user_to_spotu_user" time="0.000" /><testcase classname="test_15_authcontext_errornodata.TestAuthContextStatic" name="test_logout_removes_spotu_user" time="0.000" /><testcase classname="test_15_authcontext_errornodata.TestAuthContextStatic" name="test_logout_removes_spotu_token" time="0.000" /><testcase classname="test_15_authcontext_errornodata.TestAuthContextStatic" name="test_updateUser_syncs_spotu_user_cache" time="0.000" /><testcase classname="test_15_authcontext_errornodata.TestAuthContextStatic" name="test_refreshUser_saves_user_to_spotu_user" time="0.000" /><testcase classname="test_15_authcontext_errornodata.TestAuthContextStatic" name="test_checkauth_caches_user_on_fresh_fetch" time="0.000" /><testcase classname="test_15_authcontext_errornodata.TestErrorNoDataStatic" name="test_uses_touchable_opacity_not_pressable" time="0.000" /><testcase classname="test_15_authcontext_errornodata.TestErrorNoDataStatic" name="test_icon_size_is_64" time="0.000" /><testcase classname="test_15_authcontext_errornodata.TestErrorNoDataStatic" name="test_icon_color_opacity_035" time="0.000" /><testcase classname="test_15_authcontext_errornodata.TestErrorNoDataStatic" name="test_title_font_size_18" time="0.000" /><testcase classname="test_15_authcontext_errornodata.TestErrorNoDataStatic" name="test_title_font_weight_700" time="0.000" /><testcase classname="test_15_authcontext_errornodata.TestErrorNoDataStatic" name="test_title_color_rgba_white_09" time="0.000" /><testcase classname="test_15_authcontext_errornodata.TestErrorNoDataStatic" name="test_retry_button_text_is_reessayer" time="0.000" /><testcase classname="test_15_authcontext_errornodata.TestErrorNoDataStatic" name="test_error_no_data_text_is_pas_de_connexion" time="0.000" /><testcase classname="test_15_authcontext_errornodata.TestErrorNoDataStatic" name="test_error_no_data_accepts_testid_prop" time="0.000" /><testcase classname="test_15_authcontext_errornodata.TestErrorNoDataStatic" name="test_retry_button_has_testid" time="0.000" /><testcase classname="test_15_authcontext_errornodata.TestScreenErrorNoDataIntegration" name="test_user_id_imports_error_no_data" time="0.000" /><testcase classname="test_15_authcontext_errornodata.TestScreenErrorNoDataIntegration" name="test_user_id_uses_error_no_data_not_brutal_text" time="0.000" /><testcase classname="test_15_authcontext_errornodata.TestScreenErrorNoDataIntegration" name="test_user_id_error_no_data_has_correct_testid" time="0.000" /><testcase classname="test_15_authcontext_errornodata.TestScreenErrorNoDataIntegration" name="test_user_id_error_no_data_has_on_retry" time="0.000" /><testcase classname="test_15_authcontext_errornodata.TestScreenErrorNoDataIntegration" name="test_profile_tab_imports_error_no_data" time="0.000" /><testcase classname="test_15_authcontext_errornodata.TestScreenErrorNoDataIntegration" name="test_profile_tab_uses_error_no_data_when_no_user" time="0.000" /><testcase classname="test_15_authcontext_errornodata.TestScreenErrorNoDataIntegration" name="test_profile_tab_error_no_data_has_correct_testid" time="0.000" /><testcase classname="test_15_authcontext_errornodata.TestScreenErrorNoDataIntegration" name="test_profile_tab_error_no_data_has_custom_message" time="0.000" /><testcase classname="test_15_authcontext_errornodata.TestScreenErrorNoDataIntegration" name="test_profile_tab_error_no_data_has_on_retry_refreshuser" time="0.000" /><testcase classname="test_15_authcontext_errornodata.TestScreenErrorNoDataIntegration" name="test_profile_tab_error_no_data_inside_safeareaview" time="0.000" /><testcase classname="test_15_authcontext_errornodata.TestRegressionOnline" name="test_login_works_online" time="9.723" /><testcase classname="test_15_authcontext_errornodata.TestRegressionOnline" name="test_profile_tab_loads_after_login" time="13.590" /><testcase classname="test_15_authcontext_errornodata.TestRegressionOnline" name="test_user_public_profile_loads_online" time="16.859" /><testcase classname="test_15_authcontext_errornodata.TestRegressionOnline" name="test_profile_tab_has_logout_and_action_buttons" time="13.593" /></testsuite></testsuites>