<?xml version="1.0" encoding="utf-8"?><testsuites name="pytest tests"><testsuite name="pytest" errors="0" failures="0" skipped="0" tests="16" time="2.751" timestamp="2026-03-26T11:56:35.142751+00:00" hostname="agent-env-81c3e63e-0899-4413-b2b0-1ddd09420609"><testcase classname="tests.test_product_creation_iter90.TestProductCreationAuth" name="test_get_mine_without_auth_returns_401" time="0.228" /><testcase classname="tests.test_product_creation_iter90.TestProductCreationAuth" name="test_post_product_without_auth_returns_401" time="0.103" /><testcase classname="tests.test_product_creation_iter90.TestProductCreationAuth" name="test_delete_product_without_auth_returns_401" time="0.137" /><testcase classname="tests.test_product_creation_iter90.TestGetMyProducts" name="test_get_mine_returns_200" time="0.472" /><testcase classname="tests.test_product_creation_iter90.TestGetMyProducts" name="test_get_mine_response_structure" time="0.052" /><testcase classname="tests.test_product_creation_iter90.TestGetMyProducts" name="test_get_mine_products_have_required_fields" time="0.102" /><testcase classname="tests.test_product_creation_iter90.TestGetMyProducts" name="test_get_mine_no_deleted_products" time="0.047" /><testcase classname="tests.test_product_creation_iter90.TestCreateProduct" name="test_create_product_minimal_draft" time="0.052" /><testcase classname="tests.test_product_creation_iter90.TestCreateProduct" name="test_create_product_all_fields" time="0.049" /><testcase classname="tests.test_product_creation_iter90.TestCreateProduct" name="test_create_product_missing_title_returns_400" time="0.044" /><testcase classname="tests.test_product_creation_iter90.TestCreateProduct" name="test_create_product_pending_review_status" time="0.049" /><testcase classname="tests.test_product_creation_iter90.TestCreateProduct" name="test_update_existing_product_via_product_id" time="0.048" /><testcase classname="tests.test_product_creation_iter90.TestCreateProduct" name="test_update_then_verify_via_mine" time="0.098" /><testcase classname="tests.test_product_creation_iter90.TestDeleteProduct" name="test_delete_own_product" time="0.148" /><testcase classname="tests.test_product_creation_iter90.TestDeleteProduct" name="test_delete_nonexistent_product_returns_404" time="0.048" /><testcase classname="tests.test_product_creation_iter90.TestDeleteProduct" name="test_delete_other_user_product_returns_404" time="0.985" /></testsuite></testsuites>