<?xml version="1.0" encoding="utf-8"?><testsuites name="pytest tests"><testsuite name="pytest" errors="0" failures="0" skipped="0" tests="24" time="7.613" timestamp="2026-03-09T17:16:02.118902+00:00" hostname="agent-env-26c7d3b6-97b7-4578-afc4-95986a154baf"><testcase classname="tests.test_global_booking_flags_iter60.TestPublicBookingConfig" name="test_public_config_returns_200" time="0.913" /><testcase classname="tests.test_global_booking_flags_iter60.TestPublicBookingConfig" name="test_public_config_has_correct_keys" time="0.167" /><testcase classname="tests.test_global_booking_flags_iter60.TestPublicBookingConfig" name="test_public_config_defaults_are_false" time="0.114" /><testcase classname="tests.test_global_booking_flags_iter60.TestPublicBookingConfig" name="test_public_config_no_auth_required" time="0.207" /><testcase classname="tests.test_global_booking_flags_iter60.TestAdminGetConfig" name="test_admin_get_config_returns_200" time="0.121" /><testcase classname="tests.test_global_booking_flags_iter60.TestAdminGetConfig" name="test_admin_get_config_has_correct_keys" time="0.117" /><testcase classname="tests.test_global_booking_flags_iter60.TestAdminGetConfig" name="test_admin_get_config_without_auth_returns_401_or_403" time="0.171" /><testcase classname="tests.test_global_booking_flags_iter60.TestAdminGetConfig" name="test_admin_get_config_with_user_token_returns_403" time="0.465" /><testcase classname="tests.test_global_booking_flags_iter60.TestAdminUpdateConfig" name="test_update_manual_approval_flag" time="0.182" /><testcase classname="tests.test_global_booking_flags_iter60.TestAdminUpdateConfig" name="test_update_config_persisted" time="0.249" /><testcase classname="tests.test_global_booking_flags_iter60.TestAdminUpdateConfig" name="test_update_pay_later_flag" time="0.101" /><testcase classname="tests.test_global_booking_flags_iter60.TestAdminUpdateConfig" name="test_update_both_flags_to_false" time="0.117" /><testcase classname="tests.test_global_booking_flags_iter60.TestAdminUpdateConfig" name="test_update_without_admin_auth_returns_401_or_403" time="0.112" /><testcase classname="tests.test_global_booking_flags_iter60.TestAdminUpdateConfig" name="test_update_with_user_token_returns_403" time="0.135" /><testcase classname="tests.test_global_booking_flags_iter60.TestAdminUpdateConfig" name="test_update_with_invalid_key_returns_400" time="0.105" /><testcase classname="tests.test_global_booking_flags_iter60.TestAdminUpdateConfig" name="test_public_config_reflects_admin_update" time="0.359" /><testcase classname="tests.test_global_booking_flags_iter60.TestServiceFlagNormalization" name="test_create_service_manual_approval_normalized_when_flag_false" time="0.868" /><testcase classname="tests.test_global_booking_flags_iter60.TestServiceFlagNormalization" name="test_create_service_allow_pay_later_normalized_when_flag_false" time="0.394" /><testcase classname="tests.test_global_booking_flags_iter60.TestServiceFlagNormalization" name="test_create_service_with_flags_enabled_preserves_manual_approval" time="0.540" /><testcase classname="tests.test_global_booking_flags_iter60.TestBookingFlagEnforcement" name="test_booking_pay_later_rejected_when_flag_false" time="0.406" /><testcase classname="tests.test_global_booking_flags_iter60.TestBookingFlagEnforcement" name="test_booking_instant_booking_goes_to_awaiting_payment_when_manual_approval_flag_false" time="0.514" /><testcase classname="tests.test_global_booking_flags_iter60.TestBookingFlagEnforcement" name="test_booking_manual_approval_service_forced_to_instant_when_flag_false" time="0.816" /><testcase classname="tests.test_global_booking_flags_iter60.TestFinalStateVerification" name="test_flags_are_mvp_defaults_after_all_tests" time="0.113" /><testcase classname="tests.test_global_booking_flags_iter60.TestFinalStateVerification" name="test_public_config_is_mvp_defaults" time="0.229" /></testsuite></testsuites>