<?xml version="1.0" encoding="utf-8"?><testsuites name="pytest tests"><testsuite name="pytest" errors="0" failures="0" skipped="0" tests="11" time="3.408" timestamp="2026-03-17T18:59:48.958328+00:00" hostname="agent-env-6705bfa2-d23b-4bbf-82d5-54d88855efde"><testcase classname="tests.test_tagpoint_address_privacy_iter87.TestTagPointAddressMasking" name="test_anonymous_1000m_gets_masked_address" time="0.429" /><testcase classname="tests.test_tagpoint_address_privacy_iter87.TestTagPointAddressMasking" name="test_anonymous_100m_gets_street_without_number" time="0.133" /><testcase classname="tests.test_tagpoint_address_privacy_iter87.TestTagPointAddressMasking" name="test_owner_1000m_gets_masked_address_with_original" time="0.504" /><testcase classname="tests.test_tagpoint_address_privacy_iter87.TestTagPointAddressMasking" name="test_owner_100m_gets_masked_address_with_original" time="0.492" /><testcase classname="tests.test_tagpoint_address_privacy_iter87.TestTagPointAddressMasking" name="test_non_owner_sees_masked_address_no_original" time="0.159" /><testcase classname="tests.test_tagpoint_address_privacy_iter87.TestTagPointExactPrecision" name="test_owner_exact_precision_gets_full_address_no_original" time="0.182" /><testcase classname="tests.test_tagpoint_address_privacy_iter87.TestTagPointCreateWithAddress" name="test_create_tagpoint_with_address" time="0.257" /><testcase classname="tests.test_tagpoint_address_privacy_iter87.TestTagPointUpdateAddress" name="test_update_tagpoint_address" time="0.572" /><testcase classname="tests.test_tagpoint_address_privacy_iter87.TestServiceAddressMaskingRegression" name="test_service_address_masking_still_works" time="0.272" /><testcase classname="tests.test_tagpoint_address_privacy_iter87.TestAddressMaskingEdgeCases" name="test_null_address_handling" time="0.186" /><testcase classname="tests.test_tagpoint_address_privacy_iter87.TestAddressMaskingEdgeCases" name="test_1000m_skips_france_country_name" time="0.133" /></testsuite></testsuites>