<?xml version="1.0" encoding="utf-8"?><testsuites name="pytest tests"><testsuite name="pytest" errors="0" failures="0" skipped="0" tests="21" time="4.342" timestamp="2026-03-26T14:00:35.280308+00:00" hostname="agent-env-a151b72d-9d9e-4a6b-a900-568d1a70c802"><testcase classname="tests.test_product_myproducts_iter92.TestGetMyProducts" name="test_get_my_products_returns_200" time="0.635" /><testcase classname="tests.test_product_myproducts_iter92.TestGetMyProducts" name="test_get_my_products_has_products_list" time="0.135" /><testcase classname="tests.test_product_myproducts_iter92.TestGetMyProducts" name="test_get_my_products_includes_admin_comment_field" time="0.148" /><testcase classname="tests.test_product_myproducts_iter92.TestGetMyProducts" name="test_get_my_products_includes_rejection_reason_field" time="0.134" /><testcase classname="tests.test_product_myproducts_iter92.TestGetMyProducts" name="test_rejected_product_has_admin_comment" time="0.115" /><testcase classname="tests.test_product_myproducts_iter92.TestGetMyProducts" name="test_get_my_products_requires_auth" time="0.119" /><testcase classname="tests.test_product_myproducts_iter92.TestGetMyProducts" name="test_my_products_excludes_deleted" time="0.129" /><testcase classname="tests.test_product_myproducts_iter92.TestGetMyProducts" name="test_my_products_key_fields_present" time="0.119" /><testcase classname="tests.test_product_myproducts_iter92.TestGetProductDetail" name="test_detail_returns_200" time="0.275" /><testcase classname="tests.test_product_myproducts_iter92.TestGetProductDetail" name="test_detail_includes_lat_lng" time="0.177" /><testcase classname="tests.test_product_myproducts_iter92.TestGetProductDetail" name="test_detail_includes_return_rules" time="0.104" /><testcase classname="tests.test_product_myproducts_iter92.TestGetProductDetail" name="test_detail_includes_admin_comment" time="0.117" /><testcase classname="tests.test_product_myproducts_iter92.TestGetProductDetail" name="test_detail_includes_all_edit_fields" time="0.148" /><testcase classname="tests.test_product_myproducts_iter92.TestGetProductDetail" name="test_detail_404_for_nonexistent" time="0.110" /><testcase classname="tests.test_product_myproducts_iter92.TestGetProductDetail" name="test_detail_requires_auth" time="0.134" /><testcase classname="tests.test_product_myproducts_iter92.TestGetProductDetail" name="test_detail_returns_correct_product_id" time="0.123" /><testcase classname="tests.test_product_myproducts_iter92.TestRejectedProductComment" name="test_rejected_product_detail_has_comment_field" time="0.251" /><testcase classname="tests.test_product_myproducts_iter92.TestRejectedProductComment" name="test_rejected_product_in_mine_has_comment" time="0.112" /><testcase classname="tests.test_product_myproducts_iter92.TestProductDelete" name="test_delete_product_flow" time="0.399" /><testcase classname="tests.test_product_myproducts_iter92.TestProductDelete" name="test_delete_requires_ownership" time="0.667" /><testcase classname="tests.test_product_myproducts_iter92.TestProductDelete" name="test_delete_requires_auth" time="0.113" /></testsuite></testsuites>