<?xml version="1.0" encoding="utf-8"?><testsuites name="pytest tests"><testsuite name="pytest" errors="0" failures="0" skipped="0" tests="12" time="4.081" timestamp="2026-02-26T14:30:43.471731+00:00" hostname="agent-env-65147102-5efe-48af-9cc9-f9408b520f5a"><testcase classname="backend.tests.test_image_upload_iter11.TestUploadImage" name="test_upload_image_returns_200" time="0.638" /><testcase classname="backend.tests.test_image_upload_iter11.TestUploadImage" name="test_upload_image_returns_url" time="1.079" /><testcase classname="backend.tests.test_image_upload_iter11.TestUploadImage" name="test_upload_image_returns_filename" time="0.249" /><testcase classname="backend.tests.test_image_upload_iter11.TestUploadImage" name="test_upload_image_url_contains_api_uploads" time="0.148" /><testcase classname="backend.tests.test_image_upload_iter11.TestUploadedFileAccess" name="test_uploaded_file_accessible_http200" time="0.282" /><testcase classname="backend.tests.test_image_upload_iter11.TestUploadedFileAccess" name="test_uploaded_file_content_type_is_image" time="0.173" /><testcase classname="backend.tests.test_image_upload_iter11.TestTagPointWithImages" name="test_create_tagpoint_with_image_returns_200" time="0.386" /><testcase classname="backend.tests.test_image_upload_iter11.TestTagPointWithImages" name="test_create_tagpoint_response_contains_images" time="0.137" /><testcase classname="backend.tests.test_image_upload_iter11.TestTagPointWithImages" name="test_get_tagpoint_by_id_returns_images" time="0.331" /><testcase classname="backend.tests.test_image_upload_iter11.TestTagPointWithImages" name="test_get_tagpoint_images_are_accessible_urls" time="0.301" /><testcase classname="backend.tests.test_image_upload_iter11.TestTagPointWithImages" name="test_create_tagpoint_with_empty_images" time="0.116" /><testcase classname="backend.tests.test_image_upload_iter11.TestTagPointWithImages" name="test_create_tagpoint_with_multiple_images" time="0.141" /></testsuite></testsuites>