<?xml version="1.0" encoding="utf-8"?><testsuites name="pytest tests"><testsuite name="pytest" errors="0" failures="0" skipped="0" tests="13" time="0.482" timestamp="2026-02-28T21:31:33.591663+00:00" hostname="agent-env-a6e05c03-8c82-4fa1-aa0f-f78501915872"><testcase classname="backend.tests.test_service_save_iter43.TestGetSavedServices" name="test_saved_route_requires_auth" time="0.241" /><testcase classname="backend.tests.test_service_save_iter43.TestGetSavedServices" name="test_saved_returns_list" time="0.010" /><testcase classname="backend.tests.test_service_save_iter43.TestGetSavedServices" name="test_saved_initially_empty_for_service" time="0.010" /><testcase classname="backend.tests.test_service_save_iter43.TestGetSavedServices" name="test_saved_shows_service_after_save" time="0.013" /><testcase classname="backend.tests.test_service_save_iter43.TestGetSavedServices" name="test_saved_item_has_required_fields" time="0.015" /><testcase classname="backend.tests.test_service_save_iter43.TestGetSavedServices" name="test_saved_removed_after_unsave" time="0.014" /><testcase classname="backend.tests.test_service_save_iter43.TestSaveService" name="test_save_requires_auth" time="0.007" /><testcase classname="backend.tests.test_service_save_iter43.TestSaveService" name="test_save_returns_success" time="0.009" /><testcase classname="backend.tests.test_service_save_iter43.TestSaveService" name="test_save_idempotent" time="0.013" /><testcase classname="backend.tests.test_service_save_iter43.TestSaveService" name="test_save_nonexistent_service_returns_404" time="0.007" /><testcase classname="backend.tests.test_service_save_iter43.TestUnsaveService" name="test_unsave_requires_auth" time="0.006" /><testcase classname="backend.tests.test_service_save_iter43.TestUnsaveService" name="test_unsave_after_save_returns_success" time="0.010" /><testcase classname="backend.tests.test_service_save_iter43.TestUnsaveService" name="test_unsave_idempotent" time="0.007" /></testsuite></testsuites>