<?xml version="1.0" encoding="utf-8"?><testsuites name="pytest tests"><testsuite name="pytest" errors="0" failures="0" skipped="0" tests="18" time="157.132" timestamp="2026-03-10T23:34:29.113148+00:00" hostname="agent-env-005d3390-f643-4041-92d8-0c9f928a22a7"><testcase classname="test_01_auth.TestAuthentication" name="test_login_as_user_via_ui[chromium]" time="4.653" /><testcase classname="test_01_auth.TestAuthentication" name="test_coach_token_gives_access[chromium]" time="5.468" /><testcase classname="test_01_auth.TestAuthentication" name="test_login_wrong_password[chromium]" time="7.316" /><testcase classname="test_01_auth.TestAuthentication" name="test_login_empty_fields[chromium]" time="4.665" /><testcase classname="test_01_auth.TestAuthentication" name="test_navigate_to_register_and_check_fields[chromium]" time="3.133" /><testcase classname="test_01_auth.TestAuthentication" name="test_logout[chromium]" time="7.853" /><testcase classname="test_02_home.TestHomeDiscovery" name="test_home_screen_loads_after_login[chromium]" time="5.072" /><testcase classname="test_02_home.TestHomeDiscovery" name="test_spotyous_displayed_on_home[chromium]" time="9.044" /><testcase classname="test_02_home.TestHomeDiscovery" name="test_search_button_navigates_to_search[chromium]" time="7.504" /><testcase classname="test_02_home.TestHomeDiscovery" name="test_click_hero_card_navigates_to_detail[chromium]" time="12.873" /><testcase classname="test_02_home.TestHomeDiscovery" name="test_click_recent_row_navigates_to_detail[chromium]" time="12.104" /><testcase classname="test_03_spotyou.TestSpotYouCRUD" name="test_create_form_loads[chromium]" time="8.094" /><testcase classname="test_03_spotyou.TestSpotYouCRUD" name="test_create_spotyou_title_required[chromium]" time="8.992" /><testcase classname="test_03_spotyou.TestSpotYouCRUD" name="test_create_spotyou_with_title[chromium]" time="9.119" /><testcase classname="test_03_spotyou.TestSpotYouCRUD" name="test_spotyou_detail_shows_rsvp_for_user[chromium]" time="8.382" /><testcase classname="test_03_spotyou.TestSpotYouCRUD" name="test_spotyou_detail_shows_vote_fab[chromium]" time="13.407" /><testcase classname="test_03_spotyou.TestSpotYouCRUD" name="test_user_can_open_vote_modal[chromium]" time="14.450" /><testcase classname="test_03_spotyou.TestSpotYouCRUD" name="test_user_can_toggle_save[chromium]" time="14.967" /></testsuite></testsuites>