<?xml version="1.0" encoding="utf-8"?><testsuites name="pytest tests"><testsuite name="pytest" errors="0" failures="1" skipped="0" tests="58" time="0.084" timestamp="2026-03-11T11:35:18.246013+00:00" hostname="agent-env-983d1540-9950-4f2f-93aa-83d9ed1291c0"><testcase classname="test_16_spotyou_cache_onback.TestCacheLib" name="test_cache_exports_buildCacheKey" time="0.001" /><testcase classname="test_16_spotyou_cache_onback.TestCacheLib" name="test_cache_exports_cacheGet" time="0.000" /><testcase classname="test_16_spotyou_cache_onback.TestCacheLib" name="test_cache_exports_cacheSet" time="0.000" /><testcase classname="test_16_spotyou_cache_onback.TestCacheLib" name="test_cache_exports_isFresh" time="0.000" /><testcase classname="test_16_spotyou_cache_onback.TestCacheLib" name="test_cache_exports_cacheAgeMinutes" time="0.000" /><testcase classname="test_16_spotyou_cache_onback.TestCacheLib" name="test_cache_exports_getTtl" time="0.000" /><testcase classname="test_16_spotyou_cache_onback.TestCacheLib" name="test_cache_exports_cacheInvalidate" time="0.000" /><testcase classname="test_16_spotyou_cache_onback.TestCacheLib" name="test_cache_exports_SCHEMA_VERSION" time="0.000" /><testcase classname="test_16_spotyou_cache_onback.TestSpotYouImports" name="test_imports_buildCacheKey" time="0.000" /><testcase classname="test_16_spotyou_cache_onback.TestSpotYouImports" name="test_imports_cacheGet" time="0.000" /><testcase classname="test_16_spotyou_cache_onback.TestSpotYouImports" name="test_imports_cacheSet" time="0.000" /><testcase classname="test_16_spotyou_cache_onback.TestSpotYouImports" name="test_imports_isFresh" time="0.000" /><testcase classname="test_16_spotyou_cache_onback.TestSpotYouImports" name="test_imports_cacheAgeMinutes" time="0.000" /><testcase classname="test_16_spotyou_cache_onback.TestSpotYouImports" name="test_imports_getTtl" time="0.000" /><testcase classname="test_16_spotyou_cache_onback.TestSpotYouImports" name="test_imports_cacheInvalidate" time="0.000" /><testcase classname="test_16_spotyou_cache_onback.TestSpotYouImports" name="test_imports_SCHEMA_VERSION" time="0.000" /><testcase classname="test_16_spotyou_cache_onback.TestSpotYouImports" name="test_imports_StaleBanner" time="0.000" /><testcase classname="test_16_spotyou_cache_onback.TestSpotYouImports" name="test_imports_ErrorNoData" time="0.000" /><testcase classname="test_16_spotyou_cache_onback.TestSpotYouScreenState" name="test_screenState_loading_initial" time="0.000" /><testcase classname="test_16_spotyou_cache_onback.TestSpotYouScreenState" name="test_screenState_ready_fresh" time="0.000" /><testcase classname="test_16_spotyou_cache_onback.TestSpotYouScreenState" name="test_screenState_ready_cached" time="0.000" /><testcase classname="test_16_spotyou_cache_onback.TestSpotYouScreenState" name="test_screenState_error_no_data" time="0.000" /><testcase classname="test_16_spotyou_cache_onback.TestSpotYouScreenState" name="test_screenState_initial_value_is_loading_initial" time="0.000" /><testcase classname="test_16_spotyou_cache_onback.TestSpotYouLoadPoint" name="test_loadPoint_calls_buildCacheKey" time="0.000" /><testcase classname="test_16_spotyou_cache_onback.TestSpotYouLoadPoint" name="test_loadPoint_calls_cacheGet" time="0.000" /><testcase classname="test_16_spotyou_cache_onback.TestSpotYouLoadPoint" name="test_loadPoint_calls_cacheSet_after_fetch" time="0.000" /><testcase classname="test_16_spotyou_cache_onback.TestSpotYouLoadPoint" name="test_loadPoint_calls_isFresh" time="0.000" /><testcase classname="test_16_spotyou_cache_onback.TestSpotYouLoadPoint" name="test_loadPoint_sets_staleMinutes_with_cacheAgeMinutes" time="0.000" /><testcase classname="test_16_spotyou_cache_onback.TestSpotYouLoadPoint" name="test_loadPoint_uses_getTtl" time="0.000" /><testcase classname="test_16_spotyou_cache_onback.TestSpotYouLoadPoint" name="test_loadPoint_sets_ready_fresh_after_network" time="0.000" /><testcase classname="test_16_spotyou_cache_onback.TestSpotYouLoadPoint" name="test_loadPoint_sets_ready_cached_on_network_error_with_data" time="0.000" /><testcase classname="test_16_spotyou_cache_onback.TestSpotYouLoadPoint" name="test_loadPoint_sets_error_no_data_on_network_error_without_data" time="0.000" /><testcase classname="test_16_spotyou_cache_onback.TestSpotYouErrorNoData" name="test_no_brutal_not_found_text" time="0.000" /><testcase classname="test_16_spotyou_cache_onback.TestSpotYouErrorNoData" name="test_ErrorNoData_testID_spotyou_not_found" time="0.000" /><testcase classname="test_16_spotyou_cache_onback.TestSpotYouErrorNoData" name="test_ErrorNoData_has_onBack_prop" time="0.000" /><testcase classname="test_16_spotyou_cache_onback.TestSpotYouErrorNoData" name="test_ErrorNoData_onBack_uses_router_back" time="0.000" /><testcase classname="test_16_spotyou_cache_onback.TestSpotYouErrorNoData" name="test_ErrorNoData_has_onRetry_loadPoint" time="0.000" /><testcase classname="test_16_spotyou_cache_onback.TestSpotYouStaleBanner" name="test_StaleBanner_rendered_when_ready_cached" time="0.000" /><testcase classname="test_16_spotyou_cache_onback.TestSpotYouStaleBanner" name="test_StaleBanner_receives_staleMinutes" time="0.000" /><testcase classname="test_16_spotyou_cache_onback.TestSpotYouCacheInvalidate" name="test_cacheInvalidate_called_in_doRSVP" time="0.000" /><testcase classname="test_16_spotyou_cache_onback.TestSpotYouCacheInvalidate" name="test_cacheInvalidate_includes_tag_points_id" time="0.000" /><testcase classname="test_16_spotyou_cache_onback.TestSpotYouCacheInvalidate" name="test_cacheInvalidate_includes_planning" time="0.000" /><testcase classname="test_16_spotyou_cache_onback.TestSpotYouCacheInvalidate" name="test_cacheInvalidate_called_in_doGoing" time="0.000" /><testcase classname="test_16_spotyou_cache_onback.TestErrorNoDataOfflineBanner" name="test_ErrorNoDataProps_has_onBack_optional" time="0.000" /><testcase classname="test_16_spotyou_cache_onback.TestErrorNoDataOfflineBanner" name="test_ErrorNoData_renders_back_button_when_onBack_provided" time="0.000" /><testcase classname="test_16_spotyou_cache_onback.TestErrorNoDataOfflineBanner" name="test_back_btn_has_testID_back_nav_btn" time="0.000" /><testcase classname="test_16_spotyou_cache_onback.TestErrorNoDataOfflineBanner" name="test_back_btn_text_is_retour" time="0.000" /><testcase classname="test_16_spotyou_cache_onback.TestErrorNoDataOfflineBanner" name="test_style_backBtn_present" time="0.000" /><testcase classname="test_16_spotyou_cache_onback.TestErrorNoDataOfflineBanner" name="test_style_backBtnText_present" time="0.000" /><testcase classname="test_16_spotyou_cache_onback.TestErrorNoDataOfflineBanner" name="test_back_btn_uses_onBack_as_onPress" time="0.000" /><testcase classname="test_16_spotyou_cache_onback.TestErrorNoDataOfflineBanner" name="test_back_btn_uses_chevron_back_icon" time="0.000" /><testcase classname="test_16_spotyou_cache_onback.TestUserIdErrorNoData" name="test_user_id_imports_ErrorNoData" time="0.000" /><testcase classname="test_16_spotyou_cache_onback.TestUserIdErrorNoData" name="test_user_id_ErrorNoData_has_correct_testID" time="0.000" /><testcase classname="test_16_spotyou_cache_onback.TestUserIdErrorNoData" name="test_user_id_ErrorNoData_has_onBack" time="0.000"><failure message="AssertionError: FAIL: user/[id].tsx ErrorNoData is MISSING onBack prop (router.canGoBack ? router.back : router.replace)&#10;assert False">test_16_spotyou_cache_onback.py:345: in test_user_id_ErrorNoData_has_onBack
    assert has_on_back, \
E   AssertionError: FAIL: user/[id].tsx ErrorNoData is MISSING onBack prop (router.canGoBack ? router.back : router.replace)
E   assert False</failure></testcase><testcase classname="test_16_spotyou_cache_onback.TestUserIdErrorNoData" name="test_user_id_ErrorNoData_onBack_uses_router_back" time="0.000" /><testcase classname="test_16_spotyou_cache_onback.TestUserIdErrorNoData" name="test_user_id_no_brutal_profile_not_found" time="0.000" /><testcase classname="test_16_spotyou_cache_onback.TestSpotYouSkeleton" name="test_SpotYouSkeleton_component_exists" time="0.000" /><testcase classname="test_16_spotyou_cache_onback.TestSpotYouSkeleton" name="test_SpotYouSkeleton_rendered_when_loading" time="0.000" /></testsuite></testsuites>