<?xml version="1.0" encoding="utf-8"?><testsuites name="pytest tests"><testsuite name="pytest" errors="0" failures="0" skipped="0" tests="28" time="3.905" timestamp="2026-03-08T15:06:27.014848+00:00" hostname="agent-env-58cbc622-01c9-4bd1-bb97-f92365fc0c47"><testcase classname="tests.test_webhooks_iter52.TestPaymentEvents" name="test_01_checkout_completed_unpaid_authorized" time="0.207" /><testcase classname="tests.test_webhooks_iter52.TestPaymentEvents" name="test_02_checkout_completed_paid_captured" time="0.125" /><testcase classname="tests.test_webhooks_iter52.TestPaymentEvents" name="test_03_amount_capturable_updated" time="0.114" /><testcase classname="tests.test_webhooks_iter52.TestPaymentEvents" name="test_04_payment_intent_succeeded" time="0.110" /><testcase classname="tests.test_webhooks_iter52.TestPaymentEvents" name="test_05_payment_intent_failed" time="0.106" /><testcase classname="tests.test_webhooks_iter52.TestPaymentEvents" name="test_06_payment_intent_canceled" time="0.135" /><testcase classname="tests.test_webhooks_iter52.TestPaymentEvents" name="test_lookup_by_pi_id_fallback" time="0.109" /><testcase classname="tests.test_webhooks_iter52.TestChargeRefundEvents" name="test_07_charge_refunded_full" time="0.130" /><testcase classname="tests.test_webhooks_iter52.TestChargeRefundEvents" name="test_08_charge_refunded_partial" time="0.108" /><testcase classname="tests.test_webhooks_iter52.TestChargeRefundEvents" name="test_09_refund_updated_succeeded" time="0.107" /><testcase classname="tests.test_webhooks_iter52.TestChargeRefundEvents" name="test_charge_refunded_lookup_by_charge_id" time="0.110" /><testcase classname="tests.test_webhooks_iter52.TestSubscriptionEvents" name="test_10_subscription_created" time="0.125" /><testcase classname="tests.test_webhooks_iter52.TestSubscriptionEvents" name="test_11_subscription_updated_cancelling" time="0.113" /><testcase classname="tests.test_webhooks_iter52.TestSubscriptionEvents" name="test_12_subscription_updated_cancelled" time="0.107" /><testcase classname="tests.test_webhooks_iter52.TestSubscriptionEvents" name="test_13_subscription_deleted" time="0.101" /><testcase classname="tests.test_webhooks_iter52.TestSubscriptionEvents" name="test_14_invoice_paid_renewal" time="0.119" /><testcase classname="tests.test_webhooks_iter52.TestSubscriptionEvents" name="test_15_invoice_payment_failed" time="0.116" /><testcase classname="tests.test_webhooks_iter52.TestSubscriptionEvents" name="test_16_checkout_completed_subscription_mode" time="0.399" /><testcase classname="tests.test_webhooks_iter52.TestIdempotenceAndRobustness" name="test_17_idempotence_same_event_twice" time="0.163" /><testcase classname="tests.test_webhooks_iter52.TestIdempotenceAndRobustness" name="test_18_unknown_event_type_ok" time="0.102" /><testcase classname="tests.test_webhooks_iter52.TestIdempotenceAndRobustness" name="test_19_invalid_body" time="0.097" /><testcase classname="tests.test_webhooks_iter52.TestIdempotenceAndRobustness" name="test_20_no_state_regression_captured" time="0.104" /><testcase classname="tests.test_webhooks_iter52.TestIdempotenceAndRobustness" name="test_21_no_state_regression_refunded" time="0.112" /><testcase classname="tests.test_webhooks_iter52.TestIdempotenceAndRobustness" name="test_22_subscription_cancelled_no_reactivation" time="0.130" /><testcase classname="tests.test_webhooks_iter52.TestIdempotenceAndRobustness" name="test_23_webhook_event_tracked_in_db" time="0.115" /><testcase classname="tests.test_webhooks_iter52.TestIdempotenceAndRobustness" name="test_24_missing_event_id_returns_400" time="0.132" /><testcase classname="tests.test_webhooks_iter52.TestSummary" name="test_25_full_payment_lifecycle" time="0.162" /><testcase classname="tests.test_webhooks_iter52.TestSummary" name="test_26_full_subscription_lifecycle" time="0.216" /></testsuite></testsuites>