<?xml version="1.0" encoding="utf-8"?><testsuites name="pytest tests"><testsuite name="pytest" errors="0" failures="0" skipped="0" tests="35" time="7.019" timestamp="2026-03-12T17:20:23.980272+00:00" hostname="agent-env-789bad10-c53b-4c01-9921-6a4fa90f6f9d"><testcase classname="tests.test_tags_domains_iter78.TestAdminLogin" name="test_admin_login_success" time="0.493" /><testcase classname="tests.test_tags_domains_iter78.TestAdminLogin" name="test_coach_login_success" time="0.449" /><testcase classname="tests.test_tags_domains_iter78.TestAdminAnalyticsEndpoints" name="test_get_all_domains" time="0.474" /><testcase classname="tests.test_tags_domains_iter78.TestAdminAnalyticsEndpoints" name="test_get_all_domains_requires_admin" time="0.139" /><testcase classname="tests.test_tags_domains_iter78.TestAdminAnalyticsEndpoints" name="test_get_all_categories" time="0.124" /><testcase classname="tests.test_tags_domains_iter78.TestAdminAnalyticsEndpoints" name="test_get_all_tags" time="0.154" /><testcase classname="tests.test_tags_domains_iter78.TestAdminAnalyticsEndpoints" name="test_get_tags_analytics" time="0.169" /><testcase classname="tests.test_tags_domains_iter78.TestAdminAnalyticsEndpoints" name="test_tags_analytics_top_tags_structure" time="0.136" /><testcase classname="tests.test_tags_domains_iter78.TestAdminAnalyticsEndpoints" name="test_tags_analytics_top_domains_structure" time="0.136" /><testcase classname="tests.test_tags_domains_iter78.TestAdminAnalyticsEndpoints" name="test_tags_analytics_requires_admin" time="0.494" /><testcase classname="tests.test_tags_domains_iter78.TestDomainCRUD" name="test_get_domains_public" time="0.140" /><testcase classname="tests.test_tags_domains_iter78.TestDomainCRUD" name="test_create_domain_admin" time="0.127" /><testcase classname="tests.test_tags_domains_iter78.TestDomainCRUD" name="test_create_domain_requires_admin" time="0.118" /><testcase classname="tests.test_tags_domains_iter78.TestDomainCRUD" name="test_update_domain" time="0.129" /><testcase classname="tests.test_tags_domains_iter78.TestDomainCRUD" name="test_get_domain_usage" time="0.140" /><testcase classname="tests.test_tags_domains_iter78.TestDomainCRUD" name="test_domain_usage_requires_admin" time="0.139" /><testcase classname="tests.test_tags_domains_iter78.TestDomainCRUD" name="test_delete_domain_deactivate" time="0.134" /><testcase classname="tests.test_tags_domains_iter78.TestDomainCRUD" name="test_delete_domain_cascade" time="0.121" /><testcase classname="tests.test_tags_domains_iter78.TestCategoryCRUD" name="test_create_category" time="0.301" /><testcase classname="tests.test_tags_domains_iter78.TestCategoryCRUD" name="test_update_category" time="0.160" /><testcase classname="tests.test_tags_domains_iter78.TestCategoryCRUD" name="test_get_category_usage" time="0.292" /><testcase classname="tests.test_tags_domains_iter78.TestCategoryCRUD" name="test_delete_category_deactivate" time="0.120" /><testcase classname="tests.test_tags_domains_iter78.TestCategoryCRUD" name="test_delete_category_cascade" time="0.221" /><testcase classname="tests.test_tags_domains_iter78.TestTagCRUD" name="test_create_tag" time="0.447" /><testcase classname="tests.test_tags_domains_iter78.TestTagCRUD" name="test_update_tag" time="0.107" /><testcase classname="tests.test_tags_domains_iter78.TestTagCRUD" name="test_get_tag_usage" time="0.132" /><testcase classname="tests.test_tags_domains_iter78.TestTagCRUD" name="test_get_tag_usage_requires_admin" time="0.107" /><testcase classname="tests.test_tags_domains_iter78.TestTagCRUD" name="test_delete_tag_cascade" time="0.135" /><testcase classname="tests.test_tags_domains_iter78.TestTagCRUD" name="test_delete_nonexistent_tag" time="0.248" /><testcase classname="tests.test_tags_domains_iter78.TestPublicTagEndpoints" name="test_get_tags" time="0.157" /><testcase classname="tests.test_tags_domains_iter78.TestPublicTagEndpoints" name="test_get_categories" time="0.155" /><testcase classname="tests.test_tags_domains_iter78.TestPublicTagEndpoints" name="test_get_domains" time="0.136" /><testcase classname="tests.test_tags_domains_iter78.TestUpdateNotFound" name="test_update_nonexistent_domain" time="0.110" /><testcase classname="tests.test_tags_domains_iter78.TestUpdateNotFound" name="test_update_nonexistent_category" time="0.128" /><testcase classname="tests.test_tags_domains_iter78.TestUpdateNotFound" name="test_update_nonexistent_tag" time="0.135" /></testsuite></testsuites>