<?xml version="1.0" encoding="utf-8"?><testsuites name="pytest tests"><testsuite name="pytest" errors="0" failures="0" skipped="0" tests="12" time="4.806" timestamp="2026-03-10T16:47:10.531683+00:00" hostname="agent-env-f2e53ff4-b137-4e56-8e3b-4f562eb8f163"><testcase classname="tests.test_spotyou_chat_access.TestJoinSetsActiveStatus" name="test_join_spotyou_success" time="0.655" /><testcase classname="tests.test_spotyou_chat_access.TestJoinSetsActiveStatus" name="test_join_sets_active_in_conv_list" time="0.250" /><testcase classname="tests.test_spotyou_chat_access.TestNonMemberCannotCreateGroupConv" name="test_leave_before_403_test" time="0.120" /><testcase classname="tests.test_spotyou_chat_access.TestNonMemberCannotCreateGroupConv" name="test_non_member_gets_403" time="0.388" /><testcase classname="tests.test_spotyou_chat_access.TestLeaveBlocksConversation" name="test_leave_after_join" time="0.275" /><testcase classname="tests.test_spotyou_chat_access.TestLeaveBlocksConversation" name="test_leave_sets_is_blocked_true" time="0.442" /><testcase classname="tests.test_spotyou_chat_access.TestBlockedUserReadOnly" name="test_blocked_user_can_read_messages" time="0.461" /><testcase classname="tests.test_spotyou_chat_access.TestBlockedUserReadOnly" name="test_blocked_conv_still_in_list" time="0.353" /><testcase classname="tests.test_spotyou_chat_access.TestRejoinResetsActive" name="test_rejoin_after_leave_resets_to_active" time="0.624" /><testcase classname="tests.test_spotyou_chat_access.TestOwnerAlwaysActive" name="test_owner_conv_is_not_blocked" time="0.489" /><testcase classname="tests.test_spotyou_chat_access.TestConversationsStructure" name="test_conversations_have_is_blocked_field" time="0.290" /><testcase classname="tests.test_spotyou_chat_access.TestConversationsStructure" name="test_active_conv_has_is_blocked_false" time="0.370" /></testsuite></testsuites>