<?xml version="1.0" encoding="utf-8"?><testsuites name="pytest tests"><testsuite name="pytest" errors="0" failures="0" skipped="0" tests="38" time="64.454" timestamp="2026-03-15T15:43:34.775201+00:00" hostname="agent-env-72fe80a7-0410-48ee-9730-79e2063604ee"><testcase classname="tests.test_spotyou_websocket_concurrency.TestRegressionLogin" name="test_coach_login" time="0.363" /><testcase classname="tests.test_spotyou_websocket_concurrency.TestRegressionLogin" name="test_user_login" time="0.280" /><testcase classname="tests.test_spotyou_websocket_concurrency.TestRegressionLogin" name="test_invalid_login_returns_401" time="0.060" /><testcase classname="tests.test_spotyou_websocket_concurrency.TestRegressionTagPoints" name="test_get_tag_points_returns_list" time="0.324" /><testcase classname="tests.test_spotyou_websocket_concurrency.TestRegressionTagPoints" name="test_get_tag_points_unauthenticated" time="0.055" /><testcase classname="tests.test_spotyou_websocket_concurrency.TestRegressionTagPoints" name="test_tag_points_have_point_id" time="0.053" /><testcase classname="tests.test_spotyou_websocket_concurrency.TestRegressionGoingList" name="test_going_list_returns_200" time="0.108" /><testcase classname="tests.test_spotyou_websocket_concurrency.TestRegressionGoingList" name="test_going_list_404_for_invalid_id" time="0.052" /><testcase classname="tests.test_spotyou_websocket_concurrency.TestJoinLeaveResponseFields" name="test_join_returns_required_fields" time="0.113" /><testcase classname="tests.test_spotyou_websocket_concurrency.TestJoinLeaveResponseFields" name="test_leave_returns_required_fields" time="0.160" /><testcase classname="tests.test_spotyou_websocket_concurrency.TestJoinLeaveResponseFields" name="test_join_after_leave_increments_count" time="0.212" /><testcase classname="tests.test_spotyou_websocket_concurrency.TestGoingNotGoingResponseFields" name="test_going_returns_required_fields" time="0.155" /><testcase classname="tests.test_spotyou_websocket_concurrency.TestGoingNotGoingResponseFields" name="test_not_going_returns_required_fields" time="0.209" /><testcase classname="tests.test_spotyou_websocket_concurrency.TestGoingNotGoingResponseFields" name="test_going_count_decreases_after_not_going" time="0.206" /><testcase classname="tests.test_spotyou_websocket_concurrency.TestConcurrency" name="test_concurrent_joins_no_duplicate" time="0.385" /><testcase classname="tests.test_spotyou_websocket_concurrency.TestConcurrency" name="test_concurrent_joins_same_count_both_succeed" time="0.273" /><testcase classname="tests.test_spotyou_websocket_concurrency.TestWebSocket" name="test_ws_accepts_connection" time="0.588" /><testcase classname="tests.test_spotyou_websocket_concurrency.TestWebSocket" name="test_ws_closes_on_invalid_token" time="0.303" /><testcase classname="tests.test_spotyou_websocket_concurrency.TestWebSocket" name="test_ws_receives_spotyou_update_after_join" time="6.288" /><testcase classname="tests.test_spotyou_websocket_concurrency.TestWebSocket" name="test_ws_receives_spotyou_update_after_leave" time="6.147" /><testcase classname="tests.test_spotyou_websocket_concurrency.TestWebSocket" name="test_ws_timeout_on_no_auth" time="5.334" /><testcase classname="tests.test_realtime_list_screens_iter83.TestListScreenEndpoints" name="test_mine_returns_list" time="0.438" /><testcase classname="tests.test_realtime_list_screens_iter83.TestListScreenEndpoints" name="test_mine_items_have_required_fields" time="0.064" /><testcase classname="tests.test_realtime_list_screens_iter83.TestListScreenEndpoints" name="test_mine_has_data_for_user" time="0.058" /><testcase classname="tests.test_realtime_list_screens_iter83.TestListScreenEndpoints" name="test_saved_returns_list" time="0.055" /><testcase classname="tests.test_realtime_list_screens_iter83.TestListScreenEndpoints" name="test_saved_items_have_required_fields" time="0.053" /><testcase classname="tests.test_realtime_list_screens_iter83.TestListScreenEndpoints" name="test_mine_returns_403_without_auth" time="0.052" /><testcase classname="tests.test_realtime_list_screens_iter83.TestListScreenEndpoints" name="test_saved_returns_403_without_auth" time="0.058" /><testcase classname="tests.test_realtime_list_screens_iter83.TestListScreenEndpoints" name="test_mine_coach_has_spots" time="0.336" /><testcase classname="tests.test_realtime_list_screens_iter83.TestListScreenEndpoints" name="test_mine_includes_going_count_int_or_zero" time="0.056" /><testcase classname="tests.test_realtime_list_screens_iter83.TestSpotMeWebSocket" name="test_ws_connects_for_mine_items" time="1.239" /><testcase classname="tests.test_realtime_list_screens_iter83.TestSpotMeWebSocket" name="test_ws_broadcast_reaches_mine_list_on_going" time="7.651" /><testcase classname="tests.test_realtime_list_screens_iter83.TestSavedScreenWebSocket" name="test_ws_connects_for_saved_items" time="0.999" /><testcase classname="tests.test_realtime_list_screens_iter83.TestSavedScreenWebSocket" name="test_ws_broadcast_reaches_saved_list_on_join" time="7.325" /><testcase classname="tests.test_realtime_list_screens_iter83.TestCrossUserBroadcast" name="test_coach_going_triggers_ws_update_on_user_ws" time="8.605" /><testcase classname="tests.test_realtime_list_screens_iter83.TestCrossUserBroadcast" name="test_join_updates_participants_count_on_ws" time="8.809" /><testcase classname="tests.test_realtime_list_screens_iter83.TestIsFullBroadcast" name="test_going_response_includes_is_full" time="0.292" /><testcase classname="tests.test_realtime_list_screens_iter83.TestIsFullBroadcast" name="test_ws_broadcast_includes_is_full_field" time="6.581" /></testsuite></testsuites>