<?xml version="1.0" encoding="utf-8"?><testsuites name="pytest tests"><testsuite name="pytest" errors="0" failures="0" skipped="0" tests="15" time="1.669" timestamp="2026-03-10T08:27:28.935043+00:00" hostname="agent-env-87dd06eb-8c64-485d-8700-73dd2fa1b7c4"><testcase classname="tests.test_spotyou_activity.TestActivityFeedStructure" name="test_activity_endpoint_returns_200" time="0.509" /><testcase classname="tests.test_spotyou_activity.TestActivityFeedStructure" name="test_activity_response_has_activities_key" time="0.051" /><testcase classname="tests.test_spotyou_activity.TestActivityFeedStructure" name="test_activity_items_have_required_fields" time="0.151" /><testcase classname="tests.test_spotyou_activity.TestActivityFeedStructure" name="test_activity_types_are_valid" time="0.049" /><testcase classname="tests.test_spotyou_activity.TestActivityFeedStructure" name="test_activity_timestamps_are_iso" time="0.049" /><testcase classname="tests.test_spotyou_activity.TestActivityFeedStructure" name="test_activity_sorted_by_timestamp_desc" time="0.050" /><testcase classname="tests.test_spotyou_activity.TestGoingFilterFutureSessions" name="test_going_activities_have_future_session_dates" time="0.088" /><testcase classname="tests.test_spotyou_activity.TestGoingFilterFutureSessions" name="test_going_action_text_contains_day_name" time="0.049" /><testcase classname="tests.test_spotyou_activity.TestJoinedFilterRecentOnly" name="test_joined_activities_within_30_days" time="0.050" /><testcase classname="tests.test_spotyou_activity.TestJoinedFilterRecentOnly" name="test_joined_action_text_correct" time="0.050" /><testcase classname="tests.test_spotyou_activity.TestActivityNoDuplicates" name="test_no_duplicate_going_for_same_session" time="0.147" /><testcase classname="tests.test_spotyou_activity.TestActivityNoDuplicates" name="test_activity_max_30_items" time="0.048" /><testcase classname="tests.test_spotyou_activity.TestActivityAfterJoinAndGoing" name="test_user_going_appears_in_activity" time="0.097" /><testcase classname="tests.test_spotyou_activity.TestActivityAfterJoinAndGoing" name="test_user_join_appears_in_activity" time="0.098" /><testcase classname="tests.test_spotyou_activity.TestActivityAfterJoinAndGoing" name="test_404_for_nonexistent_spot" time="0.081" /></testsuite></testsuites>