<?xml version="1.0" encoding="utf-8"?><testsuites name="pytest tests"><testsuite name="pytest" errors="0" failures="0" skipped="0" tests="21" time="4.601" timestamp="2026-03-27T11:12:11.515505+00:00" hostname="agent-env-5b22a0ce-b17a-4a6f-903b-f3e2263e0241"><testcase classname="tests.test_product_stepper_iter95.TestTagsRequiredPendingReview" name="test_empty_tag_ids_returns_422" time="0.584" /><testcase classname="tests.test_product_stepper_iter95.TestTagsRequiredPendingReview" name="test_null_tag_ids_returns_422" time="0.143" /><testcase classname="tests.test_product_stepper_iter95.TestTagsRequiredPendingReview" name="test_missing_tag_ids_field_returns_422" time="0.104" /><testcase classname="tests.test_product_stepper_iter95.TestTagsRequiredPendingReview" name="test_valid_tag_ids_pending_review_ok" time="0.208" /><testcase classname="tests.test_product_stepper_iter95.TestTagsNotRequiredForDraft" name="test_draft_without_tag_ids_ok" time="0.249" /><testcase classname="tests.test_product_stepper_iter95.TestTagsNotRequiredForDraft" name="test_draft_with_pricing_modes_and_prices_ok" time="0.376" /><testcase classname="tests.test_product_stepper_iter95.TestSessionRequiresSpotYou" name="test_session_without_spotyou_returns_422" time="0.093" /><testcase classname="tests.test_product_stepper_iter95.TestSessionRequiresSpotYou" name="test_session_without_spotyou_null_returns_422" time="0.100" /><testcase classname="tests.test_product_stepper_iter95.TestSessionRequiresSpotYou" name="test_session_draft_without_spotyou_ok" time="0.209" /><testcase classname="tests.test_product_stepper_iter95.TestPricingModesMaxDurationValidation" name="test_day_mode_without_max_duration_returns_422" time="0.102" /><testcase classname="tests.test_product_stepper_iter95.TestPricingModesMaxDurationValidation" name="test_week_mode_without_max_duration_returns_422" time="0.111" /><testcase classname="tests.test_product_stepper_iter95.TestPricingModesMaxDurationValidation" name="test_hour_mode_no_max_duration_ok" time="0.198" /><testcase classname="tests.test_product_stepper_iter95.TestEditModePreFill" name="test_detail_returns_tag_ids" time="0.100" /><testcase classname="tests.test_product_stepper_iter95.TestEditModePreFill" name="test_detail_returns_pricing_modes" time="0.103" /><testcase classname="tests.test_product_stepper_iter95.TestEditModePreFill" name="test_detail_returns_price_per_fields" time="0.094" /><testcase classname="tests.test_product_stepper_iter95.TestEditModePreFill" name="test_detail_returns_related_spotyou_ids" time="0.098" /><testcase classname="tests.test_product_stepper_iter95.TestProductUpdate" name="test_update_existing_product_draft_ok" time="0.394" /><testcase classname="tests.test_product_stepper_iter95.TestProductUpdate" name="test_update_pricing_modes_with_prices_persisted" time="0.405" /><testcase classname="tests.test_product_stepper_iter95.TestStep7FinalValidation" name="test_final_submit_no_tags_blocked" time="0.094" /><testcase classname="tests.test_product_stepper_iter95.TestStep7FinalValidation" name="test_final_submit_with_tags_succeeds" time="0.215" /><testcase classname="tests.test_product_stepper_iter95.TestAdminDirectPublish" name="test_admin_submit_goes_active" time="0.521" /></testsuite></testsuites>