<?xml version="1.0" encoding="utf-8"?><testsuites name="pytest tests"><testsuite name="pytest" errors="0" failures="0" skipped="0" tests="22" time="3.115" timestamp="2026-03-26T13:18:12.380509+00:00" hostname="agent-env-a151b72d-9d9e-4a6b-a900-568d1a70c802"><testcase classname="tests.test_admin_products_iter91.TestAdminProductAuth" name="test_pending_without_auth_returns_401" time="0.214" /><testcase classname="tests.test_admin_products_iter91.TestAdminProductAuth" name="test_pending_as_user_returns_403" time="0.456" /><testcase classname="tests.test_admin_products_iter91.TestAdminProductAuth" name="test_approve_without_auth_returns_401" time="0.127" /><testcase classname="tests.test_admin_products_iter91.TestAdminProductAuth" name="test_approve_as_user_returns_403" time="0.057" /><testcase classname="tests.test_admin_products_iter91.TestAdminProductAuth" name="test_reject_without_auth_returns_401" time="0.123" /><testcase classname="tests.test_admin_products_iter91.TestListPendingProducts" name="test_pending_returns_200" time="0.471" /><testcase classname="tests.test_admin_products_iter91.TestListPendingProducts" name="test_pending_response_structure" time="0.051" /><testcase classname="tests.test_admin_products_iter91.TestListPendingProducts" name="test_pending_products_have_required_fields" time="0.153" /><testcase classname="tests.test_admin_products_iter91.TestListPendingProducts" name="test_pending_only_returns_pending_status" time="0.057" /><testcase classname="tests.test_admin_products_iter91.TestApproveProduct" name="test_approve_returns_ok_true_and_active_status" time="0.204" /><testcase classname="tests.test_admin_products_iter91.TestApproveProduct" name="test_approve_not_in_pending_list_after" time="0.064" /><testcase classname="tests.test_admin_products_iter91.TestApproveProduct" name="test_approve_nonexistent_product_returns_404" time="0.060" /><testcase classname="tests.test_admin_products_iter91.TestRejectProduct" name="test_reject_with_comment_returns_ok" time="0.179" /><testcase classname="tests.test_admin_products_iter91.TestRejectProduct" name="test_rejected_product_not_in_pending_list" time="0.056" /><testcase classname="tests.test_admin_products_iter91.TestRejectProduct" name="test_reject_without_comment_returns_ok" time="0.291" /><testcase classname="tests.test_admin_products_iter91.TestRejectProduct" name="test_reject_nonexistent_product_returns_404" time="0.056" /><testcase classname="tests.test_admin_products_iter91.TestAdminAutoPublish" name="test_admin_create_pending_review_returns_active" time="0.114" /><testcase classname="tests.test_admin_products_iter91.TestAdminAutoPublish" name="test_admin_create_draft_stays_draft" time="0.104" /><testcase classname="tests.test_admin_products_iter91.TestUserPendingReview" name="test_user_create_pending_review_stays_pending" time="0.054" /><testcase classname="tests.test_admin_products_iter91.TestUserPendingReview" name="test_user_cannot_access_admin_pending" time="0.051" /><testcase classname="tests.test_admin_products_iter91.TestGetProductDetail" name="test_get_product_detail_returns_200" time="0.050" /><testcase classname="tests.test_admin_products_iter91.TestGetProductDetail" name="test_get_nonexistent_product_returns_404" time="0.054" /></testsuite></testsuites>