<?xml version="1.0" encoding="utf-8"?><testsuites name="pytest tests"><testsuite name="pytest" errors="0" failures="0" skipped="0" tests="40" time="25.255" timestamp="2026-03-15T13:44:33.534516+00:00" hostname="agent-env-7d528039-7e19-4926-8d18-3b4f80f0349a"><testcase classname="tests.test_spotyou_participation.TestJoinSpotYou" name="test_join_adds_user_to_community" time="0.487" /><testcase classname="tests.test_spotyou_participation.TestJoinSpotYou" name="test_join_is_idempotent" time="0.145" /><testcase classname="tests.test_spotyou_participation.TestJoinSpotYou" name="test_join_reflected_in_detail" time="0.173" /><testcase classname="tests.test_spotyou_participation.TestAutoJoinWhenGoing" name="test_going_requires_membership" time="0.142" /><testcase classname="tests.test_spotyou_participation.TestAutoJoinWhenGoing" name="test_going_works_after_join" time="0.148" /><testcase classname="tests.test_spotyou_participation.TestAttendanceCreation" name="test_going_creates_attendance_record" time="0.140" /><testcase classname="tests.test_spotyou_participation.TestAttendanceCreation" name="test_going_count_increases" time="0.505" /><testcase classname="tests.test_spotyou_participation.TestAttendanceCreation" name="test_going_is_idempotent" time="0.205" /><testcase classname="tests.test_spotyou_participation.TestCapacityLimit" name="test_create_spotyou_with_capacity" time="0.053" /><testcase classname="tests.test_spotyou_participation.TestCapacityLimit" name="test_capacity_auto_fill_min_from_max" time="0.047" /><testcase classname="tests.test_spotyou_participation.TestCapacityLimit" name="test_capacity_auto_fill_max_from_min" time="0.098" /><testcase classname="tests.test_spotyou_participation.TestMembersList" name="test_members_list_returns_joined_users" time="0.145" /><testcase classname="tests.test_spotyou_participation.TestMembersList" name="test_members_list_shows_creator_first" time="0.184" /><testcase classname="tests.test_spotyou_participation.TestGoingList" name="test_going_list_returns_session_attendees" time="0.187" /><testcase classname="tests.test_spotyou_participation.TestGoingList" name="test_going_list_has_user_fields" time="0.203" /><testcase classname="tests.test_spotyou_participation.TestGoingList" name="test_not_going_removes_attendance" time="0.275" /><testcase classname="tests.test_spotyou_participation.TestTagPointDetailFields" name="test_detail_includes_participation_fields" time="0.143" /><testcase classname="tests.test_spotyou_participation.TestTagPointDetailFields" name="test_detail_non_member_hides_going_count" time="0.147" /><testcase classname="tests.test_spotyou_participation.TestTagPointDetailFields" name="test_detail_includes_next_session_date_for_recurring" time="0.101" /><testcase classname="tests.test_spotyou_websocket_concurrency.TestRegressionLogin" name="test_coach_login" time="0.349" /><testcase classname="tests.test_spotyou_websocket_concurrency.TestRegressionLogin" name="test_user_login" time="0.284" /><testcase classname="tests.test_spotyou_websocket_concurrency.TestRegressionLogin" name="test_invalid_login_returns_401" time="0.053" /><testcase classname="tests.test_spotyou_websocket_concurrency.TestRegressionTagPoints" name="test_get_tag_points_returns_list" time="0.335" /><testcase classname="tests.test_spotyou_websocket_concurrency.TestRegressionTagPoints" name="test_get_tag_points_unauthenticated" time="0.057" /><testcase classname="tests.test_spotyou_websocket_concurrency.TestRegressionTagPoints" name="test_tag_points_have_point_id" time="0.059" /><testcase classname="tests.test_spotyou_websocket_concurrency.TestRegressionGoingList" name="test_going_list_returns_200" time="0.127" /><testcase classname="tests.test_spotyou_websocket_concurrency.TestRegressionGoingList" name="test_going_list_404_for_invalid_id" time="0.057" /><testcase classname="tests.test_spotyou_websocket_concurrency.TestJoinLeaveResponseFields" name="test_join_returns_required_fields" time="0.101" /><testcase classname="tests.test_spotyou_websocket_concurrency.TestJoinLeaveResponseFields" name="test_leave_returns_required_fields" time="0.142" /><testcase classname="tests.test_spotyou_websocket_concurrency.TestJoinLeaveResponseFields" name="test_join_after_leave_increments_count" time="0.194" /><testcase classname="tests.test_spotyou_websocket_concurrency.TestGoingNotGoingResponseFields" name="test_going_returns_required_fields" time="0.166" /><testcase classname="tests.test_spotyou_websocket_concurrency.TestGoingNotGoingResponseFields" name="test_not_going_returns_required_fields" time="0.217" /><testcase classname="tests.test_spotyou_websocket_concurrency.TestGoingNotGoingResponseFields" name="test_going_count_decreases_after_not_going" time="0.199" /><testcase classname="tests.test_spotyou_websocket_concurrency.TestConcurrency" name="test_concurrent_joins_no_duplicate" time="0.395" /><testcase classname="tests.test_spotyou_websocket_concurrency.TestConcurrency" name="test_concurrent_joins_same_count_both_succeed" time="0.223" /><testcase classname="tests.test_spotyou_websocket_concurrency.TestWebSocket" name="test_ws_accepts_connection" time="0.583" /><testcase classname="tests.test_spotyou_websocket_concurrency.TestWebSocket" name="test_ws_closes_on_invalid_token" time="0.331" /><testcase classname="tests.test_spotyou_websocket_concurrency.TestWebSocket" name="test_ws_receives_spotyou_update_after_join" time="6.305" /><testcase classname="tests.test_spotyou_websocket_concurrency.TestWebSocket" name="test_ws_receives_spotyou_update_after_leave" time="6.135" /><testcase classname="tests.test_spotyou_websocket_concurrency.TestWebSocket" name="test_ws_timeout_on_no_auth" time="5.297" /></testsuite></testsuites>