<?xml version="1.0" encoding="utf-8"?><testsuites name="pytest tests"><testsuite name="pytest" errors="0" failures="0" skipped="0" tests="16" time="38.473" timestamp="2026-04-02T10:44:11.168697+00:00" hostname="agent-env-acbaf911-bc01-47ca-b054-a3c95be5cea2"><testcase classname="tests.test_purge_worker.TestMigration011Columns" name="test_pfd_has_status_column" time="1.059" /><testcase classname="tests.test_purge_worker.TestMigration011Columns" name="test_pfd_has_all_tracking_columns" time="1.032" /><testcase classname="tests.test_purge_worker.TestMigration011Columns" name="test_pfd_status_check_constraint" time="0.917" /><testcase classname="tests.test_purge_worker.TestPurgeEndpointProtection" name="test_purge_requires_admin" time="1.559" /><testcase classname="tests.test_purge_worker.TestPurgeEndpointProtection" name="test_purge_requires_auth" time="0.107" /><testcase classname="tests.test_purge_worker.TestPurgeEndpointProtection" name="test_purge_status_requires_admin" time="1.403" /><testcase classname="tests.test_purge_worker.TestPurgeDryRun" name="test_dry_run_default" time="1.724" /><testcase classname="tests.test_purge_worker.TestPurgeDryRun" name="test_dry_run_does_not_modify_db" time="3.188" /><testcase classname="tests.test_purge_worker.TestPurgeDryRun" name="test_dry_run_eligible_count" time="3.053" /><testcase classname="tests.test_purge_worker.TestPurgeStatusEndpoint" name="test_purge_status_structure" time="2.399" /><testcase classname="tests.test_purge_worker.TestPurgeStatusEndpoint" name="test_purge_status_counts_pending" time="3.793" /><testcase classname="tests.test_purge_worker.TestPurgeReal" name="test_purge_real_local_file_missing" time="3.609" /><testcase classname="tests.test_purge_worker.TestPurgeReal" name="test_purge_idempotent_double_run" time="4.137" /><testcase classname="tests.test_purge_worker.TestPurgeReal" name="test_purge_url_vide_skip" time="3.407" /><testcase classname="tests.test_purge_worker.TestPurgeReal" name="test_purge_attempt_count_incremented" time="3.702" /><testcase classname="tests.test_purge_worker.TestPurgeReal" name="test_purge_non_eligible_not_touched" time="3.257" /></testsuite></testsuites>