<?xml version="1.0" encoding="utf-8"?><testsuites name="pytest tests"><testsuite name="pytest" errors="0" failures="0" skipped="0" tests="22" time="3.743" timestamp="2026-03-08T15:53:31.625460+00:00" hostname="agent-env-15136387-3f35-4a68-947d-cc0afd0a4b39"><testcase classname="tests.test_navigation_endpoints_iter54.TestMyBookings" name="test_user_bookings_returns_200" time="1.183" /><testcase classname="tests.test_navigation_endpoints_iter54.TestMyBookings" name="test_user_bookings_returns_list" time="0.159" /><testcase classname="tests.test_navigation_endpoints_iter54.TestMyBookings" name="test_user_bookings_item_has_required_fields" time="0.104" /><testcase classname="tests.test_navigation_endpoints_iter54.TestMyBookings" name="test_coach_bookings_returns_200" time="0.113" /><testcase classname="tests.test_navigation_endpoints_iter54.TestMyBookings" name="test_unauthenticated_returns_401" time="0.135" /><testcase classname="tests.test_navigation_endpoints_iter54.TestMyBookings" name="test_alternate_path_users_me_bookings" time="0.110" /><testcase classname="tests.test_navigation_endpoints_iter54.TestReceivedBookings" name="test_coach_received_returns_200" time="0.140" /><testcase classname="tests.test_navigation_endpoints_iter54.TestReceivedBookings" name="test_coach_received_returns_list" time="0.143" /><testcase classname="tests.test_navigation_endpoints_iter54.TestReceivedBookings" name="test_received_booking_item_has_required_fields" time="0.115" /><testcase classname="tests.test_navigation_endpoints_iter54.TestReceivedBookings" name="test_unauthenticated_returns_401" time="0.100" /><testcase classname="tests.test_navigation_endpoints_iter54.TestReceivedBookings" name="test_user_received_returns_200_or_empty" time="0.095" /><testcase classname="tests.test_navigation_endpoints_iter54.TestReceivedBookings" name="test_alternate_path_receiver_requests" time="0.111" /><testcase classname="tests.test_navigation_endpoints_iter54.TestSubscriptionPlans" name="test_plans_public_access_returns_200" time="0.117" /><testcase classname="tests.test_navigation_endpoints_iter54.TestSubscriptionPlans" name="test_plans_returns_list" time="0.106" /><testcase classname="tests.test_navigation_endpoints_iter54.TestSubscriptionPlans" name="test_plans_item_has_required_fields" time="0.112" /><testcase classname="tests.test_navigation_endpoints_iter54.TestSubscriptionPlans" name="test_plans_only_active_returned" time="0.102" /><testcase classname="tests.test_navigation_endpoints_iter54.TestSubscriptionPlans" name="test_plans_with_auth_also_works" time="0.143" /><testcase classname="tests.test_navigation_endpoints_iter54.TestMySubscription" name="test_user_subscription_returns_200" time="0.106" /><testcase classname="tests.test_navigation_endpoints_iter54.TestMySubscription" name="test_subscription_response_has_correct_shape" time="0.111" /><testcase classname="tests.test_navigation_endpoints_iter54.TestMySubscription" name="test_no_subscription_returns_false" time="0.104" /><testcase classname="tests.test_navigation_endpoints_iter54.TestMySubscription" name="test_unauthenticated_returns_401" time="0.121" /><testcase classname="tests.test_navigation_endpoints_iter54.TestMySubscription" name="test_coach_subscription_returns_200" time="0.108" /></testsuite></testsuites>