<?xml version="1.0" encoding="utf-8"?><testsuites name="pytest tests"><testsuite name="pytest" errors="0" failures="0" skipped="0" tests="14" time="12.789" timestamp="2026-04-11T13:25:38.769186+00:00" hostname="agent-env-4bea0482-b388-4d95-bcb7-889717a8c8d2"><testcase classname="tests.test_private_spotyou_iter111.TestHomeFeedVisibilityType" name="test_home_feed_without_auth_returns_spotyou_list" time="0.836" /><testcase classname="tests.test_private_spotyou_iter111.TestHomeFeedVisibilityType" name="test_home_feed_items_have_visibility_type" time="0.670" /><testcase classname="tests.test_private_spotyou_iter111.TestHomeFeedVisibilityType" name="test_home_feed_private_spotyou_visible_without_auth" time="0.671" /><testcase classname="tests.test_private_spotyou_iter111.TestHomeFeedVisibilityType" name="test_home_feed_with_auth_returns_visibility_type" time="2.379" /><testcase classname="tests.test_private_spotyou_iter111.TestSearchVisibilityType" name="test_search_returns_visibility_type_field" time="0.446" /><testcase classname="tests.test_private_spotyou_iter111.TestSearchVisibilityType" name="test_search_returns_private_spotyou" time="0.507" /><testcase classname="tests.test_private_spotyou_iter111.TestSearchVisibilityType" name="test_search_private_spotyou_visibility_is_private" time="0.479" /><testcase classname="tests.test_private_spotyou_iter111.TestSearchVisibilityType" name="test_search_by_query_padel_returns_private" time="0.447" /><testcase classname="tests.test_private_spotyou_iter111.TestPrivateSpotYouDetail" name="test_detail_no_auth_returns_visibility_type" time="0.805" /><testcase classname="tests.test_private_spotyou_iter111.TestPrivateSpotYouDetail" name="test_detail_with_auth_returns_visibility_type" time="1.498" /><testcase classname="tests.test_private_spotyou_iter111.TestJoinPrivateSpotYou403" name="test_join_private_unauthenticated_returns_401" time="0.112" /><testcase classname="tests.test_private_spotyou_iter111.TestJoinPrivateSpotYou403" name="test_join_private_as_non_member_returns_403" time="1.018" /><testcase classname="tests.test_private_spotyou_iter111.TestJoinPrivateSpotYou403" name="test_join_private_403_error_message" time="1.005" /><testcase classname="tests.test_private_spotyou_iter111.TestJoinPrivateSpotYou403" name="test_join_private_as_owner_returns_error" time="1.831" /></testsuite></testsuites>