<?xml version="1.0" encoding="utf-8"?><testsuites name="pytest tests"><testsuite name="pytest" errors="0" failures="5" skipped="0" tests="9" time="2.550" timestamp="2026-02-28T16:06:51.127257+00:00" hostname="agent-env-a6bccf15-80c9-4512-83cf-71d52b8623df"><testcase classname="backend.tests.test_service_images_iter39.TestServiceImagesGet" name="test_get_service_has_images_field" time="0.600" /><testcase classname="backend.tests.test_service_images_iter39.TestServiceImagesGet" name="test_get_service_no_auth_still_returns_images" time="0.111" /><testcase classname="backend.tests.test_service_images_iter39.TestServiceImagesPut" name="test_put_images_as_owner" time="0.305"><failure message="AssertionError: images should be list, got &lt;class 'str'&gt;&#10;assert False&#10; +  where False = isinstance('[&quot;http://test.com/photo1.jpg&quot;, &quot;http://test.com/photo2.jpg&quot;]', list)">backend/tests/test_service_images_iter39.py:87: in test_put_images_as_owner
    assert isinstance(returned_images, list), f"images should be list, got {type(returned_images)}"
E   AssertionError: images should be list, got &lt;class 'str'&gt;
E   assert False
E    +  where False = isinstance('["http://test.com/photo1.jpg", "http://test.com/photo2.jpg"]', list)</failure></testcase><testcase classname="backend.tests.test_service_images_iter39.TestServiceImagesPut" name="test_put_images_as_nonowner_returns_403" time="0.479" /><testcase classname="backend.tests.test_service_images_iter39.TestServiceImagesPut" name="test_put_empty_images_clears_images" time="0.361"><failure message="AssertionError: images should be list&#10;assert False&#10; +  where False = isinstance('[]', list)">backend/tests/test_service_images_iter39.py:119: in test_put_empty_images_clears_images
    assert isinstance(returned_images, list), f"images should be list"
E   AssertionError: images should be list
E   assert False
E    +  where False = isinstance('[]', list)</failure></testcase><testcase classname="backend.tests.test_service_images_iter39.TestServiceImagesPost" name="test_post_service_with_images" time="0.112"><failure message="AssertionError: images should be list, got &lt;class 'str'&gt;&#10;assert False&#10; +  where False = isinstance('[&quot;http://test.com/img1.jpg&quot;, &quot;http://test.com/img2.jpg&quot;]', list)">backend/tests/test_service_images_iter39.py:163: in test_post_service_with_images
    assert isinstance(returned_images, list), f"images should be list, got {type(returned_images)}"
E   AssertionError: images should be list, got &lt;class 'str'&gt;
E   assert False
E    +  where False = isinstance('["http://test.com/img1.jpg", "http://test.com/img2.jpg"]', list)</failure></testcase><testcase classname="backend.tests.test_service_images_iter39.TestServiceImagesPost" name="test_post_service_images_persisted" time="0.131"><failure message="AssertionError: images should be list&#10;assert False&#10; +  where False = isinstance('[&quot;http://test.com/img1.jpg&quot;, &quot;http://test.com/img2.jpg&quot;]', list)">backend/tests/test_service_images_iter39.py:179: in test_post_service_images_persisted
    assert isinstance(data["images"], list), "images should be list"
E   AssertionError: images should be list
E   assert False
E    +  where False = isinstance('["http://test.com/img1.jpg", "http://test.com/img2.jpg"]', list)</failure></testcase><testcase classname="backend.tests.test_service_images_iter39.TestServiceImagesPost" name="test_cleanup_created_service" time="0.109" /><testcase classname="backend.tests.test_service_images_iter39.TestServiceImagesSeedForFrontend" name="test_seed_images_for_edit_mode" time="0.200"><failure message="AssertionError: Seed not persisted: [&quot;https://images.pexels.com/photos/1552252/pexels-photo-1552252.jpeg&quot;, &quot;https://images.pexels.com/photos/841130/pexels-photo-841130.jpeg&quot;]&#10;assert '[&quot;https://images.pexels.com/photos/1552252/pexels-photo-1552252.jpeg&quot;, &quot;https://images.pexels.com/photos/841130/pexels-photo-841130.jpeg&quot;]' == ['https://images.pexels.com/photos/1552252/pexels-photo-1552252.jpeg', 'https://images.pexels.com/photos/841130/pexels-photo-841130.jpeg']">backend/tests/test_service_images_iter39.py:214: in test_seed_images_for_edit_mode
    assert returned == seed_images, f"Seed not persisted: {returned}"
E   AssertionError: Seed not persisted: ["https://images.pexels.com/photos/1552252/pexels-photo-1552252.jpeg", "https://images.pexels.com/photos/841130/pexels-photo-841130.jpeg"]
E   assert '["https://images.pexels.com/photos/1552252/pexels-photo-1552252.jpeg", "https://images.pexels.com/photos/841130/pexels-photo-841130.jpeg"]' == ['https://images.pexels.com/photos/1552252/pexels-photo-1552252.jpeg', 'https://images.pexels.com/photos/841130/pexels-photo-841130.jpeg']</failure></testcase></testsuite></testsuites>