<?xml version="1.0" encoding="utf-8"?><testsuites name="pytest tests"><testsuite name="pytest" errors="0" failures="0" skipped="0" tests="15" time="0.798" timestamp="2026-02-25T22:17:09.738300+00:00" hostname="agent-env-41a37824-ad11-4469-a924-10797337cc5c"><testcase classname="backend.tests.test_save_feature.TestSaveTagPoint" name="test_save_requires_auth" time="0.254" /><testcase classname="backend.tests.test_save_feature.TestSaveTagPoint" name="test_save_returns_success_and_is_saved_true" time="0.026" /><testcase classname="backend.tests.test_save_feature.TestSaveTagPoint" name="test_save_idempotent" time="0.027" /><testcase classname="backend.tests.test_save_feature.TestUnsaveTagPoint" name="test_unsave_requires_auth" time="0.036" /><testcase classname="backend.tests.test_save_feature.TestUnsaveTagPoint" name="test_unsave_returns_success_and_is_saved_false" time="0.027" /><testcase classname="backend.tests.test_save_feature.TestUnsaveTagPoint" name="test_unsave_when_not_saved_returns_200" time="0.007" /><testcase classname="backend.tests.test_save_feature.TestGetSavedTagPoints" name="test_saved_requires_auth" time="0.006" /><testcase classname="backend.tests.test_save_feature.TestGetSavedTagPoints" name="test_saved_returns_empty_list_initially" time="0.110" /><testcase classname="backend.tests.test_save_feature.TestGetSavedTagPoints" name="test_saved_shows_point_after_save" time="0.035" /><testcase classname="backend.tests.test_save_feature.TestGetSavedTagPoints" name="test_saved_item_has_required_fields" time="0.013" /><testcase classname="backend.tests.test_save_feature.TestGetSavedTagPoints" name="test_saved_removed_after_unsave" time="0.014" /><testcase classname="backend.tests.test_save_feature.TestTagPointDetailIsSaved" name="test_is_saved_false_when_not_saved" time="0.019" /><testcase classname="backend.tests.test_save_feature.TestTagPointDetailIsSaved" name="test_is_saved_true_after_save" time="0.015" /><testcase classname="backend.tests.test_save_feature.TestTagPointDetailIsSaved" name="test_is_saved_false_after_unsave" time="0.015" /><testcase classname="backend.tests.test_save_feature.TestTagPointDetailIsSaved" name="test_is_saved_absent_without_auth" time="0.008" /></testsuite></testsuites>