<?xml version="1.0" encoding="utf-8"?><testsuites name="pytest tests"><testsuite name="pytest" errors="0" failures="0" skipped="0" tests="17" time="3.010" timestamp="2026-02-27T13:53:51.651107+00:00" hostname="agent-env-0edb3169-4e83-4240-b902-4b979d42481e"><testcase classname="backend.tests.test_service_detail_booking_iter21.TestGetServiceById" name="test_service_has_required_top_level_keys" time="0.219" /><testcase classname="backend.tests.test_service_detail_booking_iter21.TestGetServiceById" name="test_service_locations_present_and_valid" time="0.115" /><testcase classname="backend.tests.test_service_detail_booking_iter21.TestGetServiceById" name="test_service_slots_present_and_valid" time="0.119" /><testcase classname="backend.tests.test_service_detail_booking_iter21.TestGetServiceById" name="test_service_coach_present_and_valid" time="0.143" /><testcase classname="backend.tests.test_service_detail_booking_iter21.TestGetServiceById" name="test_service_tags_field_is_list" time="0.118" /><testcase classname="backend.tests.test_service_detail_booking_iter21.TestGetServiceById" name="test_service_demo001_has_required_keys" time="0.101" /><testcase classname="backend.tests.test_service_detail_booking_iter21.TestGetServiceById" name="test_service_not_found_returns_404" time="0.107" /><testcase classname="backend.tests.test_service_detail_booking_iter21.TestCreateBooking" name="test_create_booking_with_slot_and_location" time="0.464" /><testcase classname="backend.tests.test_service_detail_booking_iter21.TestCreateBooking" name="test_create_booking_slot_id_persisted" time="0.119" /><testcase classname="backend.tests.test_service_detail_booking_iter21.TestCreateBooking" name="test_create_booking_notes_persisted" time="0.104" /><testcase classname="backend.tests.test_service_detail_booking_iter21.TestCreateBooking" name="test_create_booking_without_slot_or_location" time="0.129" /><testcase classname="backend.tests.test_service_detail_booking_iter21.TestCreateBooking" name="test_coach_cannot_book_own_service" time="0.506" /><testcase classname="backend.tests.test_service_detail_booking_iter21.TestCreateBooking" name="test_booking_unauthenticated_fails" time="0.116" /><testcase classname="backend.tests.test_service_detail_booking_iter21.TestGetMyBookings" name="test_bookings_mine_returns_list" time="0.141" /><testcase classname="backend.tests.test_service_detail_booking_iter21.TestGetMyBookings" name="test_bookings_mine_has_slot_and_location_ids" time="0.114" /><testcase classname="backend.tests.test_service_detail_booking_iter21.TestGetMyBookings" name="test_bookings_mine_has_service_enrichment" time="0.136" /><testcase classname="backend.tests.test_service_detail_booking_iter21.TestGetMyBookings" name="test_bookings_mine_unauthenticated_fails" time="0.124" /></testsuite></testsuites>