<?xml version="1.0" encoding="utf-8"?><testsuites name="pytest tests"><testsuite name="pytest" errors="0" failures="2" skipped="0" tests="21" time="36.224" timestamp="2026-04-05T16:25:58.908388+00:00" hostname="agent-env-4bea0482-b388-4d95-bcb7-889717a8c8d2"><testcase classname="tests.test_conflict_409_iter110.TestGetJoinRequests" name="test_get_join_requests_as_admin" time="2.328" /><testcase classname="tests.test_conflict_409_iter110.TestGetJoinRequests" name="test_join_requests_have_required_fields" time="1.237" /><testcase classname="tests.test_conflict_409_iter110.TestGetJoinRequests" name="test_get_join_requests_unauth" time="0.120" /><testcase classname="tests.test_conflict_409_iter110.TestGetJoinRequests" name="test_get_join_requests_non_owner" time="1.985" /><testcase classname="tests.test_conflict_409_iter110.TestApprove409Conflict" name="test_approve_pending_user_success" time="3.305" /><testcase classname="tests.test_conflict_409_iter110.TestApprove409Conflict" name="test_approve_409_already_accepted" time="1.212" /><testcase classname="tests.test_conflict_409_iter110.TestApprove409Conflict" name="test_approve_409_message_content" time="1.220" /><testcase classname="tests.test_conflict_409_iter110.TestApprove409Conflict" name="test_approve_unauth" time="0.142" /><testcase classname="tests.test_conflict_409_iter110.TestReject409Conflict" name="test_reject_already_accepted_409" time="0.983" /><testcase classname="tests.test_conflict_409_iter110.TestReject409Conflict" name="test_reject_pending_user_success" time="4.973"><failure message="AssertionError: Expected 200 on reject, got 409: {&quot;detail&quot;:&quot;Cette demande a déjà été traitée.&quot;}&#10;assert 409 == 200&#10; +  where 409 = &lt;Response [409]&gt;.status_code">backend/tests/test_conflict_409_iter110.py:201: in test_reject_pending_user_success
    assert resp.status_code == 200, f"Expected 200 on reject, got {resp.status_code}: {resp.text}"
E   AssertionError: Expected 200 on reject, got 409: {"detail":"Cette demande a déjà été traitée."}
E   assert 409 == 200
E    +  where 409 = &lt;Response [409]&gt;.status_code</failure></testcase><testcase classname="tests.test_conflict_409_iter110.TestReject409Conflict" name="test_reject_already_rejected_409" time="0.999" /><testcase classname="tests.test_conflict_409_iter110.TestReject409Conflict" name="test_reject_non_owner_403" time="0.775" /><testcase classname="tests.test_conflict_409_iter110.TestReject409Conflict" name="test_reject_unauth" time="0.117" /><testcase classname="tests.test_conflict_409_iter110.TestCancelRequest" name="test_cancel_accepted_not_allowed" time="0.790" /><testcase classname="tests.test_conflict_409_iter110.TestCancelRequest" name="test_cancel_pending_request_success" time="5.400" /><testcase classname="tests.test_conflict_409_iter110.TestCancelRequest" name="test_after_cancel_join_status_is_null" time="1.437" /><testcase classname="tests.test_conflict_409_iter110.TestCancelRequest" name="test_cancel_no_pending_returns_error" time="0.797" /><testcase classname="tests.test_conflict_409_iter110.TestNotificationRecipientIsAdmin" name="test_admin_notifications_have_join_request_notifs" time="0.891" /><testcase classname="tests.test_conflict_409_iter110.TestNotificationRecipientIsAdmin" name="test_join_request_notif_has_sender_info" time="0.771" /><testcase classname="tests.test_conflict_409_iter110.TestRestoreState" name="test_restore_cdurand_to_pending" time="1.431" /><testcase classname="tests.test_conflict_409_iter110.TestRestoreState" name="test_restore_coach_to_pending" time="5.192"><failure message="AssertionError: Expected 'pending', got 'rejected'&#10;assert 'rejected' == 'pending'&#10;  &#10;  - pending&#10;  + rejected">backend/tests/test_conflict_409_iter110.py:364: in test_restore_coach_to_pending
    assert current == "pending", f"Expected 'pending', got '{current}'"
E   AssertionError: Expected 'pending', got 'rejected'
E   assert 'rejected' == 'pending'
E     
E     - pending
E     + rejected</failure></testcase></testsuite></testsuites>