<?xml version="1.0" encoding="utf-8"?><testsuites name="pytest tests"><testsuite name="pytest" errors="0" failures="0" skipped="0" tests="16" time="3.239" timestamp="2026-02-27T21:11:26.765990+00:00" hostname="agent-env-1ee6ea84-0009-41d1-9f6f-a36e442929fb"><testcase classname="backend.tests.test_location_id_iter27.TestCreateServiceWithLocationIndex" name="test_create_service_2_locations_returns_200" time="0.631" /><testcase classname="backend.tests.test_location_id_iter27.TestCreateServiceWithLocationIndex" name="test_response_has_2_locations" time="0.188" /><testcase classname="backend.tests.test_location_id_iter27.TestCreateServiceWithLocationIndex" name="test_each_slot_has_location_id" time="0.175" /><testcase classname="backend.tests.test_location_id_iter27.TestCreateServiceWithLocationIndex" name="test_slot_location_index_0_linked_to_location_0" time="0.151" /><testcase classname="backend.tests.test_location_id_iter27.TestCreateServiceWithLocationIndex" name="test_slot_location_index_1_linked_to_location_1" time="0.105" /><testcase classname="backend.tests.test_location_id_iter27.TestCreateServiceWithLocationIndex" name="test_slot_types_and_times_correct" time="0.179" /><testcase classname="backend.tests.test_location_id_iter27.TestUpdateServiceWithLocationIndex" name="test_update_service_new_locations_and_slots" time="0.241" /><testcase classname="backend.tests.test_location_id_iter27.TestUpdateServiceWithLocationIndex" name="test_put_new_locations_persisted" time="0.123" /><testcase classname="backend.tests.test_location_id_iter27.TestUpdateServiceWithLocationIndex" name="test_put_slots_linked_to_new_location_ids" time="0.110" /><testcase classname="backend.tests.test_location_id_iter27.TestUpdateServiceWithLocationIndex" name="test_put_slot_types_preserved" time="0.104" /><testcase classname="backend.tests.test_location_id_iter27.TestUpdateServiceWithLocationIndex" name="test_title_and_price_updated" time="0.201" /><testcase classname="backend.tests.test_location_id_iter27.TestGetServiceLocationId" name="test_get_svc_demo001_slots_have_location_id" time="0.099" /><testcase classname="backend.tests.test_location_id_iter27.TestGetServiceLocationId" name="test_get_svc_demo001_has_locations_array" time="0.182" /><testcase classname="backend.tests.test_location_id_iter27.TestGetServiceLocationId" name="test_newly_created_service_all_slots_have_location_id" time="0.381" /><testcase classname="backend.tests.test_location_id_iter27.TestCleanup" name="test_cleanup_create_test_service" time="0.122" /><testcase classname="backend.tests.test_location_id_iter27.TestCleanup" name="test_cleanup_update_test_service" time="0.124" /></testsuite></testsuites>