<?xml version="1.0" encoding="utf-8"?><testsuites name="pytest tests"><testsuite name="pytest" errors="0" failures="0" skipped="0" tests="9" time="2.239" timestamp="2026-02-28T16:07:43.599345+00:00" hostname="agent-env-a6bccf15-80c9-4512-83cf-71d52b8623df"><testcase classname="backend.tests.test_service_images_iter39.TestServiceImagesGet" name="test_get_service_has_images_field" time="0.531" /><testcase classname="backend.tests.test_service_images_iter39.TestServiceImagesGet" name="test_get_service_no_auth_still_returns_images" time="0.114" /><testcase classname="backend.tests.test_service_images_iter39.TestServiceImagesPut" name="test_put_images_as_owner" time="0.210" /><testcase classname="backend.tests.test_service_images_iter39.TestServiceImagesPut" name="test_put_images_as_nonowner_returns_403" time="0.440" /><testcase classname="backend.tests.test_service_images_iter39.TestServiceImagesPut" name="test_put_empty_images_clears_images" time="0.341" /><testcase classname="backend.tests.test_service_images_iter39.TestServiceImagesPost" name="test_post_service_with_images" time="0.116" /><testcase classname="backend.tests.test_service_images_iter39.TestServiceImagesPost" name="test_post_service_images_persisted" time="0.102" /><testcase classname="backend.tests.test_service_images_iter39.TestServiceImagesPost" name="test_cleanup_created_service" time="0.105" /><testcase classname="backend.tests.test_service_images_iter39.TestServiceImagesSeedForFrontend" name="test_seed_images_for_edit_mode" time="0.225" /></testsuite></testsuites>