<?xml version="1.0" encoding="utf-8"?><testsuites name="pytest tests"><testsuite name="pytest" errors="0" failures="0" skipped="0" tests="14" time="3.124" timestamp="2026-02-27T13:24:57.313056+00:00" hostname="agent-env-0edb3169-4e83-4240-b902-4b979d42481e"><testcase classname="backend.tests.test_services_stepper_iter20.TestHourlyRateRemoved" name="test_coach_profile_no_hourly_rate" time="0.514" /><testcase classname="backend.tests.test_services_stepper_iter20.TestHourlyRateRemoved" name="test_user_profile_no_hourly_rate" time="0.495" /><testcase classname="backend.tests.test_services_stepper_iter20.TestCreateService" name="test_create_service_with_locations_and_slots" time="0.243" /><testcase classname="backend.tests.test_services_stepper_iter20.TestCreateService" name="test_create_service_without_locations_slots" time="0.097" /><testcase classname="backend.tests.test_services_stepper_iter20.TestCreateService" name="test_create_service_requires_coach_role" time="0.123" /><testcase classname="backend.tests.test_services_stepper_iter20.TestGetServices" name="test_get_services_has_locations_and_slots_keys" time="0.178" /><testcase classname="backend.tests.test_services_stepper_iter20.TestGetServices" name="test_get_service_by_id_has_locations_and_slots" time="0.279" /><testcase classname="backend.tests.test_services_stepper_iter20.TestGetServices" name="test_get_my_services_has_locations_and_slots" time="0.117" /><testcase classname="backend.tests.test_services_stepper_iter20.TestGeospatialSearch" name="test_geospatial_search_paris" time="0.141" /><testcase classname="backend.tests.test_services_stepper_iter20.TestGeospatialSearch" name="test_geospatial_search_far_location" time="0.117" /><testcase classname="backend.tests.test_services_stepper_iter20.TestGeospatialSearch" name="test_geospatial_search_invalid_params" time="0.097" /><testcase classname="backend.tests.test_services_stepper_iter20.TestGeospatialSearch" name="test_geospatial_search_large_radius" time="0.110" /><testcase classname="backend.tests.test_services_stepper_iter20.TestServicePersistence" name="test_created_service_locations_persisted" time="0.244" /><testcase classname="backend.tests.test_services_stepper_iter20.TestServiceMine" name="test_mine_contains_newly_created_service" time="0.243" /></testsuite></testsuites>