<?xml version="1.0" encoding="utf-8"?><testsuites name="pytest tests"><testsuite name="pytest" errors="0" failures="0" skipped="0" tests="12" time="2.398" timestamp="2026-02-28T15:25:04.617414+00:00" hostname="agent-env-a6bccf15-80c9-4512-83cf-71d52b8623df"><testcase classname="backend.tests.test_voir_plus_edit_service.TestServiceDetailAPI" name="test_get_service_returns_200" time="0.611" /><testcase classname="backend.tests.test_voir_plus_edit_service.TestServiceDetailAPI" name="test_service_has_5_unique_dates" time="0.101" /><testcase classname="backend.tests.test_voir_plus_edit_service.TestServiceDetailAPI" name="test_voir_plus_logic_4_dates_default_1_more" time="0.137" /><testcase classname="backend.tests.test_voir_plus_edit_service.TestServiceDetailAPI" name="test_service_owner_is_user_demo001" time="0.116" /><testcase classname="backend.tests.test_voir_plus_edit_service.TestServiceDetailAPI" name="test_service_title_is_string" time="0.101" /><testcase classname="backend.tests.test_voir_plus_edit_service.TestServiceDetailAPI" name="test_service_has_description" time="0.106" /><testcase classname="backend.tests.test_voir_plus_edit_service.TestServiceDetailAPI" name="test_service_has_locations" time="0.119" /><testcase classname="backend.tests.test_voir_plus_edit_service.TestEditServiceAPI" name="test_put_service_by_owner_success" time="0.127" /><testcase classname="backend.tests.test_voir_plus_edit_service.TestEditServiceAPI" name="test_put_service_reflects_in_get" time="0.226" /><testcase classname="backend.tests.test_voir_plus_edit_service.TestEditServiceAPI" name="test_put_service_by_non_owner_fails" time="0.436" /><testcase classname="backend.tests.test_voir_plus_edit_service.TestEditServiceAPI" name="test_put_service_unauthenticated_fails" time="0.107" /><testcase classname="backend.tests.test_voir_plus_edit_service.TestEditServiceAPI" name="test_restore_service_title" time="0.105" /></testsuite></testsuites>