<?xml version="1.0" encoding="utf-8"?><testsuites name="pytest tests"><testsuite name="pytest" errors="0" failures="0" skipped="0" tests="12" time="1.456" timestamp="2026-02-27T19:42:50.143282+00:00" hostname="agent-env-c0181bb7-f31f-449a-98d1-84b243dcaa5c"><testcase classname="backend.tests.test_datetimepicker_iter26.TestRecurringSlotCreate" name="test_create_recurring_slot" time="0.541" /><testcase classname="backend.tests.test_datetimepicker_iter26.TestRecurringSlotCreate" name="test_get_recurring_service_persisted" time="0.059" /><testcase classname="backend.tests.test_datetimepicker_iter26.TestRecurringSlotCreate" name="test_cleanup_recurring" time="0.069" /><testcase classname="backend.tests.test_datetimepicker_iter26.TestSingleSlotCreate" name="test_create_single_slot" time="0.058" /><testcase classname="backend.tests.test_datetimepicker_iter26.TestSingleSlotCreate" name="test_get_single_slot_persisted" time="0.056" /><testcase classname="backend.tests.test_datetimepicker_iter26.TestSingleSlotCreate" name="test_cleanup_single" time="0.063" /><testcase classname="backend.tests.test_datetimepicker_iter26.TestAvailabilitySlotCreate" name="test_create_availability_slot" time="0.062" /><testcase classname="backend.tests.test_datetimepicker_iter26.TestAvailabilitySlotCreate" name="test_get_availability_slot_persisted" time="0.063" /><testcase classname="backend.tests.test_datetimepicker_iter26.TestAvailabilitySlotCreate" name="test_cleanup_availability" time="0.061" /><testcase classname="backend.tests.test_datetimepicker_iter26.TestUpdateServiceSlots" name="test_update_demo_service_slots" time="0.124" /><testcase classname="backend.tests.test_datetimepicker_iter26.TestUpdateServiceSlots" name="test_verify_update_persisted" time="0.054" /><testcase classname="backend.tests.test_datetimepicker_iter26.TestUpdateServiceSlots" name="test_restore_demo_service" time="0.124" /></testsuite></testsuites>