<?xml version="1.0" encoding="utf-8"?><testsuites name="pytest tests"><testsuite name="pytest" errors="0" failures="0" skipped="0" tests="11" time="78.907" timestamp="2026-04-04T20:18:34.298480+00:00" hostname="agent-env-4bea0482-b388-4d95-bcb7-889717a8c8d2"><testcase classname="tests.test_016_spotyou_invitations_phase2" name="test_t1_admin_invite_coach_success" time="7.195" /><testcase classname="tests.test_016_spotyou_invitations_phase2" name="test_t2_non_authorized_member_admin_only_403" time="7.136" /><testcase classname="tests.test_016_spotyou_invitations_phase2" name="test_t3_anti_doublon_already_accepted_409" time="9.277" /><testcase classname="tests.test_016_spotyou_invitations_phase2" name="test_t4_anti_doublon_already_invited_409" time="8.073" /><testcase classname="tests.test_016_spotyou_invitations_phase2" name="test_t5_get_my_invitations" time="7.685" /><testcase classname="tests.test_016_spotyou_invitations_phase2" name="test_t6_accept_invitation" time="10.926" /><testcase classname="tests.test_016_spotyou_invitations_phase2" name="test_t7_refuse_invitation" time="8.086" /><testcase classname="tests.test_016_spotyou_invitations_phase2" name="test_t8_user_search_with_is_social" time="1.957" /><testcase classname="tests.test_016_spotyou_invitations_phase2" name="test_t8_user_search_unauthenticated_returns_list" time="0.441" /><testcase classname="tests.test_016_spotyou_invitations_phase2" name="test_t9_accepted_member_can_invite" time="10.674" /><testcase classname="tests.test_016_spotyou_invitations_phase2" name="test_t2b_non_member_admin_and_members_403" time="7.352" /></testsuite></testsuites>