<?xml version="1.0" encoding="utf-8"?><testsuites name="pytest tests"><testsuite name="pytest" errors="0" failures="0" skipped="0" tests="9" time="1.880" timestamp="2026-02-27T14:46:22.158350+00:00" hostname="agent-env-0edb3169-4e83-4240-b902-4b979d42481e"><testcase classname="backend.tests.test_edit_service_iter22.TestGetService" name="test_service_exists_and_has_locations_slots" time="0.624" /><testcase classname="backend.tests.test_edit_service_iter22.TestUpdateScalarsOnly" name="test_put_title_price_only" time="0.109" /><testcase classname="backend.tests.test_edit_service_iter22.TestUpdateScalarsOnly" name="test_verify_persistence_after_scalar_update" time="0.064" /><testcase classname="backend.tests.test_edit_service_iter22.TestUpdateLocationsSlots" name="test_put_with_new_locations_and_slots" time="0.070" /><testcase classname="backend.tests.test_edit_service_iter22.TestUpdateLocationsSlots" name="test_verify_persistence_after_location_slot_update" time="0.073" /><testcase classname="backend.tests.test_edit_service_iter22.TestOwnerCheck" name="test_non_owner_cannot_update_service" time="0.520" /><testcase classname="backend.tests.test_edit_service_iter22.TestOwnerCheck" name="test_unauthenticated_cannot_update_service" time="0.183" /><testcase classname="backend.tests.test_edit_service_iter22.TestOwnerCheck" name="test_service_not_modified_by_non_owner" time="0.053" /><testcase classname="backend.tests.test_edit_service_iter22.TestRestoreOriginalData" name="test_restore_service_to_original" time="0.061" /></testsuite></testsuites>