<?xml version="1.0" encoding="utf-8"?><testsuites name="pytest tests"><testsuite name="pytest" errors="0" failures="0" skipped="0" tests="15" time="22.461" timestamp="2026-04-05T14:47:34.867663+00:00" hostname="agent-env-4bea0482-b388-4d95-bcb7-889717a8c8d2"><testcase classname="tests.test_join_requests_iter109.TestGetJoinRequests" name="test_get_join_requests_unauthenticated_returns_401" time="0.201" /><testcase classname="tests.test_join_requests_iter109.TestGetJoinRequests" name="test_get_join_requests_as_owner_returns_200" time="2.245" /><testcase classname="tests.test_join_requests_iter109.TestGetJoinRequests" name="test_get_join_requests_contains_user_demo003" time="1.215" /><testcase classname="tests.test_join_requests_iter109.TestGetJoinRequests" name="test_get_join_requests_response_structure" time="1.345" /><testcase classname="tests.test_join_requests_iter109.TestGetJoinRequests" name="test_get_join_requests_pending_user_name_is_camille" time="1.227" /><testcase classname="tests.test_join_requests_iter109.TestGetJoinRequests" name="test_get_join_requests_non_member_returns_403" time="2.018" /><testcase classname="tests.test_join_requests_iter109.TestRejectJoinRequest" name="test_reject_unauthenticated_returns_401" time="0.232" /><testcase classname="tests.test_join_requests_iter109.TestRejectJoinRequest" name="test_reject_non_owner_returns_403" time="1.763" /><testcase classname="tests.test_join_requests_iter109.TestRejectJoinRequest" name="test_reject_as_owner_returns_200" time="2.872" /><testcase classname="tests.test_join_requests_iter109.TestRejectJoinRequest" name="test_reject_already_processed_returns_404" time="1.940" /><testcase classname="tests.test_join_requests_iter109.TestApproveJoinRequest" name="test_approve_unauthenticated_returns_401" time="0.117" /><testcase classname="tests.test_join_requests_iter109.TestApproveJoinRequest" name="test_approve_as_owner_returns_200" time="2.600" /><testcase classname="tests.test_join_requests_iter109.TestApproveJoinRequest" name="test_approve_increments_participant_count" time="1.246" /><testcase classname="tests.test_join_requests_iter109.TestApproveJoinRequest" name="test_approve_already_accepted_returns_404" time="1.209" /><testcase classname="tests.test_join_requests_iter109.TestApproveJoinRequest" name="test_restore_pending_for_frontend_tests" time="2.139" /></testsuite></testsuites>