<?xml version="1.0" encoding="utf-8"?><testsuites name="pytest tests"><testsuite name="pytest" errors="0" failures="0" skipped="0" tests="15" time="98.530" timestamp="2026-04-03T22:56:34.989097+00:00" hostname="agent-env-4bea0482-b388-4d95-bcb7-889717a8c8d2"><testcase classname="tests.test_014_spotyou_rules" name="test_r1_public_join_direct" time="5.924" /><testcase classname="tests.test_014_spotyou_rules" name="test_r2_private_admin_approval_pending" time="6.836" /><testcase classname="tests.test_014_spotyou_rules" name="test_r4_admin_approve" time="9.664" /><testcase classname="tests.test_014_spotyou_rules" name="test_r5_admin_reject" time="8.926" /><testcase classname="tests.test_014_spotyou_rules" name="test_r8_double_request_idempotent" time="6.652" /><testcase classname="tests.test_014_spotyou_rules" name="test_r6_members_approval_member_can_approve" time="9.575" /><testcase classname="tests.test_015_spotyou_rules_extra" name="test_pt_demo001_has_new_fields" time="2.559" /><testcase classname="tests.test_015_spotyou_rules_extra" name="test_my_events_only_accepted" time="1.715" /><testcase classname="tests.test_015_spotyou_rules_extra" name="test_pending_requests_returns_200" time="1.710" /><testcase classname="tests.test_015_spotyou_rules_extra" name="test_join_public_spotyou_returns_accepted" time="7.080" /><testcase classname="tests.test_015_spotyou_rules_extra" name="test_join_private_admin_approval_returns_pending" time="5.686" /><testcase classname="tests.test_015_spotyou_rules_extra" name="test_join_requests_forbidden_for_non_admin" time="8.680" /><testcase classname="tests.test_015_spotyou_rules_extra" name="test_approve_returns_success" time="8.447" /><testcase classname="tests.test_015_spotyou_rules_extra" name="test_reject_returns_success" time="7.772" /><testcase classname="tests.test_015_spotyou_rules_extra" name="test_participants_only_accepted" time="7.212" /></testsuite></testsuites>