<?xml version="1.0" encoding="utf-8"?><testsuites name="pytest tests"><testsuite name="pytest" errors="0" failures="0" skipped="0" tests="19" time="3.870" timestamp="2026-02-27T16:09:05.417932+00:00" hostname="agent-env-d86e112c-ccf3-4c3f-a974-47c31569ae87"><testcase classname="backend.tests.test_edit_service_iter23.TestAuth" name="test_coach_login_success" time="0.454" /><testcase classname="backend.tests.test_edit_service_iter23.TestAuth" name="test_coach_login_wrong_password" time="0.355" /><testcase classname="backend.tests.test_edit_service_iter23.TestGetServices" name="test_get_my_services" time="0.469" /><testcase classname="backend.tests.test_edit_service_iter23.TestGetServices" name="test_get_service_by_id" time="0.113" /><testcase classname="backend.tests.test_edit_service_iter23.TestGetServices" name="test_get_service_not_found" time="0.171" /><testcase classname="backend.tests.test_edit_service_iter23.TestGetServices" name="test_get_service_unauthenticated" time="0.104" /><testcase classname="backend.tests.test_edit_service_iter23.TestGetServices" name="test_get_mine_unauthenticated" time="0.109" /><testcase classname="backend.tests.test_edit_service_iter23.TestUpdateService" name="test_put_title_and_price_only" time="0.222" /><testcase classname="backend.tests.test_edit_service_iter23.TestUpdateService" name="test_put_with_tag_ids_as_list" time="0.113" /><testcase classname="backend.tests.test_edit_service_iter23.TestUpdateService" name="test_put_with_empty_tag_ids" time="0.118" /><testcase classname="backend.tests.test_edit_service_iter23.TestUpdateService" name="test_put_with_locations_and_slots" time="0.116" /><testcase classname="backend.tests.test_edit_service_iter23.TestUpdateService" name="test_put_verify_persistence_after_update" time="0.230" /><testcase classname="backend.tests.test_edit_service_iter23.TestUpdateService" name="test_put_non_owner_forbidden" time="0.481" /><testcase classname="backend.tests.test_edit_service_iter23.TestUpdateService" name="test_put_unauthenticated" time="0.112" /><testcase classname="backend.tests.test_edit_service_iter23.TestUpdateService" name="test_put_nonexistent_service" time="0.112" /><testcase classname="backend.tests.test_edit_service_iter23.TestUpdateService" name="test_restore_service_original_state" time="0.116" /><testcase classname="backend.tests.test_edit_service_iter23.TestTagIdsEncoding" name="test_tag_ids_not_double_encoded_after_put" time="0.109" /><testcase classname="backend.tests.test_edit_service_iter23.TestTagIdsEncoding" name="test_frontend_defensive_parsing_works" time="0.116" /><testcase classname="backend.tests.test_edit_service_iter23.TestTagIdsEncoding" name="test_put_tag_ids_string_causes_422" time="0.117" /></testsuite></testsuites>