<?xml version="1.0" encoding="utf-8"?><testsuites name="pytest tests"><testsuite name="pytest" errors="0" failures="0" skipped="0" tests="8" time="3.656" timestamp="2026-02-26T21:33:31.392467+00:00" hostname="agent-env-e9fba46a-7b1a-4212-93d3-bc5fe670ab88"><testcase classname="backend.tests.test_event_end_date.TestCreateTagPointWithEndDate" name="test_create_with_event_end_date" time="0.588" /><testcase classname="backend.tests.test_event_end_date.TestCreateTagPointWithEndDate" name="test_create_without_event_end_date" time="0.139" /><testcase classname="backend.tests.test_event_end_date.TestGetTagPointWithEndDate" name="test_get_returns_event_end_date" time="0.409" /><testcase classname="backend.tests.test_event_end_date.TestGetTagPointWithEndDate" name="test_get_event_end_date_is_null_when_not_set" time="0.276" /><testcase classname="backend.tests.test_event_end_date.TestUpdateTagPointWithEndDate" name="test_update_adds_event_end_date" time="0.253" /><testcase classname="backend.tests.test_event_end_date.TestUpdateTagPointWithEndDate" name="test_update_clears_event_end_date" time="0.517" /><testcase classname="backend.tests.test_event_end_date.TestUpdateTagPointWithEndDate" name="test_update_preserves_event_end_date_when_not_sent" time="0.427" /><testcase classname="backend.tests.test_event_end_date.TestCleanup" name="test_cleanup" time="0.979" /></testsuite></testsuites>