<?xml version="1.0" encoding="utf-8"?><testsuites name="pytest tests"><testsuite name="pytest" errors="0" failures="0" skipped="0" tests="26" time="3.581" timestamp="2026-02-24T16:47:10.563485+00:00" hostname="agent-env-83491315-48a9-4248-80b0-62160cfbe282"><testcase classname="backend.tests.test_winek_api.TestAuth" name="test_login_user_success" time="0.388" /><testcase classname="backend.tests.test_winek_api.TestAuth" name="test_login_coach_success" time="0.314" /><testcase classname="backend.tests.test_winek_api.TestAuth" name="test_login_invalid_credentials" time="0.316" /><testcase classname="backend.tests.test_winek_api.TestAuth" name="test_login_nonexistent_user" time="0.077" /><testcase classname="backend.tests.test_winek_api.TestAuth" name="test_get_me_authenticated" time="0.348" /><testcase classname="backend.tests.test_winek_api.TestAuth" name="test_get_me_unauthenticated" time="0.061" /><testcase classname="backend.tests.test_winek_api.TestAuth" name="test_register_duplicate_email" time="0.071" /><testcase classname="backend.tests.test_winek_api.TestDomains" name="test_get_domains" time="0.077" /><testcase classname="backend.tests.test_winek_api.TestDomains" name="test_get_tags" time="0.072" /><testcase classname="backend.tests.test_winek_api.TestDomains" name="test_get_tags_by_domain" time="0.183" /><testcase classname="backend.tests.test_winek_api.TestDomains" name="test_get_tag_categories" time="0.071" /><testcase classname="backend.tests.test_winek_api.TestTagPoints" name="test_get_tagpoints_without_auth" time="0.085" /><testcase classname="backend.tests.test_winek_api.TestTagPoints" name="test_get_tagpoints_with_auth" time="0.076" /><testcase classname="backend.tests.test_winek_api.TestTagPoints" name="test_create_tagpoint_authenticated" time="0.135" /><testcase classname="backend.tests.test_winek_api.TestTagPoints" name="test_create_tagpoint_unauthenticated" time="0.064" /><testcase classname="backend.tests.test_winek_api.TestTagPoints" name="test_get_tagpoint_by_id" time="0.060" /><testcase classname="backend.tests.test_winek_api.TestTagPoints" name="test_get_my_tagpoints" time="0.075" /><testcase classname="backend.tests.test_winek_api.TestTagPoints" name="test_update_tagpoint" time="0.064" /><testcase classname="backend.tests.test_winek_api.TestTagPoints" name="test_delete_tagpoint" time="0.074" /><testcase classname="backend.tests.test_winek_api.TestServices" name="test_get_services" time="0.071" /><testcase classname="backend.tests.test_winek_api.TestServices" name="test_get_services_near_paris" time="0.076" /><testcase classname="backend.tests.test_winek_api.TestServices" name="test_create_service_coach_only" time="0.061" /><testcase classname="backend.tests.test_winek_api.TestServices" name="test_get_my_services_coach" time="0.363" /><testcase classname="backend.tests.test_winek_api.TestUserProfile" name="test_get_profile_authenticated" time="0.094" /><testcase classname="backend.tests.test_winek_api.TestUserProfile" name="test_update_profile_name" time="0.171" /><testcase classname="backend.tests.test_winek_api.TestUserProfile" name="test_become_coach_already_coach" time="0.080" /></testsuite></testsuites>