<?xml version="1.0" encoding="utf-8"?><testsuites name="pytest tests"><testsuite name="pytest" errors="0" failures="0" skipped="0" tests="9" time="2.640" timestamp="2026-02-27T17:16:37.390096+00:00" hostname="agent-env-d86e112c-ccf3-4c3f-a974-47c31569ae87"><testcase classname="backend.tests.test_slot_types_iter24.TestDBMigration" name="test_get_service_slots_have_slot_type" time="0.439" /><testcase classname="backend.tests.test_slot_types_iter24.TestCreateServiceSlotTypes" name="test_create_service_with_recurring_slot" time="0.689" /><testcase classname="backend.tests.test_slot_types_iter24.TestCreateServiceSlotTypes" name="test_get_service_returns_slot_type_and_slot_date" time="0.114" /><testcase classname="backend.tests.test_slot_types_iter24.TestCreateServiceSlotTypes" name="test_create_service_with_single_slot" time="0.243" /><testcase classname="backend.tests.test_slot_types_iter24.TestCreateServiceSlotTypes" name="test_create_service_with_availability_slot" time="0.149" /><testcase classname="backend.tests.test_slot_types_iter24.TestUpdateServiceSlotTypes" name="test_put_service_with_recurring_slot" time="0.235" /><testcase classname="backend.tests.test_slot_types_iter24.TestUpdateServiceSlotTypes" name="test_put_service_with_single_slot" time="0.106" /><testcase classname="backend.tests.test_slot_types_iter24.TestUpdateServiceSlotTypes" name="test_put_service_verify_slot_persistence" time="0.325" /><testcase classname="backend.tests.test_slot_types_iter24.TestCleanup" name="test_cleanup_created_service" time="0.225" /></testsuite></testsuites>