<?xml version="1.0" encoding="utf-8"?><testsuites name="pytest tests"><testsuite name="pytest" errors="0" failures="0" skipped="0" tests="7" time="52.555" timestamp="2026-04-04T18:55:55.029652+00:00" hostname="agent-env-4bea0482-b388-4d95-bcb7-889717a8c8d2"><testcase classname="tests.test_014_spotyou_rules" name="test_r1_public_join_direct" time="6.123" /><testcase classname="tests.test_014_spotyou_rules" name="test_r2_private_join_blocked" time="5.527" /><testcase classname="tests.test_014_spotyou_rules" name="test_r3_public_admin_approval_pending" time="6.894" /><testcase classname="tests.test_014_spotyou_rules" name="test_r4_admin_approve" time="9.577" /><testcase classname="tests.test_014_spotyou_rules" name="test_r5_admin_reject" time="8.971" /><testcase classname="tests.test_014_spotyou_rules" name="test_r8_double_request_idempotent" time="6.651" /><testcase classname="tests.test_014_spotyou_rules" name="test_r6_members_approval_member_can_approve" time="8.716" /></testsuite></testsuites>