<?xml version="1.0" encoding="utf-8"?><testsuites name="pytest tests"><testsuite name="pytest" errors="0" failures="0" skipped="0" tests="15" time="3.355" timestamp="2026-02-28T12:02:13.941436+00:00" hostname="agent-env-e95031d6-e1af-4c3a-82af-6ed77e5642d6"><testcase classname="backend.tests.test_service_domain_tags_iter29.TestDomains" name="test_get_domains_returns_list" time="0.286" /><testcase classname="backend.tests.test_service_domain_tags_iter29.TestDomains" name="test_get_domains_structure" time="0.149" /><testcase classname="backend.tests.test_service_domain_tags_iter29.TestDomains" name="test_dom_sport_exists" time="0.153" /><testcase classname="backend.tests.test_service_domain_tags_iter29.TestTagCategories" name="test_get_categories_all" time="0.167" /><testcase classname="backend.tests.test_service_domain_tags_iter29.TestTagCategories" name="test_get_categories_by_domain" time="0.158" /><testcase classname="backend.tests.test_service_domain_tags_iter29.TestTagCategories" name="test_categories_have_tags" time="0.154" /><testcase classname="backend.tests.test_service_domain_tags_iter29.TestTagCategories" name="test_tags_have_required_fields" time="0.152" /><testcase classname="backend.tests.test_service_domain_tags_iter29.TestTagCategories" name="test_get_first_tag_id" time="0.150" /><testcase classname="backend.tests.test_service_domain_tags_iter29.TestCreateServiceNewFlow" name="test_create_service_with_domain_and_tags" time="0.676" /><testcase classname="backend.tests.test_service_domain_tags_iter29.TestCreateServiceNewFlow" name="test_created_service_has_tags_resolved" time="0.069" /><testcase classname="backend.tests.test_service_domain_tags_iter29.TestCreateServiceNewFlow" name="test_create_service_with_domain_no_tags" time="0.079" /><testcase classname="backend.tests.test_service_domain_tags_iter29.TestCreateServiceNewFlow" name="test_create_service_with_multiple_tags" time="0.228" /><testcase classname="backend.tests.test_service_domain_tags_iter29.TestCreateServiceNewFlow" name="test_create_service_with_slot_in_package" time="0.221" /><testcase classname="backend.tests.test_service_domain_tags_iter29.TestScoreComputation" name="test_score_criteria_all_met" time="0.220" /><testcase classname="backend.tests.test_service_domain_tags_iter29.TestCleanup" name="test_cleanup_test_services_iter29" time="0.372" /></testsuite></testsuites>