<?xml version="1.0" encoding="utf-8"?><testsuites name="pytest tests"><testsuite name="pytest" errors="0" failures="1" skipped="0" tests="15" time="2.410" timestamp="2026-02-26T09:07:12.750083+00:00" hostname="agent-env-f96f6921-1654-4761-8a01-b78aae922534"><testcase classname="backend.tests.test_tagpoint_create.TestCreateTagPoint" name="test_create_tagpoint_basic" time="0.572" /><testcase classname="backend.tests.test_tagpoint_create.TestCreateTagPoint" name="test_create_tagpoint_with_images_empty" time="0.066"><failure message="AssertionError: images should be [] or None, got []&#10;assert ('[]' == [] or '[]' is None)&#10; +  where '[]' = &lt;built-in method get of dict object at 0xf9306b757580&gt;('images')&#10; +    where &lt;built-in method get of dict object at 0xf9306b757580&gt; = {'active': True, 'created_at': '2026-02-26T09:07:13.471600+00:00', 'description': 'Testing images field', 'domain_id': 'dom_sport', ...}.get&#10; +  and   '[]' = &lt;built-in method get of dict object at 0xf9306b757580&gt;('images')&#10; +    where &lt;built-in method get of dict object at 0xf9306b757580&gt; = {'active': True, 'created_at': '2026-02-26T09:07:13.471600+00:00', 'description': 'Testing images field', 'domain_id': 'dom_sport', ...}.get">backend/tests/test_tagpoint_create.py:116: in test_create_tagpoint_with_images_empty
    assert data.get("images") == [] or data.get("images") is None, f"images should be [] or None, got {data.get('images')}"
E   AssertionError: images should be [] or None, got []
E   assert ('[]' == [] or '[]' is None)
E    +  where '[]' = &lt;built-in method get of dict object at 0xf9306b757580&gt;('images')
E    +    where &lt;built-in method get of dict object at 0xf9306b757580&gt; = {'active': True, 'created_at': '2026-02-26T09:07:13.471600+00:00', 'description': 'Testing images field', 'domain_id': 'dom_sport', ...}.get
E    +  and   '[]' = &lt;built-in method get of dict object at 0xf9306b757580&gt;('images')
E    +    where &lt;built-in method get of dict object at 0xf9306b757580&gt; = {'active': True, 'created_at': '2026-02-26T09:07:13.471600+00:00', 'description': 'Testing images field', 'domain_id': 'dom_sport', ...}.get</failure></testcase><testcase classname="backend.tests.test_tagpoint_create.TestCreateTagPoint" name="test_create_tagpoint_with_description" time="0.114" /><testcase classname="backend.tests.test_tagpoint_create.TestCreateTagPoint" name="test_create_tagpoint_precision_100m" time="0.101" /><testcase classname="backend.tests.test_tagpoint_create.TestCreateTagPoint" name="test_create_tagpoint_precision_1000m" time="0.097" /><testcase classname="backend.tests.test_tagpoint_create.TestCreateTagPoint" name="test_create_tagpoint_with_event_date" time="0.105" /><testcase classname="backend.tests.test_tagpoint_create.TestCreateTagPoint" name="test_create_tagpoint_with_recurring_schedule" time="0.096" /><testcase classname="backend.tests.test_tagpoint_create.TestCreateTagPoint" name="test_create_tagpoint_all_domains" time="0.442" /><testcase classname="backend.tests.test_tagpoint_create.TestCreateTagPoint" name="test_create_tagpoint_unauthenticated" time="0.048" /><testcase classname="backend.tests.test_tagpoint_create.TestCreateTagPoint" name="test_create_tagpoint_missing_title" time="0.048" /><testcase classname="backend.tests.test_tagpoint_create.TestGetTagPoints" name="test_get_tagpoints_returns_list" time="0.057" /><testcase classname="backend.tests.test_tagpoint_create.TestGetTagPoints" name="test_get_tagpoints_has_required_fields" time="0.047" /><testcase classname="backend.tests.test_tagpoint_create.TestGetTagPoints" name="test_get_tagpoint_created_is_retrievable" time="0.278" /><testcase classname="backend.tests.test_tagpoint_create.TestGetTagPoints" name="test_get_tagpoints_with_tags" time="0.157" /><testcase classname="backend.tests.test_tagpoint_create.TestGetTagPoints" name="test_cleanup_test_basic_point" time="0.049" /></testsuite></testsuites>