<?xml version="1.0" encoding="utf-8"?><testsuites name="pytest tests"><testsuite name="pytest" errors="0" failures="0" skipped="0" tests="15" time="2.415" timestamp="2026-02-26T09:08:09.210013+00:00" hostname="agent-env-f96f6921-1654-4761-8a01-b78aae922534"><testcase classname="backend.tests.test_tagpoint_create.TestCreateTagPoint" name="test_create_tagpoint_basic" time="0.553" /><testcase classname="backend.tests.test_tagpoint_create.TestCreateTagPoint" name="test_create_tagpoint_with_images_empty" time="0.112" /><testcase classname="backend.tests.test_tagpoint_create.TestCreateTagPoint" name="test_create_tagpoint_with_description" time="0.132" /><testcase classname="backend.tests.test_tagpoint_create.TestCreateTagPoint" name="test_create_tagpoint_precision_100m" time="0.142" /><testcase classname="backend.tests.test_tagpoint_create.TestCreateTagPoint" name="test_create_tagpoint_precision_1000m" time="0.100" /><testcase classname="backend.tests.test_tagpoint_create.TestCreateTagPoint" name="test_create_tagpoint_with_event_date" time="0.097" /><testcase classname="backend.tests.test_tagpoint_create.TestCreateTagPoint" name="test_create_tagpoint_with_recurring_schedule" time="0.101" /><testcase classname="backend.tests.test_tagpoint_create.TestCreateTagPoint" name="test_create_tagpoint_all_domains" time="0.435" /><testcase classname="backend.tests.test_tagpoint_create.TestCreateTagPoint" name="test_create_tagpoint_unauthenticated" time="0.048" /><testcase classname="backend.tests.test_tagpoint_create.TestCreateTagPoint" name="test_create_tagpoint_missing_title" time="0.046" /><testcase classname="backend.tests.test_tagpoint_create.TestGetTagPoints" name="test_get_tagpoints_returns_list" time="0.059" /><testcase classname="backend.tests.test_tagpoint_create.TestGetTagPoints" name="test_get_tagpoints_has_required_fields" time="0.051" /><testcase classname="backend.tests.test_tagpoint_create.TestGetTagPoints" name="test_get_tagpoint_created_is_retrievable" time="0.262" /><testcase classname="backend.tests.test_tagpoint_create.TestGetTagPoints" name="test_get_tagpoints_with_tags" time="0.140" /><testcase classname="backend.tests.test_tagpoint_create.TestGetTagPoints" name="test_cleanup_test_basic_point" time="0.068" /></testsuite></testsuites>