<?xml version="1.0" encoding="utf-8"?><testsuites name="pytest tests"><testsuite name="pytest" errors="0" failures="0" skipped="3" tests="23" time="49.886" timestamp="2026-04-02T09:35:48.344580+00:00" hostname="agent-env-acbaf911-bc01-47ca-b054-a3c95be5cea2"><testcase classname="tests.test_deletion_strategy.TestPhase2Migrations" name="test_conversations_context_deleted_column" time="1.040" /><testcase classname="tests.test_deletion_strategy.TestPhase2Migrations" name="test_conversations_deleted_at_column" time="1.038" /><testcase classname="tests.test_deletion_strategy.TestPhase2Migrations" name="test_messages_deleted_at_column" time="1.032" /><testcase classname="tests.test_deletion_strategy.TestPhase2Migrations" name="test_users_soft_delete_columns" time="1.030" /><testcase classname="tests.test_deletion_strategy.TestPhase2Migrations" name="test_pending_file_deletions_table" time="1.020" /><testcase classname="tests.test_deletion_strategy.TestPhase2Migrations" name="test_messages_sender_id_fk_set_null" time="1.015" /><testcase classname="tests.test_deletion_strategy.TestPhase2Migrations" name="test_reviews_snapshots_columns" time="1.058" /><testcase classname="tests.test_deletion_strategy.TestPhase1ContextDeleted" name="test_conversations_has_context_deleted_field" time="2.912" /><testcase classname="tests.test_deletion_strategy.TestPhase1ContextDeleted" name="test_orphan_conversation_marked_context_deleted" time="2.063" /><testcase classname="tests.test_deletion_strategy.TestPhase1ContextDeleted" name="test_deleted_conversations_excluded" time="2.052" /><testcase classname="tests.test_deletion_strategy.TestPhase3DeleteTagPoint" name="test_delete_tag_point_unauthorized" time="4.075" /><testcase classname="tests.test_deletion_strategy.TestPhase3DeleteTagPoint" name="test_delete_tag_point_not_found" time="1.703" /><testcase classname="tests.test_deletion_strategy.TestPhase3DeleteMessage" name="test_delete_message_not_found" time="1.719" /><testcase classname="tests.test_deletion_strategy.TestPhase3DeleteMessage" name="test_delete_message_unauthorized" time="8.486"><skipped type="pytest.skip" message="Aucun message d'un autre user trouvé dans les conversations">/app/backend/tests/test_deletion_strategy.py:316: Aucun message d'un autre user trouvé dans les conversations</skipped></testcase><testcase classname="tests.test_deletion_strategy.TestPhase3ServiceDeleteGuard" name="test_delete_service_not_found" time="1.724" /><testcase classname="tests.test_deletion_strategy.TestPhase3ServiceDeleteGuard" name="test_delete_service_unauthorized" time="4.799" /><testcase classname="tests.test_deletion_strategy.TestPhase3LeaveConversation" name="test_leave_conversation_not_member" time="1.754" /><testcase classname="tests.test_deletion_strategy.TestPhase3LeaveConversation" name="test_leave_conversation_success" time="2.063"><skipped type="pytest.skip" message="Test leave skipped pour préserver les données de test">/app/backend/tests/test_deletion_strategy.py:402: Test leave skipped pour préserver les données de test</skipped></testcase><testcase classname="tests.test_deletion_strategy.TestPhase3MessagesSoftDelete" name="test_messages_use_left_join_no_crash" time="3.429" /><testcase classname="tests.test_deletion_strategy.TestPhase3MessagesSoftDelete" name="test_context_deleted_conv_messages_accessible_readonly" time="1.743" /><testcase classname="tests.test_deletion_strategy.TestPhase3DeleteUser" name="test_delete_user_unauthorized" time="2.319" /><testcase classname="tests.test_deletion_strategy.TestPhase3DeleteUser" name="test_delete_user_not_found" time="1.696" /><testcase classname="tests.test_deletion_strategy.TestPhase3DeleteUser" name="test_delete_user_cannot_delete_admin" time="0.001"><skipped type="pytest.skip" message="Test skip pour préserver le compte admin de test">/app/backend/tests/test_deletion_strategy.py:483: Test skip pour préserver le compte admin de test</skipped></testcase></testsuite></testsuites>