<?xml version="1.0" encoding="utf-8"?><testsuites name="pytest tests"><testsuite name="pytest" errors="0" failures="0" skipped="0" tests="16" time="3.879" timestamp="2026-02-28T11:29:54.541762+00:00" hostname="agent-env-e95031d6-e1af-4c3a-82af-6ed77e5642d6"><testcase classname="backend.tests.test_service_packages_iter28.TestAuth" name="test_coach_login" time="0.393" /><testcase classname="backend.tests.test_service_packages_iter28.TestAuth" name="test_user_login" time="0.377" /><testcase classname="backend.tests.test_service_packages_iter28.TestAuth" name="test_invalid_credentials" time="0.368" /><testcase classname="backend.tests.test_service_packages_iter28.TestCreateServiceWithPackages" name="test_create_service_single_package" time="0.544" /><testcase classname="backend.tests.test_service_packages_iter28.TestCreateServiceWithPackages" name="test_create_service_multiple_packages" time="0.084" /><testcase classname="backend.tests.test_service_packages_iter28.TestCreateServiceWithPackages" name="test_service_price_computed_from_packages" time="0.086" /><testcase classname="backend.tests.test_service_packages_iter28.TestCreateServiceWithPackages" name="test_create_service_all_package_types" time="0.080" /><testcase classname="backend.tests.test_service_packages_iter28.TestCreateServiceWithPackages" name="test_create_service_with_location" time="0.080" /><testcase classname="backend.tests.test_service_packages_iter28.TestCreateServiceWithPackages" name="test_create_service_without_auth" time="0.162" /><testcase classname="backend.tests.test_service_packages_iter28.TestCreateServiceWithPackages" name="test_create_service_user_cannot_create" time="0.530" /><testcase classname="backend.tests.test_service_packages_iter28.TestCreateServiceWithPackages" name="test_get_created_service_has_packages" time="0.074" /><testcase classname="backend.tests.test_service_packages_iter28.TestGetServices" name="test_get_services_list" time="0.147" /><testcase classname="backend.tests.test_service_packages_iter28.TestGetServices" name="test_get_my_services_requires_auth" time="0.152" /><testcase classname="backend.tests.test_service_packages_iter28.TestGetServices" name="test_get_my_services_coach" time="0.086" /><testcase classname="backend.tests.test_service_packages_iter28.TestGetServices" name="test_get_services_have_packages_field" time="0.153" /><testcase classname="backend.tests.test_service_packages_iter28.TestCleanup" name="test_cleanup_test_services" time="0.439" /></testsuite></testsuites>