<?xml version="1.0" encoding="utf-8"?><testsuites name="pytest tests"><testsuite name="pytest" errors="0" failures="0" skipped="0" tests="26" time="2.757" timestamp="2026-02-26T09:13:23.332256+00:00" hostname="agent-env-f96f6921-1654-4761-8a01-b78aae922534"><testcase classname="backend.tests.test_winek_api.TestAuth" name="test_login_user_success" time="0.376" /><testcase classname="backend.tests.test_winek_api.TestAuth" name="test_login_coach_success" time="0.270" /><testcase classname="backend.tests.test_winek_api.TestAuth" name="test_login_invalid_credentials" time="0.268" /><testcase classname="backend.tests.test_winek_api.TestAuth" name="test_login_nonexistent_user" time="0.042" /><testcase classname="backend.tests.test_winek_api.TestAuth" name="test_get_me_authenticated" time="0.311" /><testcase classname="backend.tests.test_winek_api.TestAuth" name="test_get_me_unauthenticated" time="0.044" /><testcase classname="backend.tests.test_winek_api.TestAuth" name="test_register_duplicate_email" time="0.045" /><testcase classname="backend.tests.test_winek_api.TestDomains" name="test_get_domains" time="0.052" /><testcase classname="backend.tests.test_winek_api.TestDomains" name="test_get_tags" time="0.052" /><testcase classname="backend.tests.test_winek_api.TestDomains" name="test_get_tags_by_domain" time="0.092" /><testcase classname="backend.tests.test_winek_api.TestDomains" name="test_get_tag_categories" time="0.043" /><testcase classname="backend.tests.test_winek_api.TestTagPoints" name="test_get_tagpoints_without_auth" time="0.052" /><testcase classname="backend.tests.test_winek_api.TestTagPoints" name="test_get_tagpoints_with_auth" time="0.051" /><testcase classname="backend.tests.test_winek_api.TestTagPoints" name="test_create_tagpoint_authenticated" time="0.092" /><testcase classname="backend.tests.test_winek_api.TestTagPoints" name="test_create_tagpoint_unauthenticated" time="0.051" /><testcase classname="backend.tests.test_winek_api.TestTagPoints" name="test_get_tagpoint_by_id" time="0.046" /><testcase classname="backend.tests.test_winek_api.TestTagPoints" name="test_get_my_tagpoints" time="0.054" /><testcase classname="backend.tests.test_winek_api.TestTagPoints" name="test_update_tagpoint" time="0.047" /><testcase classname="backend.tests.test_winek_api.TestTagPoints" name="test_delete_tagpoint" time="0.045" /><testcase classname="backend.tests.test_winek_api.TestServices" name="test_get_services" time="0.047" /><testcase classname="backend.tests.test_winek_api.TestServices" name="test_get_services_near_paris" time="0.046" /><testcase classname="backend.tests.test_winek_api.TestServices" name="test_create_service_coach_only" time="0.043" /><testcase classname="backend.tests.test_winek_api.TestServices" name="test_get_my_services_coach" time="0.325" /><testcase classname="backend.tests.test_winek_api.TestUserProfile" name="test_get_profile_authenticated" time="0.045" /><testcase classname="backend.tests.test_winek_api.TestUserProfile" name="test_update_profile_name" time="0.091" /><testcase classname="backend.tests.test_winek_api.TestUserProfile" name="test_become_coach_already_coach" time="0.045" /></testsuite></testsuites>